<?xml version="1.0" encoding="UTF-8"?>
<robot generator="Robot 7.3.2 (Python 3.13.5 on win32)" generated="2025-07-09T15:08:45.468333" rpa="false" schemaversion="5">
<suite id="s1" name="Teste Carrinho Negativo" source="C:\Users\willi\Desktop\projeto_api_serverest\Tests\teste_carrinho_negativo.robot">
<kw name="Criar Sessão e Cadastrar/Logar/CadastrarProduto" owner="api_session" type="SETUP">
<kw name="Criar Sessão" owner="api_session">
<kw name="Create Session" owner="RequestsLibrary">
<msg time="2025-07-09T15:08:45.816936" level="INFO">Creating Session using : alias=ServeRest, url=https://serverest.dev, headers={},                     cookies={}, auth=None, timeout=None, proxies=None, verify=False,                     debug=0 </msg>
<arg>alias=ServeRest</arg>
<arg>url=https://serverest.dev</arg>
<doc>Create Session: create a HTTP session to a server</doc>
<status status="PASS" start="2025-07-09T15:08:45.816823" elapsed="0.000262"/>
</kw>
<status status="PASS" start="2025-07-09T15:08:45.816292" elapsed="0.000864"/>
</kw>
<kw name="Cadastrar Usuário" owner="usuario">
<kw name="Criar Body" owner="api_session">
<kw name="Create Dictionary" owner="BuiltIn">
<msg time="2025-07-09T15:08:45.817978" level="INFO">${body} = {'nome': 'WilliamTeste', 'email': 'william@teste.com.br', 'password': 'teste123456', 'administrador': 'true'}</msg>
<var>${body}</var>
<arg>nome=${nome}</arg>
<arg>email=${email}</arg>
<arg>password=${password}</arg>
<arg>administrador=${administrador}</arg>
<doc>Creates and returns a dictionary based on the given ``items``.</doc>
<status status="PASS" start="2025-07-09T15:08:45.817679" elapsed="0.000321"/>
</kw>
<return>
<value>${body}</value>
<status status="PASS" start="2025-07-09T15:08:45.818044" elapsed="0.000034"/>
</return>
<msg time="2025-07-09T15:08:45.818174" level="INFO">${body} = {'nome': 'WilliamTeste', 'email': 'william@teste.com.br', 'password': 'teste123456', 'administrador': 'true'}</msg>
<var>${body}</var>
<arg>${nome}</arg>
<arg>${email}</arg>
<arg>${senha}</arg>
<arg>${admin}</arg>
<status status="PASS" start="2025-07-09T15:08:45.817400" elapsed="0.000792"/>
</kw>
<kw name="Criar Header" owner="api_session">
<kw name="Create Dictionary" owner="BuiltIn">
<msg time="2025-07-09T15:08:45.818552" level="INFO">${header} = {'Content-Type': 'application/json', 'Authorization': ''}</msg>
<var>${header}</var>
<arg>Content-Type=application/json</arg>
<arg>Authorization=${token}</arg>
<doc>Creates and returns a dictionary based on the given ``items``.</doc>
<status status="PASS" start="2025-07-09T15:08:45.818419" elapsed="0.000150"/>
</kw>
<return>
<value>${header}</value>
<status status="PASS" start="2025-07-09T15:08:45.818604" elapsed="0.000022"/>
</return>
<msg time="2025-07-09T15:08:45.818706" level="INFO">${header} = {'Content-Type': 'application/json', 'Authorization': ''}</msg>
<var>${header}</var>
<status status="PASS" start="2025-07-09T15:08:45.818292" elapsed="0.000431"/>
</kw>
<kw name="Criar Response Post" owner="api_session">
<kw name="POST On Session" owner="RequestsLibrary">
<msg time="2025-07-09T15:08:46.286003" level="INFO">POST Request : url=https://serverest.dev/usuarios 
 path_url=/usuarios 
 headers={'User-Agent': 'python-requests/2.32.4', 'Accept-Encoding': 'gzip, deflate', 'Accept': '*/*', 'Connection': 'keep-alive', 'Content-Type': 'application/json', 'Authorization': '', 'Content-Length': '109'} 
 body=b'{"nome": "WilliamTeste", "email": "william@teste.com.br", "password": "teste123456", "administrador": "true"}' 
 </msg>
<msg time="2025-07-09T15:08:46.286115" level="INFO">POST Response : url=https://serverest.dev/usuarios 
 status=201, reason=Created 
 headers={'access-control-allow-origin': '*', 'x-dns-prefetch-control': 'off', 'x-frame-options': 'SAMEORIGIN', 'strict-transport-security': 'max-age=15552000; includeSubDomains', 'x-download-options': 'noopen', 'x-content-type-options': 'nosniff', 'x-xss-protection': '1; mode=block', 'content-type': 'application/json; charset=utf-8', 'x-cloud-trace-context': 'e845d90772338cbfa7d1cfa562b234ea;o=1', 'date': 'Wed, 09 Jul 2025 18:08:46 GMT', 'server': 'Google Frontend', 'Content-Length': '82'} 
 body={
    "message": "Cadastro realizado com sucesso",
    "_id": "stWzTxqsWMdjfy9o"
} 
 </msg>
<msg time="2025-07-09T15:08:46.286185" level="INFO">C:\Users\willi\Desktop\projeto_api_serverest\Venv\Lib\site-packages\urllib3\connectionpool.py:1097: InsecureRequestWarning: Unverified HTTPS request is being made to host 'serverest.dev'. Adding certificate verification is strongly advised. See: https://urllib3.readthedocs.io/en/latest/advanced-usage.html#tls-warnings
  warnings.warn(</msg>
<msg time="2025-07-09T15:08:46.286583" level="INFO">${response} = &lt;Response [201]&gt;</msg>
<var>${response}</var>
<arg>alias=ServeRest</arg>
<arg>url=${pagina}</arg>
<arg>headers=${header}</arg>
<arg>json=${body}</arg>
<arg>expected_status=${expected_status}</arg>
<doc>Sends a POST request on a previously created HTTP Session.</doc>
<status status="PASS" start="2025-07-09T15:08:45.818990" elapsed="0.467650"/>
</kw>
<return>
<value>${response}</value>
<status status="PASS" start="2025-07-09T15:08:46.286721" elapsed="0.000067"/>
</return>
<msg time="2025-07-09T15:08:46.286915" level="INFO">${response} = &lt;Response [201]&gt;</msg>
<var>${response}</var>
<arg>/usuarios</arg>
<arg>201</arg>
<arg>${header}</arg>
<arg>${body}</arg>
<status status="PASS" start="2025-07-09T15:08:45.818808" elapsed="0.468130"/>
</kw>
<kw name="Set Variable" owner="BuiltIn">
<msg time="2025-07-09T15:08:46.287492" level="INFO">${id} = stWzTxqsWMdjfy9o</msg>
<var>${id}</var>
<arg>${response.json()['_id']}</arg>
<doc>Returns the given values which can then be assigned to a variables.</doc>
<status status="PASS" start="2025-07-09T15:08:46.287073" elapsed="0.000439"/>
</kw>
<kw name="Create File" owner="OperatingSystem">
<msg time="2025-07-09T15:08:46.288299" level="INFO" html="true">Created file '&lt;a href="file://C:\Users\willi\Desktop\projeto_api_serverest\TempFiles\id_usuario.txt"&gt;C:\Users\willi\Desktop\projeto_api_serverest\TempFiles\id_usuario.txt&lt;/a&gt;'.</msg>
<arg>${EXECDIR}/TempFiles/id_usuario.txt</arg>
<arg>${id}</arg>
<doc>Creates a file with the given content and encoding.</doc>
<status status="PASS" start="2025-07-09T15:08:46.287587" elapsed="0.000793"/>
</kw>
<kw name="Set Global Variable" owner="BuiltIn">
<msg time="2025-07-09T15:08:46.289100" level="INFO">${ID_USUARIO} = stWzTxqsWMdjfy9o</msg>
<arg>${ID_USUARIO}</arg>
<arg>${id}</arg>
<doc>Makes a variable available globally in all tests and suites.</doc>
<status status="PASS" start="2025-07-09T15:08:46.288524" elapsed="0.000616"/>
</kw>
<kw name="Dictionary Should Contain Value" owner="Collections">
<arg>${response.json()}</arg>
<arg>Cadastro realizado com sucesso</arg>
<doc>Fails if ``value`` is not found from ``dictionary``.</doc>
<status status="PASS" start="2025-07-09T15:08:46.289234" elapsed="0.000296"/>
</kw>
<status status="PASS" start="2025-07-09T15:08:45.817264" elapsed="0.472313"/>
</kw>
<kw name="Logar Usuário" owner="usuario">
<kw name="Create Dictionary" owner="BuiltIn">
<msg time="2025-07-09T15:08:46.289987" level="INFO">${body} = {'email': 'william@teste.com.br', 'password': 'teste123456'}</msg>
<var>${body}</var>
<arg>email=${email}</arg>
<arg>password=${senha}</arg>
<doc>Creates and returns a dictionary based on the given ``items``.</doc>
<status status="PASS" start="2025-07-09T15:08:46.289818" elapsed="0.000189"/>
</kw>
<kw name="Criar Header" owner="api_session">
<kw name="Create Dictionary" owner="BuiltIn">
<msg time="2025-07-09T15:08:46.290367" level="INFO">${header} = {'Content-Type': 'application/json', 'Authorization': ''}</msg>
<var>${header}</var>
<arg>Content-Type=application/json</arg>
<arg>Authorization=${token}</arg>
<doc>Creates and returns a dictionary based on the given ``items``.</doc>
<status status="PASS" start="2025-07-09T15:08:46.290237" elapsed="0.000148"/>
</kw>
<return>
<value>${header}</value>
<status status="PASS" start="2025-07-09T15:08:46.290419" elapsed="0.000021"/>
</return>
<msg time="2025-07-09T15:08:46.290605" level="INFO">${header} = {'Content-Type': 'application/json', 'Authorization': ''}</msg>
<var>${header}</var>
<status status="PASS" start="2025-07-09T15:08:46.290112" elapsed="0.000512"/>
</kw>
<kw name="Criar Response Post" owner="api_session">
<kw name="POST On Session" owner="RequestsLibrary">
<msg time="2025-07-09T15:08:46.485783" level="INFO">POST Request : url=https://serverest.dev/login 
 path_url=/login 
 headers={'User-Agent': 'python-requests/2.32.4', 'Accept-Encoding': 'gzip, deflate', 'Accept': '*/*', 'Connection': 'keep-alive', 'Content-Type': 'application/json', 'Authorization': '', 'Content-Length': '60'} 
 body=b'{"email": "william@teste.com.br", "password": "teste123456"}' 
 </msg>
<msg time="2025-07-09T15:08:46.485876" level="INFO">POST Response : url=https://serverest.dev/login 
 status=200, reason=OK 
 headers={'access-control-allow-origin': '*', 'x-dns-prefetch-control': 'off', 'x-frame-options': 'SAMEORIGIN', 'strict-transport-security': 'max-age=15552000; includeSubDomains', 'x-download-options': 'noopen', 'x-content-type-options': 'nosniff', 'x-xss-protection': '1; mode=block', 'content-type': 'application/json; charset=utf-8', 'x-cloud-trace-context': '15ac31108c067299a7d1cfa562b23c7f', 'date': 'Wed, 09 Jul 2025 18:08:46 GMT', 'server': 'Google Frontend', 'Content-Length': '283'} 
 body={
    "message": "Login realizado com sucesso",
    "authorization": "Bearer eyJhbGciOiJIUzI1NiIsInR5cCI6IkpXVCJ9.eyJlbWFpbCI6IndpbGxpYW1AdGVzdGUuY29tLmJyIiwicGFzc3dvcmQiOiJ0ZXN0ZTEyMzQ1NiIsImlhdCI6MTc1MjA4NDUyNiwiZXhwIjoxNzUyMDg1MTI2fQ.xK61t5x4hA0ZQyy_zc-RkZCTo8YGiQzx68Bx7hpjbkU"
} 
 </msg>
<msg time="2025-07-09T15:08:46.485951" level="INFO">C:\Users\willi\Desktop\projeto_api_serverest\Venv\Lib\site-packages\urllib3\connectionpool.py:1097: InsecureRequestWarning: Unverified HTTPS request is being made to host 'serverest.dev'. Adding certificate verification is strongly advised. See: https://urllib3.readthedocs.io/en/latest/advanced-usage.html#tls-warnings
  warnings.warn(</msg>
<msg time="2025-07-09T15:08:46.486346" level="INFO">${response} = &lt;Response [200]&gt;</msg>
<var>${response}</var>
<arg>alias=ServeRest</arg>
<arg>url=${pagina}</arg>
<arg>headers=${header}</arg>
<arg>json=${body}</arg>
<arg>expected_status=${expected_status}</arg>
<doc>Sends a POST request on a previously created HTTP Session.</doc>
<status status="PASS" start="2025-07-09T15:08:46.290896" elapsed="0.195483"/>
</kw>
<return>
<value>${response}</value>
<status status="PASS" start="2025-07-09T15:08:46.486457" elapsed="0.000047"/>
</return>
<msg time="2025-07-09T15:08:46.486637" level="INFO">${response} = &lt;Response [200]&gt;</msg>
<var>${response}</var>
<arg>/login</arg>
<arg>200</arg>
<arg>${header}</arg>
<arg>${body}</arg>
<status status="PASS" start="2025-07-09T15:08:46.290716" elapsed="0.195944"/>
</kw>
<kw name="Set Variable" owner="BuiltIn">
<msg time="2025-07-09T15:08:46.487211" level="INFO">${authorization} = Bearer eyJhbGciOiJIUzI1NiIsInR5cCI6IkpXVCJ9.eyJlbWFpbCI6IndpbGxpYW1AdGVzdGUuY29tLmJyIiwicGFzc3dvcmQiOiJ0ZXN0ZTEyMzQ1NiIsImlhdCI6MTc1MjA4NDUyNiwiZXhwIjoxNzUyMDg1MTI2fQ.xK61t5x4hA0ZQyy_zc-RkZCTo8YGiQzx6...</msg>
<var>${authorization}</var>
<arg>${response.json()['authorization']}</arg>
<doc>Returns the given values which can then be assigned to a variables.</doc>
<status status="PASS" start="2025-07-09T15:08:46.486796" elapsed="0.000441"/>
</kw>
<kw name="Create File" owner="OperatingSystem">
<msg time="2025-07-09T15:08:46.487962" level="INFO" html="true">Created file '&lt;a href="file://C:\Users\willi\Desktop\projeto_api_serverest\TempFiles\token.txt"&gt;C:\Users\willi\Desktop\projeto_api_serverest\TempFiles\token.txt&lt;/a&gt;'.</msg>
<arg>${EXECDIR}/TempFiles/token.txt</arg>
<arg>${authorization}</arg>
<doc>Creates a file with the given content and encoding.</doc>
<status status="PASS" start="2025-07-09T15:08:46.487328" elapsed="0.000697"/>
</kw>
<kw name="Set Global Variable" owner="BuiltIn">
<msg time="2025-07-09T15:08:46.488631" level="INFO">${TOKEN} = Bearer eyJhbGciOiJIUzI1NiIsInR5cCI6IkpXVCJ9.eyJlbWFpbCI6IndpbGxpYW1AdGVzdGUuY29tLmJyIiwicGFzc3dvcmQiOiJ0ZXN0ZTEyMzQ1NiIsImlhdCI6MTc1MjA4NDUyNiwiZXhwIjoxNzUyMDg1MTI2fQ.xK61t5x4hA0ZQyy_zc-RkZCTo8YGiQzx6...</msg>
<arg>${TOKEN}</arg>
<arg>${authorization}</arg>
<doc>Makes a variable available globally in all tests and suites.</doc>
<status status="PASS" start="2025-07-09T15:08:46.488116" elapsed="0.000547"/>
</kw>
<kw name="Dictionary Should Contain Value" owner="Collections">
<arg>${response.json()}</arg>
<arg>Login realizado com sucesso</arg>
<doc>Fails if ``value`` is not found from ``dictionary``.</doc>
<status status="PASS" start="2025-07-09T15:08:46.488738" elapsed="0.000286"/>
</kw>
<status status="PASS" start="2025-07-09T15:08:46.289696" elapsed="0.199374"/>
</kw>
<kw name="Cadastrar Produto" owner="produtos">
<kw name="Criar Body Produto" owner="produtos">
<kw name="Create Dictionary" owner="BuiltIn">
<msg time="2025-07-09T15:08:46.489772" level="INFO">${body} = {'nome': 'Logitech G402 Hero', 'preco': '402', 'descricao': 'Mouse', 'quantidade': '12'}</msg>
<var>${body}</var>
<arg>nome=${nome}</arg>
<arg>preco=${preco}</arg>
<arg>descricao=${descricao}</arg>
<arg>quantidade=${quantidade}</arg>
<doc>Creates and returns a dictionary based on the given ``items``.</doc>
<status status="PASS" start="2025-07-09T15:08:46.489560" elapsed="0.000232"/>
</kw>
<return>
<value>${body}</value>
<status status="PASS" start="2025-07-09T15:08:46.489831" elapsed="0.000022"/>
</return>
<msg time="2025-07-09T15:08:46.489931" level="INFO">${body} = {'nome': 'Logitech G402 Hero', 'preco': '402', 'descricao': 'Mouse', 'quantidade': '12'}</msg>
<var>${body}</var>
<arg>${nome_produto}</arg>
<arg>${preco}</arg>
<arg>${descricao}</arg>
<arg>${quantidade}</arg>
<status status="PASS" start="2025-07-09T15:08:46.489327" elapsed="0.000620"/>
</kw>
<kw name="Criar Header" owner="api_session">
<kw name="Create Dictionary" owner="BuiltIn">
<msg time="2025-07-09T15:08:46.490317" level="INFO">${header} = {'Content-Type': 'application/json', 'Authorization': 'Bearer eyJhbGciOiJIUzI1NiIsInR5cCI6IkpXVCJ9.eyJlbWFpbCI6IndpbGxpYW1AdGVzdGUuY29tLmJyIiwicGFzc3dvcmQiOiJ0ZXN0ZTEyMzQ1NiIsImlhdCI6MTc1MjA4NDUyNiwiZ...</msg>
<var>${header}</var>
<arg>Content-Type=application/json</arg>
<arg>Authorization=${token}</arg>
<doc>Creates and returns a dictionary based on the given ``items``.</doc>
<status status="PASS" start="2025-07-09T15:08:46.490190" elapsed="0.000146"/>
</kw>
<return>
<value>${header}</value>
<status status="PASS" start="2025-07-09T15:08:46.490368" elapsed="0.000017"/>
</return>
<msg time="2025-07-09T15:08:46.490467" level="INFO">${header} = {'Content-Type': 'application/json', 'Authorization': 'Bearer eyJhbGciOiJIUzI1NiIsInR5cCI6IkpXVCJ9.eyJlbWFpbCI6IndpbGxpYW1AdGVzdGUuY29tLmJyIiwicGFzc3dvcmQiOiJ0ZXN0ZTEyMzQ1NiIsImlhdCI6MTc1MjA4NDUyNiwiZ...</msg>
<var>${header}</var>
<arg>${TOKEN}</arg>
<status status="PASS" start="2025-07-09T15:08:46.490043" elapsed="0.000443"/>
</kw>
<kw name="Criar Response Post" owner="api_session">
<kw name="POST On Session" owner="RequestsLibrary">
<msg time="2025-07-09T15:08:46.687750" level="INFO">POST Request : url=https://serverest.dev/produtos 
 path_url=/produtos 
 headers={'User-Agent': 'python-requests/2.32.4', 'Accept-Encoding': 'gzip, deflate', 'Accept': '*/*', 'Connection': 'keep-alive', 'Content-Type': 'application/json', 'Authorization': 'Bearer eyJhbGciOiJIUzI1NiIsInR5cCI6IkpXVCJ9.eyJlbWFpbCI6IndpbGxpYW1AdGVzdGUuY29tLmJyIiwicGFzc3dvcmQiOiJ0ZXN0ZTEyMzQ1NiIsImlhdCI6MTc1MjA4NDUyNiwiZXhwIjoxNzUyMDg1MTI2fQ.xK61t5x4hA0ZQyy_zc-RkZCTo8YGiQzx68Bx7hpjbkU', 'Content-Length': '88'} 
 body=b'{"nome": "Logitech G402 Hero", "preco": "402", "descricao": "Mouse", "quantidade": "12"}' 
 </msg>
<msg time="2025-07-09T15:08:46.687838" level="INFO">POST Response : url=https://serverest.dev/produtos 
 status=201, reason=Created 
 headers={'access-control-allow-origin': '*', 'x-dns-prefetch-control': 'off', 'x-frame-options': 'SAMEORIGIN', 'strict-transport-security': 'max-age=15552000; includeSubDomains', 'x-download-options': 'noopen', 'x-content-type-options': 'nosniff', 'x-xss-protection': '1; mode=block', 'content-type': 'application/json; charset=utf-8', 'x-cloud-trace-context': '60a8d51392fafcaba7d1cfa562b23eaa', 'date': 'Wed, 09 Jul 2025 18:08:46 GMT', 'server': 'Google Frontend', 'Content-Length': '82'} 
 body={
    "message": "Cadastro realizado com sucesso",
    "_id": "ekFiMo5zmZWfXrgj"
} 
 </msg>
<msg time="2025-07-09T15:08:46.688013" level="INFO">C:\Users\willi\Desktop\projeto_api_serverest\Venv\Lib\site-packages\urllib3\connectionpool.py:1097: InsecureRequestWarning: Unverified HTTPS request is being made to host 'serverest.dev'. Adding certificate verification is strongly advised. See: https://urllib3.readthedocs.io/en/latest/advanced-usage.html#tls-warnings
  warnings.warn(</msg>
<msg time="2025-07-09T15:08:46.688363" level="INFO">${response} = &lt;Response [201]&gt;</msg>
<var>${response}</var>
<arg>alias=ServeRest</arg>
<arg>url=${pagina}</arg>
<arg>headers=${header}</arg>
<arg>json=${body}</arg>
<arg>expected_status=${expected_status}</arg>
<doc>Sends a POST request on a previously created HTTP Session.</doc>
<status status="PASS" start="2025-07-09T15:08:46.490747" elapsed="0.197643"/>
</kw>
<return>
<value>${response}</value>
<status status="PASS" start="2025-07-09T15:08:46.688465" elapsed="0.000047"/>
</return>
<msg time="2025-07-09T15:08:46.688627" level="INFO">${response} = &lt;Response [201]&gt;</msg>
<var>${response}</var>
<arg>/produtos</arg>
<arg>201</arg>
<arg>${header}</arg>
<arg>${body}</arg>
<status status="PASS" start="2025-07-09T15:08:46.490572" elapsed="0.198074"/>
</kw>
<kw name="Set Variable" owner="BuiltIn">
<msg time="2025-07-09T15:08:46.689127" level="INFO">${id} = ekFiMo5zmZWfXrgj</msg>
<var>${id}</var>
<arg>${response.json()['_id']}</arg>
<doc>Returns the given values which can then be assigned to a variables.</doc>
<status status="PASS" start="2025-07-09T15:08:46.688765" elapsed="0.000382"/>
</kw>
<kw name="Create File" owner="OperatingSystem">
<msg time="2025-07-09T15:08:46.689808" level="INFO" html="true">Created file '&lt;a href="file://C:\Users\willi\Desktop\projeto_api_serverest\TempFiles\id_produto.txt"&gt;C:\Users\willi\Desktop\projeto_api_serverest\TempFiles\id_produto.txt&lt;/a&gt;'.</msg>
<arg>${EXECDIR}/TempFiles/id_produto.txt</arg>
<arg>${id}</arg>
<doc>Creates a file with the given content and encoding.</doc>
<status status="PASS" start="2025-07-09T15:08:46.689222" elapsed="0.000639"/>
</kw>
<kw name="Set Suite Variable" owner="BuiltIn">
<msg time="2025-07-09T15:08:46.690486" level="INFO">${ID_PRODUTO} = ekFiMo5zmZWfXrgj</msg>
<arg>${ID_PRODUTO}</arg>
<arg>${id}</arg>
<doc>Makes a variable available everywhere within the scope of the current suite.</doc>
<status status="PASS" start="2025-07-09T15:08:46.689993" elapsed="0.000526"/>
</kw>
<status status="PASS" start="2025-07-09T15:08:46.489184" elapsed="0.201379"/>
</kw>
<status status="PASS" start="2025-07-09T15:08:45.816056" elapsed="0.874539"/>
</kw>
<test id="s1-t1" name="Cadastrar Carrinho Sem Produtos Deve Retornar Erro 400" line="12">
<kw name="Cadastrar Carrinho Sem Produtos" owner="carrinho">
<kw name="Set Variable" owner="BuiltIn">
<msg time="2025-07-09T15:08:46.691308" level="INFO">${body} = None</msg>
<var>${body}</var>
<arg>${None}</arg>
<doc>Returns the given values which can then be assigned to a variables.</doc>
<status status="PASS" start="2025-07-09T15:08:46.691206" elapsed="0.000122"/>
</kw>
<kw name="Criar Header" owner="api_session">
<kw name="Create Dictionary" owner="BuiltIn">
<msg time="2025-07-09T15:08:46.691768" level="INFO">${header} = {'Content-Type': 'application/json', 'Authorization': 'Bearer eyJhbGciOiJIUzI1NiIsInR5cCI6IkpXVCJ9.eyJlbWFpbCI6IndpbGxpYW1AdGVzdGUuY29tLmJyIiwicGFzc3dvcmQiOiJ0ZXN0ZTEyMzQ1NiIsImlhdCI6MTc1MjA4NDUyNiwiZ...</msg>
<var>${header}</var>
<arg>Content-Type=application/json</arg>
<arg>Authorization=${token}</arg>
<doc>Creates and returns a dictionary based on the given ``items``.</doc>
<status status="PASS" start="2025-07-09T15:08:46.691623" elapsed="0.000164"/>
</kw>
<return>
<value>${header}</value>
<status status="PASS" start="2025-07-09T15:08:46.691822" elapsed="0.000019"/>
</return>
<msg time="2025-07-09T15:08:46.691920" level="INFO">${header} = {'Content-Type': 'application/json', 'Authorization': 'Bearer eyJhbGciOiJIUzI1NiIsInR5cCI6IkpXVCJ9.eyJlbWFpbCI6IndpbGxpYW1AdGVzdGUuY29tLmJyIiwicGFzc3dvcmQiOiJ0ZXN0ZTEyMzQ1NiIsImlhdCI6MTc1MjA4NDUyNiwiZ...</msg>
<var>${header}</var>
<arg>${TOKEN}</arg>
<status status="PASS" start="2025-07-09T15:08:46.691441" elapsed="0.000496"/>
</kw>
<kw name="Criar Response Post" owner="api_session">
<kw name="POST On Session" owner="RequestsLibrary">
<msg time="2025-07-09T15:08:46.878073" level="INFO">POST Request : url=https://serverest.dev/carrinhos 
 path_url=/carrinhos 
 headers={'User-Agent': 'python-requests/2.32.4', 'Accept-Encoding': 'gzip, deflate', 'Accept': '*/*', 'Connection': 'keep-alive', 'Content-Type': 'application/json', 'Authorization': 'Bearer eyJhbGciOiJIUzI1NiIsInR5cCI6IkpXVCJ9.eyJlbWFpbCI6IndpbGxpYW1AdGVzdGUuY29tLmJyIiwicGFzc3dvcmQiOiJ0ZXN0ZTEyMzQ1NiIsImlhdCI6MTc1MjA4NDUyNiwiZXhwIjoxNzUyMDg1MTI2fQ.xK61t5x4hA0ZQyy_zc-RkZCTo8YGiQzx68Bx7hpjbkU', 'Content-Length': '0'} 
 body=None 
 </msg>
<msg time="2025-07-09T15:08:46.878156" level="INFO">POST Response : url=https://serverest.dev/carrinhos 
 status=400, reason=Bad Request 
 headers={'access-control-allow-origin': '*', 'x-dns-prefetch-control': 'off', 'x-frame-options': 'SAMEORIGIN', 'strict-transport-security': 'max-age=15552000; includeSubDomains', 'x-download-options': 'noopen', 'x-content-type-options': 'nosniff', 'x-xss-protection': '1; mode=block', 'content-type': 'application/json; charset=utf-8', 'x-cloud-trace-context': 'f2cba66fa6010d7fa7d1cfa562b23cbe', 'date': 'Wed, 09 Jul 2025 18:08:47 GMT', 'server': 'Google Frontend', 'Content-Length': '46'} 
 body={
    "produtos": "produtos é obrigatório"
} 
 </msg>
<msg time="2025-07-09T15:08:46.878219" level="INFO">C:\Users\willi\Desktop\projeto_api_serverest\Venv\Lib\site-packages\urllib3\connectionpool.py:1097: InsecureRequestWarning: Unverified HTTPS request is being made to host 'serverest.dev'. Adding certificate verification is strongly advised. See: https://urllib3.readthedocs.io/en/latest/advanced-usage.html#tls-warnings
  warnings.warn(</msg>
<msg time="2025-07-09T15:08:46.878610" level="INFO">${response} = &lt;Response [400]&gt;</msg>
<var>${response}</var>
<arg>alias=ServeRest</arg>
<arg>url=${pagina}</arg>
<arg>headers=${header}</arg>
<arg>json=${body}</arg>
<arg>expected_status=${expected_status}</arg>
<doc>Sends a POST request on a previously created HTTP Session.</doc>
<status status="PASS" start="2025-07-09T15:08:46.692230" elapsed="0.186426"/>
</kw>
<return>
<value>${response}</value>
<status status="PASS" start="2025-07-09T15:08:46.878755" elapsed="0.000047"/>
</return>
<msg time="2025-07-09T15:08:46.878929" level="INFO">${response} = &lt;Response [400]&gt;</msg>
<var>${response}</var>
<arg>/carrinhos</arg>
<arg>400</arg>
<arg>${header}</arg>
<arg>${body}</arg>
<status status="PASS" start="2025-07-09T15:08:46.692026" elapsed="0.186926"/>
</kw>
<kw name="Log" owner="BuiltIn">
<msg time="2025-07-09T15:08:46.879490" level="INFO">{'produtos': 'produtos é obrigatório'}</msg>
<arg>${response.json()}</arg>
<doc>Logs the given message with the given level.</doc>
<status status="PASS" start="2025-07-09T15:08:46.879092" elapsed="0.000431"/>
</kw>
<kw name="Dictionary Should Contain Value" owner="Collections">
<arg>${response.json()}</arg>
<arg>produtos é obrigatório</arg>
<doc>Fails if ``value`` is not found from ``dictionary``.</doc>
<status status="PASS" start="2025-07-09T15:08:46.879596" elapsed="0.000293"/>
</kw>
<status status="PASS" start="2025-07-09T15:08:46.691042" elapsed="0.188893"/>
</kw>
<status status="PASS" start="2025-07-09T15:08:46.690647" elapsed="0.189486"/>
</test>
<test id="s1-t2" name="Buscar Carrinho Com ID Inexistente Deve Retornar Erro 400" line="15">
<kw name="Buscar Carrinho Com ID Inexistente" owner="carrinho">
<kw name="Set Variable" owner="BuiltIn">
<msg time="2025-07-09T15:08:46.881864" level="INFO">${ID_CARRINHO} = BeeJh5lz3k6kSXXX</msg>
<var>${ID_CARRINHO}</var>
<arg>BeeJh5lz3k6kSXXX</arg>
<doc>Returns the given values which can then be assigned to a variables.</doc>
<status status="PASS" start="2025-07-09T15:08:46.881355" elapsed="0.000530"/>
</kw>
<kw name="Criar Header" owner="api_session">
<kw name="Create Dictionary" owner="BuiltIn">
<msg time="2025-07-09T15:08:46.882410" level="INFO">${header} = {'Content-Type': 'application/json', 'Authorization': ''}</msg>
<var>${header}</var>
<arg>Content-Type=application/json</arg>
<arg>Authorization=${token}</arg>
<doc>Creates and returns a dictionary based on the given ``items``.</doc>
<status status="PASS" start="2025-07-09T15:08:46.882263" elapsed="0.000167"/>
</kw>
<return>
<value>${header}</value>
<status status="PASS" start="2025-07-09T15:08:46.882464" elapsed="0.000020"/>
</return>
<msg time="2025-07-09T15:08:46.882562" level="INFO">${header} = {'Content-Type': 'application/json', 'Authorization': ''}</msg>
<var>${header}</var>
<status status="PASS" start="2025-07-09T15:08:46.882095" elapsed="0.000483"/>
</kw>
<kw name="Criar Response Get" owner="api_session">
<kw name="GET On Session" owner="RequestsLibrary">
<msg time="2025-07-09T15:08:47.076555" level="INFO">GET Request : url=https://serverest.dev/carrinhos/BeeJh5lz3k6kSXXX 
 path_url=/carrinhos/BeeJh5lz3k6kSXXX 
 headers={'User-Agent': 'python-requests/2.32.4', 'Accept-Encoding': 'gzip, deflate', 'Accept': '*/*', 'Connection': 'keep-alive', 'Content-Type': 'application/json', 'Authorization': ''} 
 body=None 
 </msg>
<msg time="2025-07-09T15:08:47.076641" level="INFO">GET Response : url=https://serverest.dev/carrinhos/BeeJh5lz3k6kSXXX 
 status=400, reason=Bad Request 
 headers={'access-control-allow-origin': '*', 'x-dns-prefetch-control': 'off', 'x-frame-options': 'SAMEORIGIN', 'strict-transport-security': 'max-age=15552000; includeSubDomains', 'x-download-options': 'noopen', 'x-content-type-options': 'nosniff', 'x-xss-protection': '1; mode=block', 'content-type': 'application/json; charset=utf-8', 'x-cloud-trace-context': 'c61dcf3986425091a7d1cfa562b230b7', 'date': 'Wed, 09 Jul 2025 18:08:47 GMT', 'server': 'Google Frontend', 'Content-Length': '45'} 
 body={
    "message": "Carrinho não encontrado"
} 
 </msg>
<msg time="2025-07-09T15:08:47.076719" level="INFO">C:\Users\willi\Desktop\projeto_api_serverest\Venv\Lib\site-packages\urllib3\connectionpool.py:1097: InsecureRequestWarning: Unverified HTTPS request is being made to host 'serverest.dev'. Adding certificate verification is strongly advised. See: https://urllib3.readthedocs.io/en/latest/advanced-usage.html#tls-warnings
  warnings.warn(</msg>
<msg time="2025-07-09T15:08:47.077090" level="INFO">${response} = &lt;Response [400]&gt;</msg>
<var>${response}</var>
<arg>alias=ServeRest</arg>
<arg>url=${pagina}</arg>
<arg>headers=${header}</arg>
<arg>expected_status=${expected_status}</arg>
<doc>Sends a GET request on a previously created HTTP Session.</doc>
<status status="PASS" start="2025-07-09T15:08:46.882956" elapsed="0.194170"/>
</kw>
<return>
<value>${response}</value>
<status status="PASS" start="2025-07-09T15:08:47.077213" elapsed="0.000056"/>
</return>
<msg time="2025-07-09T15:08:47.077401" level="INFO">${response} = &lt;Response [400]&gt;</msg>
<var>${response}</var>
<arg>/carrinhos/${ID_CARRINHO}</arg>
<arg>400</arg>
<arg>${header}</arg>
<status status="PASS" start="2025-07-09T15:08:46.882692" elapsed="0.194732"/>
</kw>
<kw name="Log" owner="BuiltIn">
<msg time="2025-07-09T15:08:47.077939" level="INFO">{'message': 'Carrinho não encontrado'}</msg>
<arg>${response.json()}</arg>
<doc>Logs the given message with the given level.</doc>
<status status="PASS" start="2025-07-09T15:08:47.077557" elapsed="0.000416"/>
</kw>
<kw name="Should Be Equal As Strings" owner="BuiltIn">
<arg>${response.json()['message']}</arg>
<arg>Carrinho não encontrado</arg>
<doc>Fails if objects are unequal after converting them to strings.</doc>
<status status="PASS" start="2025-07-09T15:08:47.078048" elapsed="0.000294"/>
</kw>
<status status="PASS" start="2025-07-09T15:08:46.881154" elapsed="0.197233"/>
</kw>
<status status="PASS" start="2025-07-09T15:08:46.880747" elapsed="0.197829"/>
</test>
<test id="s1-t3" name="Buscar Carrinho Com ID Malformado Deve Retornar Erro 400" line="18">
<kw name="Buscar Carrinho Com ID Malformado" owner="carrinho">
<kw name="Set Variable" owner="BuiltIn">
<msg time="2025-07-09T15:08:47.079824" level="INFO">${ID_CARRINHO} = BeeJh5lz3k6kSIzBxx</msg>
<var>${ID_CARRINHO}</var>
<arg>BeeJh5lz3k6kSIzBxx</arg>
<doc>Returns the given values which can then be assigned to a variables.</doc>
<status status="PASS" start="2025-07-09T15:08:47.079737" elapsed="0.000107"/>
</kw>
<kw name="Criar Header" owner="api_session">
<kw name="Create Dictionary" owner="BuiltIn">
<msg time="2025-07-09T15:08:47.080245" level="INFO">${header} = {'Content-Type': 'application/json', 'Authorization': ''}</msg>
<var>${header}</var>
<arg>Content-Type=application/json</arg>
<arg>Authorization=${token}</arg>
<doc>Creates and returns a dictionary based on the given ``items``.</doc>
<status status="PASS" start="2025-07-09T15:08:47.080103" elapsed="0.000161"/>
</kw>
<return>
<value>${header}</value>
<status status="PASS" start="2025-07-09T15:08:47.080298" elapsed="0.000020"/>
</return>
<msg time="2025-07-09T15:08:47.080394" level="INFO">${header} = {'Content-Type': 'application/json', 'Authorization': ''}</msg>
<var>${header}</var>
<status status="PASS" start="2025-07-09T15:08:47.079948" elapsed="0.000462"/>
</kw>
<kw name="Criar Response Get" owner="api_session">
<kw name="GET On Session" owner="RequestsLibrary">
<msg time="2025-07-09T15:08:47.268445" level="INFO">GET Request : url=https://serverest.dev/carrinhos/BeeJh5lz3k6kSIzBxx 
 path_url=/carrinhos/BeeJh5lz3k6kSIzBxx 
 headers={'User-Agent': 'python-requests/2.32.4', 'Accept-Encoding': 'gzip, deflate', 'Accept': '*/*', 'Connection': 'keep-alive', 'Content-Type': 'application/json', 'Authorization': ''} 
 body=None 
 </msg>
<msg time="2025-07-09T15:08:47.268531" level="INFO">GET Response : url=https://serverest.dev/carrinhos/BeeJh5lz3k6kSIzBxx 
 status=400, reason=Bad Request 
 headers={'access-control-allow-origin': '*', 'x-dns-prefetch-control': 'off', 'x-frame-options': 'SAMEORIGIN', 'strict-transport-security': 'max-age=15552000; includeSubDomains', 'x-download-options': 'noopen', 'x-content-type-options': 'nosniff', 'x-xss-protection': '1; mode=block', 'content-type': 'application/json; charset=utf-8', 'x-cloud-trace-context': 'ef53a2e53b42c8d4a7d1cfa562b23a95', 'date': 'Wed, 09 Jul 2025 18:08:47 GMT', 'server': 'Google Frontend', 'Content-Length': '67'} 
 body={
    "id": "id deve ter exatamente 16 caracteres alfanuméricos"
} 
 </msg>
<msg time="2025-07-09T15:08:47.268597" level="INFO">C:\Users\willi\Desktop\projeto_api_serverest\Venv\Lib\site-packages\urllib3\connectionpool.py:1097: InsecureRequestWarning: Unverified HTTPS request is being made to host 'serverest.dev'. Adding certificate verification is strongly advised. See: https://urllib3.readthedocs.io/en/latest/advanced-usage.html#tls-warnings
  warnings.warn(</msg>
<msg time="2025-07-09T15:08:47.268962" level="INFO">${response} = &lt;Response [400]&gt;</msg>
<var>${response}</var>
<arg>alias=ServeRest</arg>
<arg>url=${pagina}</arg>
<arg>headers=${header}</arg>
<arg>expected_status=${expected_status}</arg>
<doc>Sends a GET request on a previously created HTTP Session.</doc>
<status status="PASS" start="2025-07-09T15:08:47.080696" elapsed="0.188311"/>
</kw>
<return>
<value>${response}</value>
<status status="PASS" start="2025-07-09T15:08:47.269087" elapsed="0.000057"/>
</return>
<msg time="2025-07-09T15:08:47.269282" level="INFO">${response} = &lt;Response [400]&gt;</msg>
<var>${response}</var>
<arg>/carrinhos/${ID_CARRINHO}</arg>
<arg>400</arg>
<arg>${header}</arg>
<status status="PASS" start="2025-07-09T15:08:47.080496" elapsed="0.188808"/>
</kw>
<kw name="Log" owner="BuiltIn">
<msg time="2025-07-09T15:08:47.269837" level="INFO">{'id': 'id deve ter exatamente 16 caracteres alfanuméricos'}</msg>
<arg>${response.json()}</arg>
<doc>Logs the given message with the given level.</doc>
<status status="PASS" start="2025-07-09T15:08:47.269434" elapsed="0.000443"/>
</kw>
<kw name="Should Be Equal As Strings" owner="BuiltIn">
<arg>${response.json()['id']}</arg>
<arg>id deve ter exatamente 16 caracteres alfanuméricos</arg>
<doc>Fails if objects are unequal after converting them to strings.</doc>
<status status="PASS" start="2025-07-09T15:08:47.269966" elapsed="0.000380"/>
</kw>
<status status="PASS" start="2025-07-09T15:08:47.079528" elapsed="0.190865"/>
</kw>
<status status="PASS" start="2025-07-09T15:08:47.079177" elapsed="0.191413"/>
</test>
<test id="s1-t4" name="Concluir Compra Sem Carrinho Deve Retornar Erro 400" line="21">
<kw name="Concluir Compra Sem Carrinho" owner="carrinho">
<kw name="Criar Header" owner="api_session">
<kw name="Create Dictionary" owner="BuiltIn">
<msg time="2025-07-09T15:08:47.272058" level="INFO">${header} = {'Content-Type': 'application/json', 'Authorization': 'Bearer eyJhbGciOiJIUzI1NiIsInR5cCI6IkpXVCJ9.eyJlbWFpbCI6IndpbGxpYW1AdGVzdGUuY29tLmJyIiwicGFzc3dvcmQiOiJ0ZXN0ZTEyMzQ1NiIsImlhdCI6MTc1MjA4NDUyNiwiZ...</msg>
<var>${header}</var>
<arg>Content-Type=application/json</arg>
<arg>Authorization=${token}</arg>
<doc>Creates and returns a dictionary based on the given ``items``.</doc>
<status status="PASS" start="2025-07-09T15:08:47.271910" elapsed="0.000169"/>
</kw>
<return>
<value>${header}</value>
<status status="PASS" start="2025-07-09T15:08:47.272114" elapsed="0.000019"/>
</return>
<msg time="2025-07-09T15:08:47.272213" level="INFO">${header} = {'Content-Type': 'application/json', 'Authorization': 'Bearer eyJhbGciOiJIUzI1NiIsInR5cCI6IkpXVCJ9.eyJlbWFpbCI6IndpbGxpYW1AdGVzdGUuY29tLmJyIiwicGFzc3dvcmQiOiJ0ZXN0ZTEyMzQ1NiIsImlhdCI6MTc1MjA4NDUyNiwiZ...</msg>
<var>${header}</var>
<arg>${TOKEN}</arg>
<status status="PASS" start="2025-07-09T15:08:47.271721" elapsed="0.000509"/>
</kw>
<kw name="Criar Response DELETE" owner="api_session">
<kw name="DELETE On Session" owner="RequestsLibrary">
<msg time="2025-07-09T15:08:47.465715" level="INFO">DELETE Request : url=https://serverest.dev/carrinhos/cancelar-compra 
 path_url=/carrinhos/cancelar-compra 
 headers={'User-Agent': 'python-requests/2.32.4', 'Accept-Encoding': 'gzip, deflate', 'Accept': '*/*', 'Connection': 'keep-alive', 'Content-Type': 'application/json', 'Authorization': 'Bearer eyJhbGciOiJIUzI1NiIsInR5cCI6IkpXVCJ9.eyJlbWFpbCI6IndpbGxpYW1AdGVzdGUuY29tLmJyIiwicGFzc3dvcmQiOiJ0ZXN0ZTEyMzQ1NiIsImlhdCI6MTc1MjA4NDUyNiwiZXhwIjoxNzUyMDg1MTI2fQ.xK61t5x4hA0ZQyy_zc-RkZCTo8YGiQzx68Bx7hpjbkU', 'Content-Length': '0'} 
 body=None 
 </msg>
<msg time="2025-07-09T15:08:47.465817" level="INFO">DELETE Response : url=https://serverest.dev/carrinhos/cancelar-compra 
 status=200, reason=OK 
 headers={'access-control-allow-origin': '*', 'x-dns-prefetch-control': 'off', 'x-frame-options': 'SAMEORIGIN', 'strict-transport-security': 'max-age=15552000; includeSubDomains', 'x-download-options': 'noopen', 'x-content-type-options': 'nosniff', 'x-xss-protection': '1; mode=block', 'content-type': 'application/json; charset=utf-8', 'x-cloud-trace-context': 'b9a7c31d8e8f4304a7d1cfa562b23962', 'date': 'Wed, 09 Jul 2025 18:08:47 GMT', 'server': 'Google Frontend', 'Content-Length': '68'} 
 body={
    "message": "Não foi encontrado carrinho para esse usuário"
} 
 </msg>
<msg time="2025-07-09T15:08:47.465879" level="INFO">C:\Users\willi\Desktop\projeto_api_serverest\Venv\Lib\site-packages\urllib3\connectionpool.py:1097: InsecureRequestWarning: Unverified HTTPS request is being made to host 'serverest.dev'. Adding certificate verification is strongly advised. See: https://urllib3.readthedocs.io/en/latest/advanced-usage.html#tls-warnings
  warnings.warn(</msg>
<msg time="2025-07-09T15:08:47.466215" level="INFO">${response} = &lt;Response [200]&gt;</msg>
<var>${response}</var>
<arg>alias=ServeRest</arg>
<arg>url=${pagina}</arg>
<arg>headers=${header}</arg>
<arg>expected_status=${expected_status}</arg>
<doc>Sends a DELETE request on a previously created HTTP Session.</doc>
<status status="PASS" start="2025-07-09T15:08:47.272500" elapsed="0.193754"/>
</kw>
<return>
<value>${response}</value>
<status status="PASS" start="2025-07-09T15:08:47.466322" elapsed="0.000041"/>
</return>
<msg time="2025-07-09T15:08:47.466508" level="INFO">${response} = &lt;Response [200]&gt;</msg>
<var>${response}</var>
<arg>/carrinhos/cancelar-compra</arg>
<arg>200</arg>
<arg>${header}</arg>
<status status="PASS" start="2025-07-09T15:08:47.272319" elapsed="0.194220"/>
</kw>
<kw name="Log" owner="BuiltIn">
<msg time="2025-07-09T15:08:47.467010" level="INFO">{'message': 'Não foi encontrado carrinho para esse usuário'}</msg>
<arg>${response.json()}</arg>
<doc>Logs the given message with the given level.</doc>
<status status="PASS" start="2025-07-09T15:08:47.466664" elapsed="0.000380"/>
</kw>
<kw name="Should Be Equal As Strings" owner="BuiltIn">
<arg>${response.json()['message']}</arg>
<arg>Não foi encontrado carrinho para esse usuário</arg>
<doc>Fails if objects are unequal after converting them to strings.</doc>
<status status="PASS" start="2025-07-09T15:08:47.467119" elapsed="0.000280"/>
</kw>
<status status="PASS" start="2025-07-09T15:08:47.271532" elapsed="0.195913"/>
</kw>
<status status="PASS" start="2025-07-09T15:08:47.271171" elapsed="0.196418"/>
</test>
<test id="s1-t5" name="Cancelar Compra Sem Carrinho Deve Retornar Erro 400" line="24">
<kw name="Cancelar Compra Sem Carrinho" owner="carrinho">
<kw name="Criar Header" owner="api_session">
<kw name="Create Dictionary" owner="BuiltIn">
<msg time="2025-07-09T15:08:47.468822" level="INFO">${header} = {'Content-Type': 'application/json', 'Authorization': 'Bearer eyJhbGciOiJIUzI1NiIsInR5cCI6IkpXVCJ9.eyJlbWFpbCI6IndpbGxpYW1AdGVzdGUuY29tLmJyIiwicGFzc3dvcmQiOiJ0ZXN0ZTEyMzQ1NiIsImlhdCI6MTc1MjA4NDUyNiwiZ...</msg>
<var>${header}</var>
<arg>Content-Type=application/json</arg>
<arg>Authorization=${token}</arg>
<doc>Creates and returns a dictionary based on the given ``items``.</doc>
<status status="PASS" start="2025-07-09T15:08:47.468671" elapsed="0.000173"/>
</kw>
<return>
<value>${header}</value>
<status status="PASS" start="2025-07-09T15:08:47.468881" elapsed="0.000019"/>
</return>
<msg time="2025-07-09T15:08:47.468981" level="INFO">${header} = {'Content-Type': 'application/json', 'Authorization': 'Bearer eyJhbGciOiJIUzI1NiIsInR5cCI6IkpXVCJ9.eyJlbWFpbCI6IndpbGxpYW1AdGVzdGUuY29tLmJyIiwicGFzc3dvcmQiOiJ0ZXN0ZTEyMzQ1NiIsImlhdCI6MTc1MjA4NDUyNiwiZ...</msg>
<var>${header}</var>
<arg>${TOKEN}</arg>
<status status="PASS" start="2025-07-09T15:08:47.468475" elapsed="0.000524"/>
</kw>
<kw name="Criar Response DELETE" owner="api_session">
<kw name="DELETE On Session" owner="RequestsLibrary">
<msg time="2025-07-09T15:08:47.657029" level="INFO">DELETE Request : url=https://serverest.dev/carrinhos/cancelar-compra 
 path_url=/carrinhos/cancelar-compra 
 headers={'User-Agent': 'python-requests/2.32.4', 'Accept-Encoding': 'gzip, deflate', 'Accept': '*/*', 'Connection': 'keep-alive', 'Content-Type': 'application/json', 'Authorization': 'Bearer eyJhbGciOiJIUzI1NiIsInR5cCI6IkpXVCJ9.eyJlbWFpbCI6IndpbGxpYW1AdGVzdGUuY29tLmJyIiwicGFzc3dvcmQiOiJ0ZXN0ZTEyMzQ1NiIsImlhdCI6MTc1MjA4NDUyNiwiZXhwIjoxNzUyMDg1MTI2fQ.xK61t5x4hA0ZQyy_zc-RkZCTo8YGiQzx68Bx7hpjbkU', 'Content-Length': '0'} 
 body=None 
 </msg>
<msg time="2025-07-09T15:08:47.657109" level="INFO">DELETE Response : url=https://serverest.dev/carrinhos/cancelar-compra 
 status=200, reason=OK 
 headers={'access-control-allow-origin': '*', 'x-dns-prefetch-control': 'off', 'x-frame-options': 'SAMEORIGIN', 'strict-transport-security': 'max-age=15552000; includeSubDomains', 'x-download-options': 'noopen', 'x-content-type-options': 'nosniff', 'x-xss-protection': '1; mode=block', 'content-type': 'application/json; charset=utf-8', 'x-cloud-trace-context': '2b68227054b5d220a7d1cfa562b23340', 'date': 'Wed, 09 Jul 2025 18:08:47 GMT', 'server': 'Google Frontend', 'Content-Length': '68'} 
 body={
    "message": "Não foi encontrado carrinho para esse usuário"
} 
 </msg>
<msg time="2025-07-09T15:08:47.657166" level="INFO">C:\Users\willi\Desktop\projeto_api_serverest\Venv\Lib\site-packages\urllib3\connectionpool.py:1097: InsecureRequestWarning: Unverified HTTPS request is being made to host 'serverest.dev'. Adding certificate verification is strongly advised. See: https://urllib3.readthedocs.io/en/latest/advanced-usage.html#tls-warnings
  warnings.warn(</msg>
<msg time="2025-07-09T15:08:47.657589" level="INFO">${response} = &lt;Response [200]&gt;</msg>
<var>${response}</var>
<arg>alias=ServeRest</arg>
<arg>url=${pagina}</arg>
<arg>headers=${header}</arg>
<arg>expected_status=${expected_status}</arg>
<doc>Sends a DELETE request on a previously created HTTP Session.</doc>
<status status="PASS" start="2025-07-09T15:08:47.469277" elapsed="0.188353"/>
</kw>
<return>
<value>${response}</value>
<status status="PASS" start="2025-07-09T15:08:47.657725" elapsed="0.000053"/>
</return>
<msg time="2025-07-09T15:08:47.657908" level="INFO">${response} = &lt;Response [200]&gt;</msg>
<var>${response}</var>
<arg>/carrinhos/cancelar-compra</arg>
<arg>200</arg>
<arg>${header}</arg>
<status status="PASS" start="2025-07-09T15:08:47.469090" elapsed="0.188841"/>
</kw>
<kw name="Log" owner="BuiltIn">
<msg time="2025-07-09T15:08:47.658479" level="INFO">{'message': 'Não foi encontrado carrinho para esse usuário'}</msg>
<arg>${response.json()}</arg>
<doc>Logs the given message with the given level.</doc>
<status status="PASS" start="2025-07-09T15:08:47.658065" elapsed="0.000456"/>
</kw>
<kw name="Should Be Equal As Strings" owner="BuiltIn">
<arg>${response.json()['message']}</arg>
<arg>Não foi encontrado carrinho para esse usuário</arg>
<doc>Fails if objects are unequal after converting them to strings.</doc>
<status status="PASS" start="2025-07-09T15:08:47.658615" elapsed="0.000327"/>
</kw>
<status status="PASS" start="2025-07-09T15:08:47.468286" elapsed="0.190702"/>
</kw>
<status status="PASS" start="2025-07-09T15:08:47.467976" elapsed="0.191217"/>
</test>
<kw name="Encerrar Sessão e Deletar Usuario e Produto" owner="api_session" type="TEARDOWN">
<kw name="Deletar Produto" owner="produtos">
<kw name="Buscar Info em Temp Files" owner="api_session">
<kw name="Get File" owner="OperatingSystem">
<msg time="2025-07-09T15:08:47.660644" level="INFO" html="true">Getting file '&lt;a href="file://C:\Users\willi\Desktop\projeto_api_serverest\TempFiles\id_produto.txt"&gt;C:\Users\willi\Desktop\projeto_api_serverest\TempFiles\id_produto.txt&lt;/a&gt;'.</msg>
<msg time="2025-07-09T15:08:47.667824" level="INFO">${valor} = ekFiMo5zmZWfXrgj</msg>
<var>${valor}</var>
<arg>path=${EXECDIR}/TempFiles/${nome_do_arquivo}</arg>
<doc>Returns the contents of a specified file.</doc>
<status status="PASS" start="2025-07-09T15:08:47.660515" elapsed="0.007369"/>
</kw>
<return>
<value>${valor}</value>
<status status="PASS" start="2025-07-09T15:08:47.667960" elapsed="0.000043"/>
</return>
<msg time="2025-07-09T15:08:47.668129" level="INFO">${ID_PRODUTO} = ekFiMo5zmZWfXrgj</msg>
<var>${ID_PRODUTO}</var>
<arg>id_produto.txt</arg>
<status status="PASS" start="2025-07-09T15:08:47.660392" elapsed="0.007756"/>
</kw>
<kw name="Criar Header" owner="api_session">
<kw name="Create Dictionary" owner="BuiltIn">
<msg time="2025-07-09T15:08:47.668837" level="INFO">${header} = {'Content-Type': 'application/json', 'Authorization': 'Bearer eyJhbGciOiJIUzI1NiIsInR5cCI6IkpXVCJ9.eyJlbWFpbCI6IndpbGxpYW1AdGVzdGUuY29tLmJyIiwicGFzc3dvcmQiOiJ0ZXN0ZTEyMzQ1NiIsImlhdCI6MTc1MjA4NDUyNiwiZ...</msg>
<var>${header}</var>
<arg>Content-Type=application/json</arg>
<arg>Authorization=${token}</arg>
<doc>Creates and returns a dictionary based on the given ``items``.</doc>
<status status="PASS" start="2025-07-09T15:08:47.668603" elapsed="0.000264"/>
</kw>
<return>
<value>${header}</value>
<status status="PASS" start="2025-07-09T15:08:47.668919" elapsed="0.000103"/>
</return>
<msg time="2025-07-09T15:08:47.669129" level="INFO">${header} = {'Content-Type': 'application/json', 'Authorization': 'Bearer eyJhbGciOiJIUzI1NiIsInR5cCI6IkpXVCJ9.eyJlbWFpbCI6IndpbGxpYW1AdGVzdGUuY29tLmJyIiwicGFzc3dvcmQiOiJ0ZXN0ZTEyMzQ1NiIsImlhdCI6MTc1MjA4NDUyNiwiZ...</msg>
<var>${header}</var>
<arg>${TOKEN}</arg>
<status status="PASS" start="2025-07-09T15:08:47.668308" elapsed="0.000840"/>
</kw>
<kw name="Criar Response DELETE" owner="api_session">
<kw name="DELETE On Session" owner="RequestsLibrary">
<msg time="2025-07-09T15:08:47.861750" level="INFO">DELETE Request : url=https://serverest.dev/produtos/ekFiMo5zmZWfXrgj 
 path_url=/produtos/ekFiMo5zmZWfXrgj 
 headers={'User-Agent': 'python-requests/2.32.4', 'Accept-Encoding': 'gzip, deflate', 'Accept': '*/*', 'Connection': 'keep-alive', 'Content-Type': 'application/json', 'Authorization': 'Bearer eyJhbGciOiJIUzI1NiIsInR5cCI6IkpXVCJ9.eyJlbWFpbCI6IndpbGxpYW1AdGVzdGUuY29tLmJyIiwicGFzc3dvcmQiOiJ0ZXN0ZTEyMzQ1NiIsImlhdCI6MTc1MjA4NDUyNiwiZXhwIjoxNzUyMDg1MTI2fQ.xK61t5x4hA0ZQyy_zc-RkZCTo8YGiQzx68Bx7hpjbkU', 'Content-Length': '0'} 
 body=None 
 </msg>
<msg time="2025-07-09T15:08:47.861837" level="INFO">DELETE Response : url=https://serverest.dev/produtos/ekFiMo5zmZWfXrgj 
 status=200, reason=OK 
 headers={'access-control-allow-origin': '*', 'x-dns-prefetch-control': 'off', 'x-frame-options': 'SAMEORIGIN', 'strict-transport-security': 'max-age=15552000; includeSubDomains', 'x-download-options': 'noopen', 'x-content-type-options': 'nosniff', 'x-xss-protection': '1; mode=block', 'content-type': 'application/json; charset=utf-8', 'x-cloud-trace-context': 'c6e4bb1c8499cb7aa7d1cfa562b23b6f', 'date': 'Wed, 09 Jul 2025 18:08:48 GMT', 'server': 'Google Frontend', 'Content-Length': '51'} 
 body={
    "message": "Registro excluído com sucesso"
} 
 </msg>
<msg time="2025-07-09T15:08:47.861903" level="INFO">C:\Users\willi\Desktop\projeto_api_serverest\Venv\Lib\site-packages\urllib3\connectionpool.py:1097: InsecureRequestWarning: Unverified HTTPS request is being made to host 'serverest.dev'. Adding certificate verification is strongly advised. See: https://urllib3.readthedocs.io/en/latest/advanced-usage.html#tls-warnings
  warnings.warn(</msg>
<msg time="2025-07-09T15:08:47.862700" level="INFO">${response} = &lt;Response [200]&gt;</msg>
<var>${response}</var>
<arg>alias=ServeRest</arg>
<arg>url=${pagina}</arg>
<arg>headers=${header}</arg>
<arg>expected_status=${expected_status}</arg>
<doc>Sends a DELETE request on a previously created HTTP Session.</doc>
<status status="PASS" start="2025-07-09T15:08:47.669456" elapsed="0.193288"/>
</kw>
<return>
<value>${response}</value>
<status status="PASS" start="2025-07-09T15:08:47.862849" elapsed="0.000041"/>
</return>
<msg time="2025-07-09T15:08:47.863019" level="INFO">${response} = &lt;Response [200]&gt;</msg>
<var>${response}</var>
<arg>/produtos/${ID_PRODUTO}</arg>
<arg>200</arg>
<arg>${header}</arg>
<status status="PASS" start="2025-07-09T15:08:47.669255" elapsed="0.193787"/>
</kw>
<kw name="Log" owner="BuiltIn">
<msg time="2025-07-09T15:08:47.863537" level="INFO">{'message': 'Registro excluído com sucesso'}</msg>
<arg>${response.json()}</arg>
<doc>Logs the given message with the given level.</doc>
<status status="PASS" start="2025-07-09T15:08:47.863176" elapsed="0.000396"/>
</kw>
<kw name="Should Be Equal As Strings" owner="BuiltIn">
<arg>${response.json()['message']}</arg>
<arg>Registro excluído com sucesso</arg>
<doc>Fails if objects are unequal after converting them to strings.</doc>
<status status="PASS" start="2025-07-09T15:08:47.863649" elapsed="0.000281"/>
</kw>
<status status="PASS" start="2025-07-09T15:08:47.660264" elapsed="0.203711"/>
</kw>
<kw name="Deletar Usuário" owner="usuario">
<kw name="Buscar Info em Temp Files" owner="api_session">
<kw name="Get File" owner="OperatingSystem">
<msg time="2025-07-09T15:08:47.864468" level="INFO" html="true">Getting file '&lt;a href="file://C:\Users\willi\Desktop\projeto_api_serverest\TempFiles\id_usuario.txt"&gt;C:\Users\willi\Desktop\projeto_api_serverest\TempFiles\id_usuario.txt&lt;/a&gt;'.</msg>
<msg time="2025-07-09T15:08:47.871210" level="INFO">${valor} = stWzTxqsWMdjfy9o</msg>
<var>${valor}</var>
<arg>path=${EXECDIR}/TempFiles/${nome_do_arquivo}</arg>
<doc>Returns the contents of a specified file.</doc>
<status status="PASS" start="2025-07-09T15:08:47.864342" elapsed="0.006905"/>
</kw>
<return>
<value>${valor}</value>
<status status="PASS" start="2025-07-09T15:08:47.871297" elapsed="0.000044"/>
</return>
<msg time="2025-07-09T15:08:47.871459" level="INFO">${ID_USUARIO} = stWzTxqsWMdjfy9o</msg>
<var>${ID_USUARIO}</var>
<arg>id_usuario.txt</arg>
<status status="PASS" start="2025-07-09T15:08:47.864222" elapsed="0.007306"/>
</kw>
<kw name="Criar Header" owner="api_session">
<kw name="Create Dictionary" owner="BuiltIn">
<msg time="2025-07-09T15:08:47.872057" level="INFO">${header} = {'Content-Type': 'application/json', 'Authorization': ''}</msg>
<var>${header}</var>
<arg>Content-Type=application/json</arg>
<arg>Authorization=${token}</arg>
<doc>Creates and returns a dictionary based on the given ``items``.</doc>
<status status="PASS" start="2025-07-09T15:08:47.871881" elapsed="0.000195"/>
</kw>
<return>
<value>${header}</value>
<status status="PASS" start="2025-07-09T15:08:47.872112" elapsed="0.000022"/>
</return>
<msg time="2025-07-09T15:08:47.872216" level="INFO">${header} = {'Content-Type': 'application/json', 'Authorization': ''}</msg>
<var>${header}</var>
<status status="PASS" start="2025-07-09T15:08:47.871666" elapsed="0.000568"/>
</kw>
<kw name="Criar Response DELETE" owner="api_session">
<kw name="DELETE On Session" owner="RequestsLibrary">
<msg time="2025-07-09T15:08:48.078143" level="INFO">DELETE Request : url=https://serverest.dev/usuarios/stWzTxqsWMdjfy9o 
 path_url=/usuarios/stWzTxqsWMdjfy9o 
 headers={'User-Agent': 'python-requests/2.32.4', 'Accept-Encoding': 'gzip, deflate', 'Accept': '*/*', 'Connection': 'keep-alive', 'Content-Type': 'application/json', 'Authorization': '', 'Content-Length': '0'} 
 body=None 
 </msg>
<msg time="2025-07-09T15:08:48.078228" level="INFO">DELETE Response : url=https://serverest.dev/usuarios/stWzTxqsWMdjfy9o 
 status=200, reason=OK 
 headers={'access-control-allow-origin': '*', 'x-dns-prefetch-control': 'off', 'x-frame-options': 'SAMEORIGIN', 'strict-transport-security': 'max-age=15552000; includeSubDomains', 'x-download-options': 'noopen', 'x-content-type-options': 'nosniff', 'x-xss-protection': '1; mode=block', 'content-type': 'application/json; charset=utf-8', 'x-cloud-trace-context': '975f6cfeb6501caca7d1cfa562b231d0', 'date': 'Wed, 09 Jul 2025 18:08:48 GMT', 'server': 'Google Frontend', 'Content-Length': '51'} 
 body={
    "message": "Registro excluído com sucesso"
} 
 </msg>
<msg time="2025-07-09T15:08:48.078294" level="INFO">C:\Users\willi\Desktop\projeto_api_serverest\Venv\Lib\site-packages\urllib3\connectionpool.py:1097: InsecureRequestWarning: Unverified HTTPS request is being made to host 'serverest.dev'. Adding certificate verification is strongly advised. See: https://urllib3.readthedocs.io/en/latest/advanced-usage.html#tls-warnings
  warnings.warn(</msg>
<msg time="2025-07-09T15:08:48.079139" level="INFO">${response} = &lt;Response [200]&gt;</msg>
<var>${response}</var>
<arg>alias=ServeRest</arg>
<arg>url=${pagina}</arg>
<arg>headers=${header}</arg>
<arg>expected_status=${expected_status}</arg>
<doc>Sends a DELETE request on a previously created HTTP Session.</doc>
<status status="PASS" start="2025-07-09T15:08:47.872511" elapsed="0.206670"/>
</kw>
<return>
<value>${response}</value>
<status status="PASS" start="2025-07-09T15:08:48.079266" elapsed="0.000064"/>
</return>
<msg time="2025-07-09T15:08:48.079457" level="INFO">${response} = &lt;Response [200]&gt;</msg>
<var>${response}</var>
<arg>/usuarios/${ID_USUARIO}</arg>
<arg>200</arg>
<arg>${header}</arg>
<status status="PASS" start="2025-07-09T15:08:47.872326" elapsed="0.207155"/>
</kw>
<kw name="Dictionary Should Contain Value" owner="Collections">
<arg>${response.json()}</arg>
<arg>Registro excluído com sucesso</arg>
<doc>Fails if ``value`` is not found from ``dictionary``.</doc>
<status status="PASS" start="2025-07-09T15:08:48.079617" elapsed="0.000379"/>
</kw>
<status status="PASS" start="2025-07-09T15:08:47.864082" elapsed="0.215961"/>
</kw>
<kw name="Encerrar Sessão" owner="api_session">
<kw name="Delete All Sessions" owner="RequestsLibrary">
<msg time="2025-07-09T15:08:48.080758" level="INFO">Deleting All Sessions</msg>
<doc>Removes all the session objects</doc>
<status status="PASS" start="2025-07-09T15:08:48.080710" elapsed="0.000103"/>
</kw>
<status status="PASS" start="2025-07-09T15:08:48.080141" elapsed="0.000710"/>
</kw>
<status status="PASS" start="2025-07-09T15:08:47.660113" elapsed="0.420765"/>
</kw>
<status status="PASS" start="2025-07-09T15:08:45.469545" elapsed="2.611352"/>
</suite>
<statistics>
<total>
<stat pass="5" fail="0" skip="0">All Tests</stat>
</total>
<tag>
</tag>
<suite>
<stat name="Teste Carrinho Negativo" id="s1" pass="5" fail="0" skip="0">Teste Carrinho Negativo</stat>
</suite>
</statistics>
<errors>
</errors>
</robot>
