<?xml version="1.0" encoding="UTF-8"?>
<robot generator="Robot 7.3.1 (Python 3.13.5 on win32)" generated="2025-07-14T10:30:33.053648" rpa="false" schemaversion="5">
<suite id="s1" name="Tests" source="C:\Users\willi\Desktop\projeto_api_serverest\Tests">
<suite id="s1-s1" name="Test Produto Negativo" source="C:\Users\willi\Desktop\projeto_api_serverest\Tests\test_produto_negativo.robot">
<kw name="Cadastrar e Logar" owner="api_session" type="SETUP">
<kw name="Criar Header" owner="api_session">
<kw name="Create Dictionary" owner="BuiltIn">
<msg time="2025-07-14T10:30:33.425741" level="INFO">${header} = {'Content-Type': 'application/json'}</msg>
<var>${header}</var>
<arg>Content-Type=application/json</arg>
<doc>Creates and returns a dictionary based on the given ``items``.</doc>
<status status="PASS" start="2025-07-14T10:30:33.425544" elapsed="0.000231"/>
</kw>
<kw name="Run Keyword If" owner="BuiltIn">
<arg>'${token}' != 'None'</arg>
<arg>Set To Dictionary</arg>
<arg>${header}</arg>
<arg>Authorization=${token}</arg>
<doc>Runs the given keyword with the given arguments, if ``condition`` is true.</doc>
<status status="PASS" start="2025-07-14T10:30:33.425887" elapsed="0.000143"/>
</kw>
<kw name="Set Suite Variable" owner="BuiltIn">
<msg time="2025-07-14T10:30:33.426261" level="INFO">${header} = {'Content-Type': 'application/json'}</msg>
<arg>${header}</arg>
<doc>Makes a variable available everywhere within the scope of the current suite.</doc>
<status status="PASS" start="2025-07-14T10:30:33.426126" elapsed="0.000168"/>
</kw>
<return>
<value>${header}</value>
<status status="PASS" start="2025-07-14T10:30:33.426333" elapsed="0.000038"/>
</return>
<status status="PASS" start="2025-07-14T10:30:33.425088" elapsed="0.001359"/>
</kw>
<kw name="Cadastrar Usuário" owner="usuario">
<kw name="Criar Body" owner="api_session">
<kw name="Create Dictionary" owner="BuiltIn">
<msg time="2025-07-14T10:30:33.427188" level="INFO">${body} = {'nome': 'WilliamTeste', 'email': 'william@teste.com.br', 'password': 'teste123456', 'administrador': 'true'}</msg>
<var>${body}</var>
<arg>nome=${nome}</arg>
<arg>email=${email}</arg>
<arg>password=${password}</arg>
<arg>administrador=${administrador}</arg>
<doc>Creates and returns a dictionary based on the given ``items``.</doc>
<status status="PASS" start="2025-07-14T10:30:33.426971" elapsed="0.000237"/>
</kw>
<return>
<value>${body}</value>
<status status="PASS" start="2025-07-14T10:30:33.427247" elapsed="0.000022"/>
</return>
<msg time="2025-07-14T10:30:33.427353" level="INFO">${body} = {'nome': 'WilliamTeste', 'email': 'william@teste.com.br', 'password': 'teste123456', 'administrador': 'true'}</msg>
<var>${body}</var>
<arg>${nome}</arg>
<arg>${email}</arg>
<arg>${senha}</arg>
<arg>${admin}</arg>
<status status="PASS" start="2025-07-14T10:30:33.426711" elapsed="0.000659"/>
</kw>
<kw name="Criar Response POST" owner="api_session">
<kw name="POST" owner="RequestsLibrary">
<msg time="2025-07-14T10:30:33.864017" level="INFO">POST Request : url=https://serverest.dev/usuarios 
 path_url=/usuarios 
 headers={'User-Agent': 'python-requests/2.32.4', 'Accept-Encoding': 'gzip, deflate', 'Accept': '*/*', 'Connection': 'keep-alive', 'Content-Type': 'application/json', 'Content-Length': '109'} 
 body=b'{"nome": "WilliamTeste", "email": "william@teste.com.br", "password": "teste123456", "administrador": "true"}' 
 </msg>
<msg time="2025-07-14T10:30:33.864141" level="INFO">POST Response : url=https://serverest.dev/usuarios 
 status=201, reason=Created 
 headers={'access-control-allow-origin': '*', 'x-dns-prefetch-control': 'off', 'x-frame-options': 'SAMEORIGIN', 'strict-transport-security': 'max-age=15552000; includeSubDomains', 'x-download-options': 'noopen', 'x-content-type-options': 'nosniff', 'x-xss-protection': '1; mode=block', 'content-type': 'application/json; charset=utf-8', 'x-cloud-trace-context': '5a6ba6c3c9b3618603ac61ce85e37467;o=1', 'date': 'Mon, 14 Jul 2025 13:30:35 GMT', 'server': 'Google Frontend', 'Content-Length': '82'} 
 body={
    "message": "Cadastro realizado com sucesso",
    "_id": "enQssdJf8Z2c28JT"
} 
 </msg>
<msg time="2025-07-14T10:30:33.864274" level="INFO">${response} = &lt;Response [201]&gt;</msg>
<var>${response}</var>
<arg>url=${BASE_URL}${pagina}</arg>
<arg>headers=${header}</arg>
<arg>json=${body}</arg>
<arg>expected_status=${expected_status}</arg>
<doc>Sends a POST request.</doc>
<status status="PASS" start="2025-07-14T10:30:33.427649" elapsed="0.436651"/>
</kw>
<return>
<value>${response}</value>
<status status="PASS" start="2025-07-14T10:30:33.864372" elapsed="0.000041"/>
</return>
<msg time="2025-07-14T10:30:33.864524" level="INFO">${response} = &lt;Response [201]&gt;</msg>
<var>${response}</var>
<arg>/usuarios</arg>
<arg>201</arg>
<arg>${header}</arg>
<arg>${body}</arg>
<status status="PASS" start="2025-07-14T10:30:33.427469" elapsed="0.437074"/>
</kw>
<kw name="Validar Resposta Completa Através da Mensagem" owner="api_session">
<kw name="Should Be Equal As Integers" owner="BuiltIn">
<msg time="2025-07-14T10:30:33.865297" level="INFO">Argument types are:
&lt;class 'int'&gt;
&lt;class 'str'&gt;</msg>
<arg>${response.status_code}</arg>
<arg>${codigo_esperado}</arg>
<doc>Fails if objects are unequal after converting them to integers.</doc>
<status status="PASS" start="2025-07-14T10:30:33.864922" elapsed="0.000422"/>
</kw>
<kw name="Should Be Equal As Strings" owner="BuiltIn">
<arg>${response.json()['message']}</arg>
<arg>${mensagem_esperada}</arg>
<doc>Fails if objects are unequal after converting them to strings.</doc>
<status status="PASS" start="2025-07-14T10:30:33.865503" elapsed="0.000472"/>
</kw>
<arg>${response}</arg>
<arg>201</arg>
<arg>Cadastro realizado com sucesso</arg>
<status status="PASS" start="2025-07-14T10:30:33.864698" elapsed="0.001337"/>
</kw>
<kw name="Set Variable" owner="BuiltIn">
<msg time="2025-07-14T10:30:33.866674" level="INFO">${id} = enQssdJf8Z2c28JT</msg>
<var>${id}</var>
<arg>${response.json()['_id']}</arg>
<doc>Returns the given values which can then be assigned to a variables.</doc>
<status status="PASS" start="2025-07-14T10:30:33.866264" elapsed="0.000430"/>
</kw>
<kw name="Set Suite Variable" owner="BuiltIn">
<msg time="2025-07-14T10:30:33.867247" level="INFO">${ID_USUARIO} = enQssdJf8Z2c28JT</msg>
<arg>${ID_USUARIO}</arg>
<arg>${id}</arg>
<doc>Makes a variable available everywhere within the scope of the current suite.</doc>
<status status="PASS" start="2025-07-14T10:30:33.866785" elapsed="0.000494"/>
</kw>
<kw name="Create File" owner="OperatingSystem">
<msg time="2025-07-14T10:30:33.867947" level="INFO" html="true">Created file '&lt;a href="file://C:\Users\willi\Desktop\projeto_api_serverest\TempFiles\id_usuario.txt"&gt;C:\Users\willi\Desktop\projeto_api_serverest\TempFiles\id_usuario.txt&lt;/a&gt;'.</msg>
<arg>${EXECDIR}/TempFiles/id_usuario.txt</arg>
<arg>${id}</arg>
<doc>Creates a file with the given content and encoding.</doc>
<status status="PASS" start="2025-07-14T10:30:33.867354" elapsed="0.000658"/>
</kw>
<tag>positivo</tag>
<doc>Realiza o cadastro do usuário, verifica se o cadastro foi realizado
com sucesso e guarda o ID para uso em testes subsequentes.</doc>
<status status="PASS" start="2025-07-14T10:30:33.426572" elapsed="0.441490"/>
</kw>
<kw name="Logar Usuário" owner="usuario">
<kw name="Create Dictionary" owner="BuiltIn">
<msg time="2025-07-14T10:30:33.868582" level="INFO">${body} = {'email': 'william@teste.com.br', 'password': 'teste123456'}</msg>
<var>${body}</var>
<arg>email=${email}</arg>
<arg>password=${senha}</arg>
<doc>Creates and returns a dictionary based on the given ``items``.</doc>
<status status="PASS" start="2025-07-14T10:30:33.868397" elapsed="0.000205"/>
</kw>
<kw name="Criar Response POST" owner="api_session">
<kw name="POST" owner="RequestsLibrary">
<msg time="2025-07-14T10:30:34.277073" level="INFO">POST Request : url=https://serverest.dev/login 
 path_url=/login 
 headers={'User-Agent': 'python-requests/2.32.4', 'Accept-Encoding': 'gzip, deflate', 'Accept': '*/*', 'Connection': 'keep-alive', 'Content-Type': 'application/json', 'Content-Length': '60'} 
 body=b'{"email": "william@teste.com.br", "password": "teste123456"}' 
 </msg>
<msg time="2025-07-14T10:30:34.277310" level="INFO">POST Response : url=https://serverest.dev/login 
 status=200, reason=OK 
 headers={'access-control-allow-origin': '*', 'x-dns-prefetch-control': 'off', 'x-frame-options': 'SAMEORIGIN', 'strict-transport-security': 'max-age=15552000; includeSubDomains', 'x-download-options': 'noopen', 'x-content-type-options': 'nosniff', 'x-xss-protection': '1; mode=block', 'content-type': 'application/json; charset=utf-8', 'x-cloud-trace-context': 'e2be7abb4a327e497259daa3e3819aa0', 'date': 'Mon, 14 Jul 2025 13:30:36 GMT', 'server': 'Google Frontend', 'Content-Length': '283'} 
 body={
    "message": "Login realizado com sucesso",
    "authorization": "Bearer eyJhbGciOiJIUzI1NiIsInR5cCI6IkpXVCJ9.eyJlbWFpbCI6IndpbGxpYW1AdGVzdGUuY29tLmJyIiwicGFzc3dvcmQiOiJ0ZXN0ZTEyMzQ1NiIsImlhdCI6MTc1MjQ5OTgzNiwiZXhwIjoxNzUyNTAwNDM2fQ.RAaW_rwK7JndkAgcwEjkZDXL79d1e4Hhhoby2WtD3Ck"
} 
 </msg>
<msg time="2025-07-14T10:30:34.277650" level="INFO">${response} = &lt;Response [200]&gt;</msg>
<var>${response}</var>
<arg>url=${BASE_URL}${pagina}</arg>
<arg>headers=${header}</arg>
<arg>json=${body}</arg>
<arg>expected_status=${expected_status}</arg>
<doc>Sends a POST request.</doc>
<status status="PASS" start="2025-07-14T10:30:33.869177" elapsed="0.408499"/>
</kw>
<return>
<value>${response}</value>
<status status="PASS" start="2025-07-14T10:30:34.277742" elapsed="0.000038"/>
</return>
<msg time="2025-07-14T10:30:34.277889" level="INFO">${response} = &lt;Response [200]&gt;</msg>
<var>${response}</var>
<arg>/login</arg>
<arg>200</arg>
<arg>${header}</arg>
<arg>${body}</arg>
<status status="PASS" start="2025-07-14T10:30:33.868710" elapsed="0.409198"/>
</kw>
<kw name="Validar Resposta Completa Através da Mensagem" owner="api_session">
<kw name="Should Be Equal As Integers" owner="BuiltIn">
<msg time="2025-07-14T10:30:34.278890" level="INFO">Argument types are:
&lt;class 'int'&gt;
&lt;class 'str'&gt;</msg>
<arg>${response.status_code}</arg>
<arg>${codigo_esperado}</arg>
<doc>Fails if objects are unequal after converting them to integers.</doc>
<status status="PASS" start="2025-07-14T10:30:34.278385" elapsed="0.000573"/>
</kw>
<kw name="Should Be Equal As Strings" owner="BuiltIn">
<arg>${response.json()['message']}</arg>
<arg>${mensagem_esperada}</arg>
<doc>Fails if objects are unequal after converting them to strings.</doc>
<status status="PASS" start="2025-07-14T10:30:34.279059" elapsed="0.000414"/>
</kw>
<arg>${response}</arg>
<arg>200</arg>
<arg>Login realizado com sucesso</arg>
<status status="PASS" start="2025-07-14T10:30:34.278153" elapsed="0.001370"/>
</kw>
<kw name="Set Variable" owner="BuiltIn">
<msg time="2025-07-14T10:30:34.279911" level="INFO">${authorization} = Bearer eyJhbGciOiJIUzI1NiIsInR5cCI6IkpXVCJ9.eyJlbWFpbCI6IndpbGxpYW1AdGVzdGUuY29tLmJyIiwicGFzc3dvcmQiOiJ0ZXN0ZTEyMzQ1NiIsImlhdCI6MTc1MjQ5OTgzNiwiZXhwIjoxNzUyNTAwNDM2fQ.RAaW_rwK7JndkAgcwEjkZDXL79d1e4Hhh...</msg>
<var>${authorization}</var>
<arg>${response.json()['authorization']}</arg>
<doc>Returns the given values which can then be assigned to a variables.</doc>
<status status="PASS" start="2025-07-14T10:30:34.279616" elapsed="0.000316"/>
</kw>
<kw name="Set Global Variable" owner="BuiltIn">
<msg time="2025-07-14T10:30:34.280539" level="INFO">${TOKEN} = Bearer eyJhbGciOiJIUzI1NiIsInR5cCI6IkpXVCJ9.eyJlbWFpbCI6IndpbGxpYW1AdGVzdGUuY29tLmJyIiwicGFzc3dvcmQiOiJ0ZXN0ZTEyMzQ1NiIsImlhdCI6MTc1MjQ5OTgzNiwiZXhwIjoxNzUyNTAwNDM2fQ.RAaW_rwK7JndkAgcwEjkZDXL79d1e4Hhh...</msg>
<arg>${TOKEN}</arg>
<arg>${authorization}</arg>
<doc>Makes a variable available globally in all tests and suites.</doc>
<status status="PASS" start="2025-07-14T10:30:34.280016" elapsed="0.000563"/>
</kw>
<kw name="Create File" owner="OperatingSystem">
<msg time="2025-07-14T10:30:34.281241" level="INFO" html="true">Created file '&lt;a href="file://C:\Users\willi\Desktop\projeto_api_serverest\TempFiles\token.txt"&gt;C:\Users\willi\Desktop\projeto_api_serverest\TempFiles\token.txt&lt;/a&gt;'.</msg>
<arg>${EXECDIR}/TempFiles/token.txt</arg>
<arg>${authorization}</arg>
<doc>Creates a file with the given content and encoding.</doc>
<status status="PASS" start="2025-07-14T10:30:34.280658" elapsed="0.000633"/>
</kw>
<tag>positivo</tag>
<doc>Realiza login com usuário válido, verifica se o loguin foi
realizado com sucesso e guarda o token de autorização para uso em testes subsequentes.</doc>
<status status="PASS" start="2025-07-14T10:30:33.868243" elapsed="0.413097"/>
</kw>
<status status="PASS" start="2025-07-14T10:30:33.424852" elapsed="0.856530"/>
</kw>
<test id="s1-s1-t1" name="Deve Retornar Erro 400 ao Cadastrar Produto Sem Nome e Validar Resposta" line="12">
<kw name="Cadastrar Produto Sem Nome" owner="produtos">
<kw name="Criar Body Produto" owner="produtos">
<kw name="Create Dictionary" owner="BuiltIn">
<msg time="2025-07-14T10:30:34.282672" level="INFO">${body} = {'nome': '', 'preco': '402', 'descricao': 'Mouse', 'quantidade': '12'}</msg>
<var>${body}</var>
<arg>nome=${nome}</arg>
<arg>preco=${preco}</arg>
<arg>descricao=${descricao}</arg>
<arg>quantidade=${quantidade}</arg>
<doc>Creates and returns a dictionary based on the given ``items``.</doc>
<status status="PASS" start="2025-07-14T10:30:34.282409" elapsed="0.000285"/>
</kw>
<return>
<value>${body}</value>
<status status="PASS" start="2025-07-14T10:30:34.282740" elapsed="0.000032"/>
</return>
<msg time="2025-07-14T10:30:34.282861" level="INFO">${body} = {'nome': '', 'preco': '402', 'descricao': 'Mouse', 'quantidade': '12'}</msg>
<var>${body}</var>
<arg>preco=${preco}</arg>
<arg>descricao=${descricao}</arg>
<arg>quantidade=${quantidade}</arg>
<status status="PASS" start="2025-07-14T10:30:34.282101" elapsed="0.000779"/>
</kw>
<kw name="Criar Header" owner="api_session">
<kw name="Create Dictionary" owner="BuiltIn">
<msg time="2025-07-14T10:30:34.283287" level="INFO">${header} = {'Content-Type': 'application/json'}</msg>
<var>${header}</var>
<arg>Content-Type=application/json</arg>
<doc>Creates and returns a dictionary based on the given ``items``.</doc>
<status status="PASS" start="2025-07-14T10:30:34.283180" elapsed="0.000126"/>
</kw>
<kw name="Run Keyword If" owner="BuiltIn">
<kw name="Set To Dictionary" owner="Collections">
<arg>${header}</arg>
<arg>Authorization=${token}</arg>
<doc>Adds the given ``key_value_pairs`` and/or ``items`` to the ``dictionary``.</doc>
<status status="PASS" start="2025-07-14T10:30:34.283563" elapsed="0.000128"/>
</kw>
<arg>'${token}' != 'None'</arg>
<arg>Set To Dictionary</arg>
<arg>${header}</arg>
<arg>Authorization=${token}</arg>
<doc>Runs the given keyword with the given arguments, if ``condition`` is true.</doc>
<status status="PASS" start="2025-07-14T10:30:34.283384" elapsed="0.000347"/>
</kw>
<kw name="Set Suite Variable" owner="BuiltIn">
<msg time="2025-07-14T10:30:34.283936" level="INFO">${header} = {'Content-Type': 'application/json', 'Authorization': 'Bearer eyJhbGciOiJIUzI1NiIsInR5cCI6IkpXVCJ9.eyJlbWFpbCI6IndpbGxpYW1AdGVzdGUuY29tLmJyIiwicGFzc3dvcmQiOiJ0ZXN0ZTEyMzQ1NiIsImlhdCI6MTc1MjQ5OTgzNiwiZ...</msg>
<arg>${header}</arg>
<doc>Makes a variable available everywhere within the scope of the current suite.</doc>
<status status="PASS" start="2025-07-14T10:30:34.283813" elapsed="0.000151"/>
</kw>
<return>
<value>${header}</value>
<status status="PASS" start="2025-07-14T10:30:34.283993" elapsed="0.000019"/>
</return>
<msg time="2025-07-14T10:30:34.284091" level="INFO">${header} = {'Content-Type': 'application/json', 'Authorization': 'Bearer eyJhbGciOiJIUzI1NiIsInR5cCI6IkpXVCJ9.eyJlbWFpbCI6IndpbGxpYW1AdGVzdGUuY29tLmJyIiwicGFzc3dvcmQiOiJ0ZXN0ZTEyMzQ1NiIsImlhdCI6MTc1MjQ5OTgzNiwiZ...</msg>
<var>${header}</var>
<arg>${TOKEN}</arg>
<status status="PASS" start="2025-07-14T10:30:34.282989" elapsed="0.001119"/>
</kw>
<kw name="Criar Response POST" owner="api_session">
<kw name="POST" owner="RequestsLibrary">
<msg time="2025-07-14T10:30:34.676307" level="INFO">POST Request : url=https://serverest.dev/produtos 
 path_url=/produtos 
 headers={'User-Agent': 'python-requests/2.32.4', 'Accept-Encoding': 'gzip, deflate', 'Accept': '*/*', 'Connection': 'keep-alive', 'Content-Type': 'application/json', 'Authorization': '*****', 'Content-Length': '70'} 
 body=b'{"nome": "", "preco": "402", "descricao": "Mouse", "quantidade": "12"}' 
 </msg>
<msg time="2025-07-14T10:30:34.676511" level="INFO">POST Response : url=https://serverest.dev/produtos 
 status=400, reason=Bad Request 
 headers={'access-control-allow-origin': '*', 'x-dns-prefetch-control': 'off', 'x-frame-options': 'SAMEORIGIN', 'strict-transport-security': 'max-age=15552000; includeSubDomains', 'x-download-options': 'noopen', 'x-content-type-options': 'nosniff', 'x-xss-protection': '1; mode=block', 'content-type': 'application/json; charset=utf-8', 'x-cloud-trace-context': 'c58f51f5ef64ca2a1a3e660c6d274859', 'date': 'Mon, 14 Jul 2025 13:30:36 GMT', 'server': 'Google Frontend', 'Content-Length': '48'} 
 body={
    "nome": "nome não pode ficar em branco"
} 
 </msg>
<msg time="2025-07-14T10:30:34.676632" level="INFO">${response} = &lt;Response [400]&gt;</msg>
<var>${response}</var>
<arg>url=${BASE_URL}${pagina}</arg>
<arg>headers=${header}</arg>
<arg>json=${body}</arg>
<arg>expected_status=${expected_status}</arg>
<doc>Sends a POST request.</doc>
<status status="PASS" start="2025-07-14T10:30:34.284411" elapsed="0.392243"/>
</kw>
<return>
<value>${response}</value>
<status status="PASS" start="2025-07-14T10:30:34.676720" elapsed="0.000036"/>
</return>
<msg time="2025-07-14T10:30:34.676863" level="INFO">${response} = &lt;Response [400]&gt;</msg>
<var>${response}</var>
<arg>/produtos</arg>
<arg>400</arg>
<arg>${header}</arg>
<arg>${body}</arg>
<status status="PASS" start="2025-07-14T10:30:34.284201" elapsed="0.392680"/>
</kw>
<kw name="Validar Resposta por Keys e Mensagens" owner="api_session">
<kw name="Should Be Equal As Integers" owner="BuiltIn">
<msg time="2025-07-14T10:30:34.677695" level="INFO">Argument types are:
&lt;class 'int'&gt;
&lt;class 'str'&gt;</msg>
<arg>${response.status_code}</arg>
<arg>${codigo_esperado}</arg>
<doc>Fails if objects are unequal after converting them to integers.</doc>
<status status="PASS" start="2025-07-14T10:30:34.677349" elapsed="0.000387"/>
</kw>
<for flavor="IN">
<iter>
<kw name="Get From Dictionary" owner="Collections">
<msg time="2025-07-14T10:30:34.678335" level="INFO">${esperada} = nome não pode ficar em branco</msg>
<var>${esperada}</var>
<arg>${mensagens_esperadas}</arg>
<arg>${campo}</arg>
<doc>Returns a value from the given ``dictionary`` based on the given ``key``.</doc>
<status status="PASS" start="2025-07-14T10:30:34.678205" elapsed="0.000152"/>
</kw>
<kw name="Get From Dictionary" owner="Collections">
<msg time="2025-07-14T10:30:34.678799" level="INFO">${recebida} = nome não pode ficar em branco</msg>
<var>${recebida}</var>
<arg>${response.json()}</arg>
<arg>${campo}</arg>
<doc>Returns a value from the given ``dictionary`` based on the given ``key``.</doc>
<status status="PASS" start="2025-07-14T10:30:34.678432" elapsed="0.000397"/>
</kw>
<kw name="Should Be Equal As Strings" owner="BuiltIn">
<arg>${recebida}</arg>
<arg>${esperada}</arg>
<doc>Fails if objects are unequal after converting them to strings.</doc>
<status status="PASS" start="2025-07-14T10:30:34.678957" elapsed="0.000138"/>
</kw>
<var name="${campo}">nome</var>
<status status="PASS" start="2025-07-14T10:30:34.678135" elapsed="0.000990"/>
</iter>
<var>${campo}</var>
<value>@{mensagens_esperadas.keys()}</value>
<status status="PASS" start="2025-07-14T10:30:34.677791" elapsed="0.001365"/>
</for>
<arg>${response}</arg>
<arg>400</arg>
<arg>nome=nome não pode ficar em branco</arg>
<status status="PASS" start="2025-07-14T10:30:34.677064" elapsed="0.002136"/>
</kw>
<status status="PASS" start="2025-07-14T10:30:34.281898" elapsed="0.397342"/>
</kw>
<status status="PASS" start="2025-07-14T10:30:34.281448" elapsed="0.398027"/>
</test>
<test id="s1-s1-t2" name="Deve Retornar Erro 400 ao Cadastrar Produto Sem Preço e Validar Resposta" line="15">
<kw name="Cadastrar Produto Sem Preço" owner="produtos">
<kw name="Criar Body Produto" owner="produtos">
<kw name="Create Dictionary" owner="BuiltIn">
<msg time="2025-07-14T10:30:34.681160" level="INFO">${body} = {'nome': 'WilliamTeste', 'preco': '', 'descricao': 'Mouse', 'quantidade': '12'}</msg>
<var>${body}</var>
<arg>nome=${nome}</arg>
<arg>preco=${preco}</arg>
<arg>descricao=${descricao}</arg>
<arg>quantidade=${quantidade}</arg>
<doc>Creates and returns a dictionary based on the given ``items``.</doc>
<status status="PASS" start="2025-07-14T10:30:34.680931" elapsed="0.000252"/>
</kw>
<return>
<value>${body}</value>
<status status="PASS" start="2025-07-14T10:30:34.681227" elapsed="0.000028"/>
</return>
<msg time="2025-07-14T10:30:34.681339" level="INFO">${body} = {'nome': 'WilliamTeste', 'preco': '', 'descricao': 'Mouse', 'quantidade': '12'}</msg>
<var>${body}</var>
<arg>nome=${nome}</arg>
<arg>descricao=${descricao}</arg>
<arg>quantidade=${quantidade}</arg>
<status status="PASS" start="2025-07-14T10:30:34.680611" elapsed="0.000746"/>
</kw>
<kw name="Criar Header" owner="api_session">
<kw name="Create Dictionary" owner="BuiltIn">
<msg time="2025-07-14T10:30:34.681769" level="INFO">${header} = {'Content-Type': 'application/json'}</msg>
<var>${header}</var>
<arg>Content-Type=application/json</arg>
<doc>Creates and returns a dictionary based on the given ``items``.</doc>
<status status="PASS" start="2025-07-14T10:30:34.681664" elapsed="0.000123"/>
</kw>
<kw name="Run Keyword If" owner="BuiltIn">
<kw name="Set To Dictionary" owner="Collections">
<arg>${header}</arg>
<arg>Authorization=${token}</arg>
<doc>Adds the given ``key_value_pairs`` and/or ``items`` to the ``dictionary``.</doc>
<status status="PASS" start="2025-07-14T10:30:34.682026" elapsed="0.000120"/>
</kw>
<arg>'${token}' != 'None'</arg>
<arg>Set To Dictionary</arg>
<arg>${header}</arg>
<arg>Authorization=${token}</arg>
<doc>Runs the given keyword with the given arguments, if ``condition`` is true.</doc>
<status status="PASS" start="2025-07-14T10:30:34.681865" elapsed="0.000318"/>
</kw>
<kw name="Set Suite Variable" owner="BuiltIn">
<msg time="2025-07-14T10:30:34.682386" level="INFO">${header} = {'Content-Type': 'application/json', 'Authorization': 'Bearer eyJhbGciOiJIUzI1NiIsInR5cCI6IkpXVCJ9.eyJlbWFpbCI6IndpbGxpYW1AdGVzdGUuY29tLmJyIiwicGFzc3dvcmQiOiJ0ZXN0ZTEyMzQ1NiIsImlhdCI6MTc1MjQ5OTgzNiwiZ...</msg>
<arg>${header}</arg>
<doc>Makes a variable available everywhere within the scope of the current suite.</doc>
<status status="PASS" start="2025-07-14T10:30:34.682264" elapsed="0.000151"/>
</kw>
<return>
<value>${header}</value>
<status status="PASS" start="2025-07-14T10:30:34.682443" elapsed="0.000018"/>
</return>
<msg time="2025-07-14T10:30:34.682541" level="INFO">${header} = {'Content-Type': 'application/json', 'Authorization': 'Bearer eyJhbGciOiJIUzI1NiIsInR5cCI6IkpXVCJ9.eyJlbWFpbCI6IndpbGxpYW1AdGVzdGUuY29tLmJyIiwicGFzc3dvcmQiOiJ0ZXN0ZTEyMzQ1NiIsImlhdCI6MTc1MjQ5OTgzNiwiZ...</msg>
<var>${header}</var>
<arg>${TOKEN}</arg>
<status status="PASS" start="2025-07-14T10:30:34.681461" elapsed="0.001116"/>
</kw>
<kw name="Criar Response POST" owner="api_session">
<kw name="POST" owner="RequestsLibrary">
<msg time="2025-07-14T10:30:35.078334" level="INFO">POST Request : url=https://serverest.dev/produtos 
 path_url=/produtos 
 headers={'User-Agent': 'python-requests/2.32.4', 'Accept-Encoding': 'gzip, deflate', 'Accept': '*/*', 'Connection': 'keep-alive', 'Content-Type': 'application/json', 'Authorization': '*****', 'Content-Length': '79'} 
 body=b'{"nome": "WilliamTeste", "preco": "", "descricao": "Mouse", "quantidade": "12"}' 
 </msg>
<msg time="2025-07-14T10:30:35.078420" level="INFO">POST Response : url=https://serverest.dev/produtos 
 status=400, reason=Bad Request 
 headers={'access-control-allow-origin': '*', 'x-dns-prefetch-control': 'off', 'x-frame-options': 'SAMEORIGIN', 'strict-transport-security': 'max-age=15552000; includeSubDomains', 'x-download-options': 'noopen', 'x-content-type-options': 'nosniff', 'x-xss-protection': '1; mode=block', 'content-type': 'application/json; charset=utf-8', 'x-cloud-trace-context': '49b734c64ffdaa73580b2001a0740382', 'date': 'Mon, 14 Jul 2025 13:30:36 GMT', 'server': 'Google Frontend', 'Content-Length': '44'} 
 body={
    "preco": "preco deve ser um número"
} 
 </msg>
<msg time="2025-07-14T10:30:35.078618" level="INFO">${response} = &lt;Response [400]&gt;</msg>
<var>${response}</var>
<arg>url=${BASE_URL}${pagina}</arg>
<arg>headers=${header}</arg>
<arg>json=${body}</arg>
<arg>expected_status=${expected_status}</arg>
<doc>Sends a POST request.</doc>
<status status="PASS" start="2025-07-14T10:30:34.682886" elapsed="0.395763"/>
</kw>
<return>
<value>${response}</value>
<status status="PASS" start="2025-07-14T10:30:35.078716" elapsed="0.000037"/>
</return>
<msg time="2025-07-14T10:30:35.078867" level="INFO">${response} = &lt;Response [400]&gt;</msg>
<var>${response}</var>
<arg>/produtos</arg>
<arg>400</arg>
<arg>${header}</arg>
<arg>${body}</arg>
<status status="PASS" start="2025-07-14T10:30:34.682680" elapsed="0.396206"/>
</kw>
<kw name="Validar Resposta por Keys e Mensagens" owner="api_session">
<kw name="Should Be Equal As Integers" owner="BuiltIn">
<msg time="2025-07-14T10:30:35.079711" level="INFO">Argument types are:
&lt;class 'int'&gt;
&lt;class 'str'&gt;</msg>
<arg>${response.status_code}</arg>
<arg>${codigo_esperado}</arg>
<doc>Fails if objects are unequal after converting them to integers.</doc>
<status status="PASS" start="2025-07-14T10:30:35.079359" elapsed="0.000396"/>
</kw>
<for flavor="IN">
<iter>
<kw name="Get From Dictionary" owner="Collections">
<msg time="2025-07-14T10:30:35.080304" level="INFO">${esperada} = preco deve ser um número</msg>
<var>${esperada}</var>
<arg>${mensagens_esperadas}</arg>
<arg>${campo}</arg>
<doc>Returns a value from the given ``dictionary`` based on the given ``key``.</doc>
<status status="PASS" start="2025-07-14T10:30:35.080176" elapsed="0.000148"/>
</kw>
<kw name="Get From Dictionary" owner="Collections">
<msg time="2025-07-14T10:30:35.080736" level="INFO">${recebida} = preco deve ser um número</msg>
<var>${recebida}</var>
<arg>${response.json()}</arg>
<arg>${campo}</arg>
<doc>Returns a value from the given ``dictionary`` based on the given ``key``.</doc>
<status status="PASS" start="2025-07-14T10:30:35.080399" elapsed="0.000357"/>
</kw>
<kw name="Should Be Equal As Strings" owner="BuiltIn">
<arg>${recebida}</arg>
<arg>${esperada}</arg>
<doc>Fails if objects are unequal after converting them to strings.</doc>
<status status="PASS" start="2025-07-14T10:30:35.080832" elapsed="0.000111"/>
</kw>
<var name="${campo}">preco</var>
<status status="PASS" start="2025-07-14T10:30:35.080108" elapsed="0.000861"/>
</iter>
<var>${campo}</var>
<value>@{mensagens_esperadas.keys()}</value>
<status status="PASS" start="2025-07-14T10:30:35.079807" elapsed="0.001190"/>
</for>
<arg>${response}</arg>
<arg>400</arg>
<arg>preco=preco deve ser um número</arg>
<status status="PASS" start="2025-07-14T10:30:35.079074" elapsed="0.001964"/>
</kw>
<status status="PASS" start="2025-07-14T10:30:34.680379" elapsed="0.400696"/>
</kw>
<status status="PASS" start="2025-07-14T10:30:34.679993" elapsed="0.401291"/>
</test>
<test id="s1-s1-t3" name="Deve Retornar Erro 400 ao Cadastrar Produto Sem Quantidade e Validar Resposta" line="18">
<kw name="Cadastrar Produto Sem Quantidade" owner="produtos">
<kw name="Criar Body Produto" owner="produtos">
<kw name="Create Dictionary" owner="BuiltIn">
<msg time="2025-07-14T10:30:35.082907" level="INFO">${body} = {'nome': 'WilliamTeste', 'preco': '402', 'descricao': 'Mouse', 'quantidade': ''}</msg>
<var>${body}</var>
<arg>nome=${nome}</arg>
<arg>preco=${preco}</arg>
<arg>descricao=${descricao}</arg>
<arg>quantidade=${quantidade}</arg>
<doc>Creates and returns a dictionary based on the given ``items``.</doc>
<status status="PASS" start="2025-07-14T10:30:35.082691" elapsed="0.000237"/>
</kw>
<return>
<value>${body}</value>
<status status="PASS" start="2025-07-14T10:30:35.082971" elapsed="0.000025"/>
</return>
<msg time="2025-07-14T10:30:35.083079" level="INFO">${body} = {'nome': 'WilliamTeste', 'preco': '402', 'descricao': 'Mouse', 'quantidade': ''}</msg>
<var>${body}</var>
<arg>nome=${nome}</arg>
<arg>preco=${preco}</arg>
<arg>descricao=${descricao}</arg>
<status status="PASS" start="2025-07-14T10:30:35.082358" elapsed="0.000738"/>
</kw>
<kw name="Criar Header" owner="api_session">
<kw name="Create Dictionary" owner="BuiltIn">
<msg time="2025-07-14T10:30:35.083487" level="INFO">${header} = {'Content-Type': 'application/json'}</msg>
<var>${header}</var>
<arg>Content-Type=application/json</arg>
<doc>Creates and returns a dictionary based on the given ``items``.</doc>
<status status="PASS" start="2025-07-14T10:30:35.083385" elapsed="0.000121"/>
</kw>
<kw name="Run Keyword If" owner="BuiltIn">
<kw name="Set To Dictionary" owner="Collections">
<arg>${header}</arg>
<arg>Authorization=${token}</arg>
<doc>Adds the given ``key_value_pairs`` and/or ``items`` to the ``dictionary``.</doc>
<status status="PASS" start="2025-07-14T10:30:35.083738" elapsed="0.000119"/>
</kw>
<arg>'${token}' != 'None'</arg>
<arg>Set To Dictionary</arg>
<arg>${header}</arg>
<arg>Authorization=${token}</arg>
<doc>Runs the given keyword with the given arguments, if ``condition`` is true.</doc>
<status status="PASS" start="2025-07-14T10:30:35.083587" elapsed="0.000306"/>
</kw>
<kw name="Set Suite Variable" owner="BuiltIn">
<msg time="2025-07-14T10:30:35.084089" level="INFO">${header} = {'Content-Type': 'application/json', 'Authorization': 'Bearer eyJhbGciOiJIUzI1NiIsInR5cCI6IkpXVCJ9.eyJlbWFpbCI6IndpbGxpYW1AdGVzdGUuY29tLmJyIiwicGFzc3dvcmQiOiJ0ZXN0ZTEyMzQ1NiIsImlhdCI6MTc1MjQ5OTgzNiwiZ...</msg>
<arg>${header}</arg>
<doc>Makes a variable available everywhere within the scope of the current suite.</doc>
<status status="PASS" start="2025-07-14T10:30:35.083969" elapsed="0.000147"/>
</kw>
<return>
<value>${header}</value>
<status status="PASS" start="2025-07-14T10:30:35.084145" elapsed="0.000018"/>
</return>
<msg time="2025-07-14T10:30:35.084245" level="INFO">${header} = {'Content-Type': 'application/json', 'Authorization': 'Bearer eyJhbGciOiJIUzI1NiIsInR5cCI6IkpXVCJ9.eyJlbWFpbCI6IndpbGxpYW1AdGVzdGUuY29tLmJyIiwicGFzc3dvcmQiOiJ0ZXN0ZTEyMzQ1NiIsImlhdCI6MTc1MjQ5OTgzNiwiZ...</msg>
<var>${header}</var>
<arg>${TOKEN}</arg>
<status status="PASS" start="2025-07-14T10:30:35.083204" elapsed="0.001058"/>
</kw>
<kw name="Criar Response POST" owner="api_session">
<kw name="POST" owner="RequestsLibrary">
<msg time="2025-07-14T10:30:35.511391" level="INFO">POST Request : url=https://serverest.dev/produtos 
 path_url=/produtos 
 headers={'User-Agent': 'python-requests/2.32.4', 'Accept-Encoding': 'gzip, deflate', 'Accept': '*/*', 'Connection': 'keep-alive', 'Content-Type': 'application/json', 'Authorization': '*****', 'Content-Length': '80'} 
 body=b'{"nome": "WilliamTeste", "preco": "402", "descricao": "Mouse", "quantidade": ""}' 
 </msg>
<msg time="2025-07-14T10:30:35.511483" level="INFO">POST Response : url=https://serverest.dev/produtos 
 status=400, reason=Bad Request 
 headers={'access-control-allow-origin': '*', 'x-dns-prefetch-control': 'off', 'x-frame-options': 'SAMEORIGIN', 'strict-transport-security': 'max-age=15552000; includeSubDomains', 'x-download-options': 'noopen', 'x-content-type-options': 'nosniff', 'x-xss-protection': '1; mode=block', 'content-type': 'application/json; charset=utf-8', 'x-cloud-trace-context': '3233943de15129797ef23277873acb29', 'date': 'Mon, 14 Jul 2025 13:30:37 GMT', 'server': 'Google Frontend', 'Content-Length': '54'} 
 body={
    "quantidade": "quantidade deve ser um número"
} 
 </msg>
<msg time="2025-07-14T10:30:35.511604" level="INFO">${response} = &lt;Response [400]&gt;</msg>
<var>${response}</var>
<arg>url=${BASE_URL}${pagina}</arg>
<arg>headers=${header}</arg>
<arg>json=${body}</arg>
<arg>expected_status=${expected_status}</arg>
<doc>Sends a POST request.</doc>
<status status="PASS" start="2025-07-14T10:30:35.084576" elapsed="0.427049"/>
</kw>
<return>
<value>${response}</value>
<status status="PASS" start="2025-07-14T10:30:35.511689" elapsed="0.000037"/>
</return>
<msg time="2025-07-14T10:30:35.511836" level="INFO">${response} = &lt;Response [400]&gt;</msg>
<var>${response}</var>
<arg>/produtos</arg>
<arg>400</arg>
<arg>${header}</arg>
<arg>${body}</arg>
<status status="PASS" start="2025-07-14T10:30:35.084352" elapsed="0.427522"/>
</kw>
<kw name="Validar Resposta por Keys e Mensagens" owner="api_session">
<kw name="Should Be Equal As Integers" owner="BuiltIn">
<msg time="2025-07-14T10:30:35.512839" level="INFO">Argument types are:
&lt;class 'int'&gt;
&lt;class 'str'&gt;</msg>
<arg>${response.status_code}</arg>
<arg>${codigo_esperado}</arg>
<doc>Fails if objects are unequal after converting them to integers.</doc>
<status status="PASS" start="2025-07-14T10:30:35.512467" elapsed="0.000416"/>
</kw>
<for flavor="IN">
<iter>
<kw name="Get From Dictionary" owner="Collections">
<msg time="2025-07-14T10:30:35.513434" level="INFO">${esperada} = quantidade deve ser um número</msg>
<var>${esperada}</var>
<arg>${mensagens_esperadas}</arg>
<arg>${campo}</arg>
<doc>Returns a value from the given ``dictionary`` based on the given ``key``.</doc>
<status status="PASS" start="2025-07-14T10:30:35.513301" elapsed="0.000153"/>
</kw>
<kw name="Get From Dictionary" owner="Collections">
<msg time="2025-07-14T10:30:35.513940" level="INFO">${recebida} = quantidade deve ser um número</msg>
<var>${recebida}</var>
<arg>${response.json()}</arg>
<arg>${campo}</arg>
<doc>Returns a value from the given ``dictionary`` based on the given ``key``.</doc>
<status status="PASS" start="2025-07-14T10:30:35.513534" elapsed="0.000426"/>
</kw>
<kw name="Should Be Equal As Strings" owner="BuiltIn">
<arg>${recebida}</arg>
<arg>${esperada}</arg>
<doc>Fails if objects are unequal after converting them to strings.</doc>
<status status="PASS" start="2025-07-14T10:30:35.514044" elapsed="0.000154"/>
</kw>
<var name="${campo}">quantidade</var>
<status status="PASS" start="2025-07-14T10:30:35.513229" elapsed="0.001004"/>
</iter>
<var>${campo}</var>
<value>@{mensagens_esperadas.keys()}</value>
<status status="PASS" start="2025-07-14T10:30:35.512934" elapsed="0.001325"/>
</for>
<arg>${response}</arg>
<arg>400</arg>
<arg>quantidade=quantidade deve ser um número</arg>
<status status="PASS" start="2025-07-14T10:30:35.512165" elapsed="0.002141"/>
</kw>
<status status="PASS" start="2025-07-14T10:30:35.082163" elapsed="0.432183"/>
</kw>
<status status="PASS" start="2025-07-14T10:30:35.081789" elapsed="0.432745"/>
</test>
<test id="s1-s1-t4" name="Deve Retornar Erro 400 ao Buscar Produto Com ID Inexistente e Validar Resposta" line="21">
<kw name="Buscar Produto Com ID Inexistente" owner="produtos">
<kw name="Generate Random String" owner="String">
<msg time="2025-07-14T10:30:35.516563" level="INFO">${ID_PRODUTO} = 02SuotQoxkRBSJZd</msg>
<var>${ID_PRODUTO}</var>
<arg>16</arg>
<arg>[LETTERS][NUMBERS]</arg>
<doc>Generates a string with a desired ``length`` from the given ``chars``.</doc>
<status status="PASS" start="2025-07-14T10:30:35.515506" elapsed="0.001088"/>
</kw>
<kw name="Criar Response GET" owner="api_session">
<kw name="GET" owner="RequestsLibrary">
<msg time="2025-07-14T10:30:35.916121" level="INFO">GET Request : url=https://serverest.dev/produtos/02SuotQoxkRBSJZd 
 path_url=/produtos/02SuotQoxkRBSJZd 
 headers={'User-Agent': 'python-requests/2.32.4', 'Accept-Encoding': 'gzip, deflate', 'Accept': '*/*', 'Connection': 'keep-alive', 'Content-Type': 'application/json', 'Authorization': '*****'} 
 body=None 
 </msg>
<msg time="2025-07-14T10:30:35.916232" level="INFO">GET Response : url=https://serverest.dev/produtos/02SuotQoxkRBSJZd 
 status=400, reason=Bad Request 
 headers={'access-control-allow-origin': '*', 'x-dns-prefetch-control': 'off', 'x-frame-options': 'SAMEORIGIN', 'strict-transport-security': 'max-age=15552000; includeSubDomains', 'x-download-options': 'noopen', 'x-content-type-options': 'nosniff', 'x-xss-protection': '1; mode=block', 'content-type': 'application/json; charset=utf-8', 'x-cloud-trace-context': '6c8dcc7755fd1137906f1e2e64f38cef', 'date': 'Mon, 14 Jul 2025 13:30:37 GMT', 'server': 'Google Frontend', 'Content-Length': '44'} 
 body={
    "message": "Produto não encontrado"
} 
 </msg>
<msg time="2025-07-14T10:30:35.916549" level="INFO">${response} = &lt;Response [400]&gt;</msg>
<var>${response}</var>
<arg>url=${BASE_URL}${pagina}</arg>
<arg>headers=${header}</arg>
<arg>expected_status=${expected_status}</arg>
<doc>Sends a GET request.</doc>
<status status="PASS" start="2025-07-14T10:30:35.516975" elapsed="0.399599"/>
</kw>
<return>
<value>${response}</value>
<status status="PASS" start="2025-07-14T10:30:35.916637" elapsed="0.000036"/>
</return>
<msg time="2025-07-14T10:30:35.916781" level="INFO">${response} = &lt;Response [400]&gt;</msg>
<var>${response}</var>
<arg>/produtos/${ID_PRODUTO}</arg>
<arg>400</arg>
<arg>${header}</arg>
<status status="PASS" start="2025-07-14T10:30:35.516731" elapsed="0.400069"/>
</kw>
<kw name="Log" owner="BuiltIn">
<msg time="2025-07-14T10:30:35.917320" level="INFO">{'message': 'Produto não encontrado'}</msg>
<arg>${response.json()}</arg>
<doc>Logs the given message with the given level.</doc>
<status status="PASS" start="2025-07-14T10:30:35.916914" elapsed="0.000439"/>
</kw>
<kw name="Validar Resposta Completa Através da Mensagem" owner="api_session">
<kw name="Should Be Equal As Integers" owner="BuiltIn">
<msg time="2025-07-14T10:30:35.917979" level="INFO">Argument types are:
&lt;class 'int'&gt;
&lt;class 'str'&gt;</msg>
<arg>${response.status_code}</arg>
<arg>${codigo_esperado}</arg>
<doc>Fails if objects are unequal after converting them to integers.</doc>
<status status="PASS" start="2025-07-14T10:30:35.917687" elapsed="0.000334"/>
</kw>
<kw name="Should Be Equal As Strings" owner="BuiltIn">
<arg>${response.json()['message']}</arg>
<arg>${mensagem_esperada}</arg>
<doc>Fails if objects are unequal after converting them to strings.</doc>
<status status="PASS" start="2025-07-14T10:30:35.918096" elapsed="0.000299"/>
</kw>
<arg>${response}</arg>
<arg>400</arg>
<arg>Produto não encontrado</arg>
<status status="PASS" start="2025-07-14T10:30:35.917475" elapsed="0.000963"/>
</kw>
<status status="PASS" start="2025-07-14T10:30:35.515336" elapsed="0.403137"/>
</kw>
<status status="PASS" start="2025-07-14T10:30:35.514959" elapsed="0.403765"/>
</test>
<test id="s1-s1-t5" name="Deve Retornar Erro 400 ao Buscar Produto Com ID Malformado e Validar Resposta" line="24">
<kw name="Buscar Produto Com ID Malformado" owner="produtos">
<kw name="Generate Random String" owner="String">
<msg time="2025-07-14T10:30:35.920050" level="INFO">${ID_PRODUTO} = pcBNKfb2JsXVAXLkwM</msg>
<var>${ID_PRODUTO}</var>
<arg>18</arg>
<arg>[LETTERS][NUMBERS]</arg>
<doc>Generates a string with a desired ``length`` from the given ``chars``.</doc>
<status status="PASS" start="2025-07-14T10:30:35.919853" elapsed="0.000231"/>
</kw>
<kw name="Criar Response GET" owner="api_session">
<kw name="GET" owner="RequestsLibrary">
<msg time="2025-07-14T10:30:36.315373" level="INFO">GET Request : url=https://serverest.dev/produtos/pcBNKfb2JsXVAXLkwM 
 path_url=/produtos/pcBNKfb2JsXVAXLkwM 
 headers={'User-Agent': 'python-requests/2.32.4', 'Accept-Encoding': 'gzip, deflate', 'Accept': '*/*', 'Connection': 'keep-alive', 'Content-Type': 'application/json', 'Authorization': '*****'} 
 body=None 
 </msg>
<msg time="2025-07-14T10:30:36.315452" level="INFO">GET Response : url=https://serverest.dev/produtos/pcBNKfb2JsXVAXLkwM 
 status=400, reason=Bad Request 
 headers={'access-control-allow-origin': '*', 'x-dns-prefetch-control': 'off', 'x-frame-options': 'SAMEORIGIN', 'strict-transport-security': 'max-age=15552000; includeSubDomains', 'x-download-options': 'noopen', 'x-content-type-options': 'nosniff', 'x-xss-protection': '1; mode=block', 'content-type': 'application/json; charset=utf-8', 'x-cloud-trace-context': '716dd04aa44daa7d1c5b4c04757c22e5', 'date': 'Mon, 14 Jul 2025 13:30:38 GMT', 'server': 'Google Frontend', 'Content-Length': '67'} 
 body={
    "id": "id deve ter exatamente 16 caracteres alfanuméricos"
} 
 </msg>
<msg time="2025-07-14T10:30:36.315564" level="INFO">${response} = &lt;Response [400]&gt;</msg>
<var>${response}</var>
<arg>url=${BASE_URL}${pagina}</arg>
<arg>headers=${header}</arg>
<arg>expected_status=${expected_status}</arg>
<doc>Sends a GET request.</doc>
<status status="PASS" start="2025-07-14T10:30:35.920419" elapsed="0.395166"/>
</kw>
<return>
<value>${response}</value>
<status status="PASS" start="2025-07-14T10:30:36.315704" elapsed="0.000039"/>
</return>
<msg time="2025-07-14T10:30:36.315859" level="INFO">${response} = &lt;Response [400]&gt;</msg>
<var>${response}</var>
<arg>/produtos/${ID_PRODUTO}</arg>
<arg>400</arg>
<arg>${header}</arg>
<status status="PASS" start="2025-07-14T10:30:35.920199" elapsed="0.395679"/>
</kw>
<kw name="Validar Resposta por Keys e Mensagens" owner="api_session">
<kw name="Should Be Equal As Integers" owner="BuiltIn">
<msg time="2025-07-14T10:30:36.316672" level="INFO">Argument types are:
&lt;class 'int'&gt;
&lt;class 'str'&gt;</msg>
<arg>${response.status_code}</arg>
<arg>${codigo_esperado}</arg>
<doc>Fails if objects are unequal after converting them to integers.</doc>
<status status="PASS" start="2025-07-14T10:30:36.316327" elapsed="0.000386"/>
</kw>
<for flavor="IN">
<iter>
<kw name="Get From Dictionary" owner="Collections">
<msg time="2025-07-14T10:30:36.317247" level="INFO">${esperada} = id deve ter exatamente 16 caracteres alfanuméricos</msg>
<var>${esperada}</var>
<arg>${mensagens_esperadas}</arg>
<arg>${campo}</arg>
<doc>Returns a value from the given ``dictionary`` based on the given ``key``.</doc>
<status status="PASS" start="2025-07-14T10:30:36.317121" elapsed="0.000144"/>
</kw>
<kw name="Get From Dictionary" owner="Collections">
<msg time="2025-07-14T10:30:36.317670" level="INFO">${recebida} = id deve ter exatamente 16 caracteres alfanuméricos</msg>
<var>${recebida}</var>
<arg>${response.json()}</arg>
<arg>${campo}</arg>
<doc>Returns a value from the given ``dictionary`` based on the given ``key``.</doc>
<status status="PASS" start="2025-07-14T10:30:36.317337" elapsed="0.000352"/>
</kw>
<kw name="Should Be Equal As Strings" owner="BuiltIn">
<arg>${recebida}</arg>
<arg>${esperada}</arg>
<doc>Fails if objects are unequal after converting them to strings.</doc>
<status status="PASS" start="2025-07-14T10:30:36.317765" elapsed="0.000117"/>
</kw>
<var name="${campo}">id</var>
<status status="PASS" start="2025-07-14T10:30:36.317057" elapsed="0.000852"/>
</iter>
<var>${campo}</var>
<value>@{mensagens_esperadas.keys()}</value>
<status status="PASS" start="2025-07-14T10:30:36.316760" elapsed="0.001172"/>
</for>
<arg>${response}</arg>
<arg>400</arg>
<arg>id=id deve ter exatamente 16 caracteres alfanuméricos</arg>
<status status="PASS" start="2025-07-14T10:30:36.316051" elapsed="0.001917"/>
</kw>
<status status="PASS" start="2025-07-14T10:30:35.919695" elapsed="0.398309"/>
</kw>
<status status="PASS" start="2025-07-14T10:30:35.919321" elapsed="0.398964"/>
</test>
<test id="s1-s1-t6" name="Deve Retornar Erro 400 ao Editar Produto Sem Dados e Validar Resposta" line="27">
<kw name="Editar Produto Sem Dados" owner="produtos">
<kw name="Cadastrar Produto" owner="produtos">
<kw name="Criar Body Produto" owner="produtos">
<kw name="Create Dictionary" owner="BuiltIn">
<msg time="2025-07-14T10:30:36.320078" level="INFO">${body} = {'nome': 'Logitech G402 Hero', 'preco': '402', 'descricao': 'Mouse', 'quantidade': '12'}</msg>
<var>${body}</var>
<arg>nome=${nome}</arg>
<arg>preco=${preco}</arg>
<arg>descricao=${descricao}</arg>
<arg>quantidade=${quantidade}</arg>
<doc>Creates and returns a dictionary based on the given ``items``.</doc>
<status status="PASS" start="2025-07-14T10:30:36.319867" elapsed="0.000232"/>
</kw>
<return>
<value>${body}</value>
<status status="PASS" start="2025-07-14T10:30:36.320137" elapsed="0.000020"/>
</return>
<msg time="2025-07-14T10:30:36.320237" level="INFO">${body} = {'nome': 'Logitech G402 Hero', 'preco': '402', 'descricao': 'Mouse', 'quantidade': '12'}</msg>
<var>${body}</var>
<arg>${nome_produto}</arg>
<arg>${preco}</arg>
<arg>${descricao}</arg>
<arg>${quantidade}</arg>
<status status="PASS" start="2025-07-14T10:30:36.319598" elapsed="0.000655"/>
</kw>
<kw name="Criar Header" owner="api_session">
<kw name="Create Dictionary" owner="BuiltIn">
<msg time="2025-07-14T10:30:36.320629" level="INFO">${header} = {'Content-Type': 'application/json'}</msg>
<var>${header}</var>
<arg>Content-Type=application/json</arg>
<doc>Creates and returns a dictionary based on the given ``items``.</doc>
<status status="PASS" start="2025-07-14T10:30:36.320530" elapsed="0.000117"/>
</kw>
<kw name="Run Keyword If" owner="BuiltIn">
<kw name="Set To Dictionary" owner="Collections">
<arg>${header}</arg>
<arg>Authorization=${token}</arg>
<doc>Adds the given ``key_value_pairs`` and/or ``items`` to the ``dictionary``.</doc>
<status status="PASS" start="2025-07-14T10:30:36.320868" elapsed="0.000110"/>
</kw>
<arg>'${token}' != 'None'</arg>
<arg>Set To Dictionary</arg>
<arg>${header}</arg>
<arg>Authorization=${token}</arg>
<doc>Runs the given keyword with the given arguments, if ``condition`` is true.</doc>
<status status="PASS" start="2025-07-14T10:30:36.320722" elapsed="0.000294"/>
</kw>
<kw name="Set Suite Variable" owner="BuiltIn">
<msg time="2025-07-14T10:30:36.321213" level="INFO">${header} = {'Content-Type': 'application/json', 'Authorization': 'Bearer eyJhbGciOiJIUzI1NiIsInR5cCI6IkpXVCJ9.eyJlbWFpbCI6IndpbGxpYW1AdGVzdGUuY29tLmJyIiwicGFzc3dvcmQiOiJ0ZXN0ZTEyMzQ1NiIsImlhdCI6MTc1MjQ5OTgzNiwiZ...</msg>
<arg>${header}</arg>
<doc>Makes a variable available everywhere within the scope of the current suite.</doc>
<status status="PASS" start="2025-07-14T10:30:36.321091" elapsed="0.000148"/>
</kw>
<return>
<value>${header}</value>
<status status="PASS" start="2025-07-14T10:30:36.321269" elapsed="0.000018"/>
</return>
<msg time="2025-07-14T10:30:36.321362" level="INFO">${header} = {'Content-Type': 'application/json', 'Authorization': 'Bearer eyJhbGciOiJIUzI1NiIsInR5cCI6IkpXVCJ9.eyJlbWFpbCI6IndpbGxpYW1AdGVzdGUuY29tLmJyIiwicGFzc3dvcmQiOiJ0ZXN0ZTEyMzQ1NiIsImlhdCI6MTc1MjQ5OTgzNiwiZ...</msg>
<var>${header}</var>
<arg>${TOKEN}</arg>
<status status="PASS" start="2025-07-14T10:30:36.320355" elapsed="0.001025"/>
</kw>
<kw name="Criar Response POST" owner="api_session">
<kw name="POST" owner="RequestsLibrary">
<msg time="2025-07-14T10:30:36.728606" level="INFO">POST Request : url=https://serverest.dev/produtos 
 path_url=/produtos 
 headers={'User-Agent': 'python-requests/2.32.4', 'Accept-Encoding': 'gzip, deflate', 'Accept': '*/*', 'Connection': 'keep-alive', 'Content-Type': 'application/json', 'Authorization': '*****', 'Content-Length': '88'} 
 body=b'{"nome": "Logitech G402 Hero", "preco": "402", "descricao": "Mouse", "quantidade": "12"}' 
 </msg>
<msg time="2025-07-14T10:30:36.728693" level="INFO">POST Response : url=https://serverest.dev/produtos 
 status=201, reason=Created 
 headers={'access-control-allow-origin': '*', 'x-dns-prefetch-control': 'off', 'x-frame-options': 'SAMEORIGIN', 'strict-transport-security': 'max-age=15552000; includeSubDomains', 'x-download-options': 'noopen', 'x-content-type-options': 'nosniff', 'x-xss-protection': '1; mode=block', 'content-type': 'application/json; charset=utf-8', 'x-cloud-trace-context': '68a06d0357341363f89f6af33f280fcb', 'date': 'Mon, 14 Jul 2025 13:30:38 GMT', 'server': 'Google Frontend', 'Content-Length': '82'} 
 body={
    "message": "Cadastro realizado com sucesso",
    "_id": "AhQp2zndPVYduUlD"
} 
 </msg>
<msg time="2025-07-14T10:30:36.728816" level="INFO">${response} = &lt;Response [201]&gt;</msg>
<var>${response}</var>
<arg>url=${BASE_URL}${pagina}</arg>
<arg>headers=${header}</arg>
<arg>json=${body}</arg>
<arg>expected_status=${expected_status}</arg>
<doc>Sends a POST request.</doc>
<status status="PASS" start="2025-07-14T10:30:36.321668" elapsed="0.407297"/>
</kw>
<return>
<value>${response}</value>
<status status="PASS" start="2025-07-14T10:30:36.729035" elapsed="0.000038"/>
</return>
<msg time="2025-07-14T10:30:36.729182" level="INFO">${response} = &lt;Response [201]&gt;</msg>
<var>${response}</var>
<arg>/produtos</arg>
<arg>201</arg>
<arg>${header}</arg>
<arg>${body}</arg>
<status status="PASS" start="2025-07-14T10:30:36.321469" elapsed="0.407731"/>
</kw>
<kw name="Validar Resposta Completa Através da Mensagem" owner="api_session">
<kw name="Should Be Equal As Integers" owner="BuiltIn">
<msg time="2025-07-14T10:30:36.730084" level="INFO">Argument types are:
&lt;class 'int'&gt;
&lt;class 'str'&gt;</msg>
<arg>${response.status_code}</arg>
<arg>${codigo_esperado}</arg>
<doc>Fails if objects are unequal after converting them to integers.</doc>
<status status="PASS" start="2025-07-14T10:30:36.729732" elapsed="0.000394"/>
</kw>
<kw name="Should Be Equal As Strings" owner="BuiltIn">
<arg>${response.json()['message']}</arg>
<arg>${mensagem_esperada}</arg>
<doc>Fails if objects are unequal after converting them to strings.</doc>
<status status="PASS" start="2025-07-14T10:30:36.730205" elapsed="0.000317"/>
</kw>
<arg>${response}</arg>
<arg>201</arg>
<arg>Cadastro realizado com sucesso</arg>
<status status="PASS" start="2025-07-14T10:30:36.729476" elapsed="0.001088"/>
</kw>
<kw name="Set Variable" owner="BuiltIn">
<msg time="2025-07-14T10:30:36.730933" level="INFO">${id} = AhQp2zndPVYduUlD</msg>
<var>${id}</var>
<arg>${response.json()['_id']}</arg>
<doc>Returns the given values which can then be assigned to a variables.</doc>
<status status="PASS" start="2025-07-14T10:30:36.730640" elapsed="0.000312"/>
</kw>
<kw name="Create File" owner="OperatingSystem">
<msg time="2025-07-14T10:30:36.731702" level="INFO" html="true">Created file '&lt;a href="file://C:\Users\willi\Desktop\projeto_api_serverest\TempFiles\id_produto.txt"&gt;C:\Users\willi\Desktop\projeto_api_serverest\TempFiles\id_produto.txt&lt;/a&gt;'.</msg>
<arg>${EXECDIR}/TempFiles/id_produto.txt</arg>
<arg>${id}</arg>
<doc>Creates a file with the given content and encoding.</doc>
<status status="PASS" start="2025-07-14T10:30:36.731036" elapsed="0.000748"/>
</kw>
<kw name="Set Suite Variable" owner="BuiltIn">
<msg time="2025-07-14T10:30:36.732506" level="INFO">${ID_PRODUTO} = AhQp2zndPVYduUlD</msg>
<arg>${ID_PRODUTO}</arg>
<arg>${id}</arg>
<doc>Makes a variable available everywhere within the scope of the current suite.</doc>
<status status="PASS" start="2025-07-14T10:30:36.731905" elapsed="0.000636"/>
</kw>
<status status="PASS" start="2025-07-14T10:30:36.319436" elapsed="0.413151"/>
</kw>
<kw name="Criar Body Produto" owner="produtos">
<kw name="Create Dictionary" owner="BuiltIn">
<msg time="2025-07-14T10:30:36.733096" level="INFO">${body} = {'nome': '', 'preco': '', 'descricao': '', 'quantidade': ''}</msg>
<var>${body}</var>
<arg>nome=${nome}</arg>
<arg>preco=${preco}</arg>
<arg>descricao=${descricao}</arg>
<arg>quantidade=${quantidade}</arg>
<doc>Creates and returns a dictionary based on the given ``items``.</doc>
<status status="PASS" start="2025-07-14T10:30:36.732877" elapsed="0.000237"/>
</kw>
<return>
<value>${body}</value>
<status status="PASS" start="2025-07-14T10:30:36.733153" elapsed="0.000019"/>
</return>
<msg time="2025-07-14T10:30:36.733249" level="INFO">${body} = {'nome': '', 'preco': '', 'descricao': '', 'quantidade': ''}</msg>
<var>${body}</var>
<status status="PASS" start="2025-07-14T10:30:36.732687" elapsed="0.000578"/>
</kw>
<kw name="Criar Header" owner="api_session">
<kw name="Create Dictionary" owner="BuiltIn">
<msg time="2025-07-14T10:30:36.733633" level="INFO">${header} = {'Content-Type': 'application/json'}</msg>
<var>${header}</var>
<arg>Content-Type=application/json</arg>
<doc>Creates and returns a dictionary based on the given ``items``.</doc>
<status status="PASS" start="2025-07-14T10:30:36.733534" elapsed="0.000118"/>
</kw>
<kw name="Run Keyword If" owner="BuiltIn">
<kw name="Set To Dictionary" owner="Collections">
<arg>${header}</arg>
<arg>Authorization=${token}</arg>
<doc>Adds the given ``key_value_pairs`` and/or ``items`` to the ``dictionary``.</doc>
<status status="PASS" start="2025-07-14T10:30:36.733866" elapsed="0.000115"/>
</kw>
<arg>'${token}' != 'None'</arg>
<arg>Set To Dictionary</arg>
<arg>${header}</arg>
<arg>Authorization=${token}</arg>
<doc>Runs the given keyword with the given arguments, if ``condition`` is true.</doc>
<status status="PASS" start="2025-07-14T10:30:36.733725" elapsed="0.000293"/>
</kw>
<kw name="Set Suite Variable" owner="BuiltIn">
<msg time="2025-07-14T10:30:36.734203" level="INFO">${header} = {'Content-Type': 'application/json', 'Authorization': 'Bearer eyJhbGciOiJIUzI1NiIsInR5cCI6IkpXVCJ9.eyJlbWFpbCI6IndpbGxpYW1AdGVzdGUuY29tLmJyIiwicGFzc3dvcmQiOiJ0ZXN0ZTEyMzQ1NiIsImlhdCI6MTc1MjQ5OTgzNiwiZ...</msg>
<arg>${header}</arg>
<doc>Makes a variable available everywhere within the scope of the current suite.</doc>
<status status="PASS" start="2025-07-14T10:30:36.734090" elapsed="0.000141"/>
</kw>
<return>
<value>${header}</value>
<status status="PASS" start="2025-07-14T10:30:36.734259" elapsed="0.000017"/>
</return>
<msg time="2025-07-14T10:30:36.734353" level="INFO">${header} = {'Content-Type': 'application/json', 'Authorization': 'Bearer eyJhbGciOiJIUzI1NiIsInR5cCI6IkpXVCJ9.eyJlbWFpbCI6IndpbGxpYW1AdGVzdGUuY29tLmJyIiwicGFzc3dvcmQiOiJ0ZXN0ZTEyMzQ1NiIsImlhdCI6MTc1MjQ5OTgzNiwiZ...</msg>
<var>${header}</var>
<arg>${TOKEN}</arg>
<status status="PASS" start="2025-07-14T10:30:36.733360" elapsed="0.001010"/>
</kw>
<kw name="Criar Response PUT" owner="api_session">
<kw name="PUT" owner="RequestsLibrary">
<msg time="2025-07-14T10:30:37.155174" level="INFO">PUT Request : url=https://serverest.dev/produtos/AhQp2zndPVYduUlD 
 path_url=/produtos/AhQp2zndPVYduUlD 
 headers={'User-Agent': 'python-requests/2.32.4', 'Accept-Encoding': 'gzip, deflate', 'Accept': '*/*', 'Connection': 'keep-alive', 'Content-Type': 'application/json', 'Authorization': '*****', 'Content-Length': '60'} 
 body=b'{"nome": "", "preco": "", "descricao": "", "quantidade": ""}' 
 </msg>
<msg time="2025-07-14T10:30:37.155257" level="INFO">PUT Response : url=https://serverest.dev/produtos/AhQp2zndPVYduUlD 
 status=400, reason=Bad Request 
 headers={'access-control-allow-origin': '*', 'x-dns-prefetch-control': 'off', 'x-frame-options': 'SAMEORIGIN', 'strict-transport-security': 'max-age=15552000; includeSubDomains', 'x-download-options': 'noopen', 'x-content-type-options': 'nosniff', 'x-xss-protection': '1; mode=block', 'content-type': 'application/json; charset=utf-8', 'x-cloud-trace-context': 'cecaa1664ace4fbe57537e17d91743a7', 'date': 'Mon, 14 Jul 2025 13:30:39 GMT', 'server': 'Google Frontend', 'Content-Length': '198'} 
 body={
    "nome": "nome não pode ficar em branco",
    "preco": "preco deve ser um número",
    "descricao": "descricao não pode ficar em branco",
    "quantidade": "quantidade deve ser um número"
} 
 </msg>
<msg time="2025-07-14T10:30:37.155372" level="INFO">${response} = &lt;Response [400]&gt;</msg>
<var>${response}</var>
<arg>url=${BASE_URL}${pagina}</arg>
<arg>headers=${header}</arg>
<arg>json=${body}</arg>
<arg>expected_status=${expected_status}</arg>
<doc>Sends a PUT request.</doc>
<status status="PASS" start="2025-07-14T10:30:36.734679" elapsed="0.420714"/>
</kw>
<return>
<value>${response}</value>
<status status="PASS" start="2025-07-14T10:30:37.155458" elapsed="0.000040"/>
</return>
<msg time="2025-07-14T10:30:37.155613" level="INFO">${response} = &lt;Response [400]&gt;</msg>
<var>${response}</var>
<arg>/produtos/${ID_PRODUTO}</arg>
<arg>400</arg>
<arg>${header}</arg>
<arg>${body}</arg>
<status status="PASS" start="2025-07-14T10:30:36.734463" elapsed="0.421169"/>
</kw>
<kw name="Validar Resposta por Keys e Mensagens" owner="api_session">
<kw name="Should Be Equal As Integers" owner="BuiltIn">
<msg time="2025-07-14T10:30:37.156575" level="INFO">Argument types are:
&lt;class 'int'&gt;
&lt;class 'str'&gt;</msg>
<arg>${response.status_code}</arg>
<arg>${codigo_esperado}</arg>
<doc>Fails if objects are unequal after converting them to integers.</doc>
<status status="PASS" start="2025-07-14T10:30:37.156167" elapsed="0.000457"/>
</kw>
<for flavor="IN">
<iter>
<kw name="Get From Dictionary" owner="Collections">
<msg time="2025-07-14T10:30:37.157273" level="INFO">${esperada} = nome não pode ficar em branco</msg>
<var>${esperada}</var>
<arg>${mensagens_esperadas}</arg>
<arg>${campo}</arg>
<doc>Returns a value from the given ``dictionary`` based on the given ``key``.</doc>
<status status="PASS" start="2025-07-14T10:30:37.157087" elapsed="0.000267"/>
</kw>
<kw name="Get From Dictionary" owner="Collections">
<msg time="2025-07-14T10:30:37.157837" level="INFO">${recebida} = nome não pode ficar em branco</msg>
<var>${recebida}</var>
<arg>${response.json()}</arg>
<arg>${campo}</arg>
<doc>Returns a value from the given ``dictionary`` based on the given ``key``.</doc>
<status status="PASS" start="2025-07-14T10:30:37.157448" elapsed="0.000409"/>
</kw>
<kw name="Should Be Equal As Strings" owner="BuiltIn">
<arg>${recebida}</arg>
<arg>${esperada}</arg>
<doc>Fails if objects are unequal after converting them to strings.</doc>
<status status="PASS" start="2025-07-14T10:30:37.157940" elapsed="0.000120"/>
</kw>
<var name="${campo}">nome</var>
<status status="PASS" start="2025-07-14T10:30:37.157000" elapsed="0.001090"/>
</iter>
<iter>
<kw name="Get From Dictionary" owner="Collections">
<msg time="2025-07-14T10:30:37.158396" level="INFO">${esperada} = preco deve ser um número</msg>
<var>${esperada}</var>
<arg>${mensagens_esperadas}</arg>
<arg>${campo}</arg>
<doc>Returns a value from the given ``dictionary`` based on the given ``key``.</doc>
<status status="PASS" start="2025-07-14T10:30:37.158267" elapsed="0.000148"/>
</kw>
<kw name="Get From Dictionary" owner="Collections">
<msg time="2025-07-14T10:30:37.158839" level="INFO">${recebida} = preco deve ser um número</msg>
<var>${recebida}</var>
<arg>${response.json()}</arg>
<arg>${campo}</arg>
<doc>Returns a value from the given ``dictionary`` based on the given ``key``.</doc>
<status status="PASS" start="2025-07-14T10:30:37.158489" elapsed="0.000369"/>
</kw>
<kw name="Should Be Equal As Strings" owner="BuiltIn">
<arg>${recebida}</arg>
<arg>${esperada}</arg>
<doc>Fails if objects are unequal after converting them to strings.</doc>
<status status="PASS" start="2025-07-14T10:30:37.158933" elapsed="0.000111"/>
</kw>
<var name="${campo}">preco</var>
<status status="PASS" start="2025-07-14T10:30:37.158199" elapsed="0.000871"/>
</iter>
<iter>
<kw name="Get From Dictionary" owner="Collections">
<msg time="2025-07-14T10:30:37.159305" level="INFO">${esperada} = descricao não pode ficar em branco</msg>
<var>${esperada}</var>
<arg>${mensagens_esperadas}</arg>
<arg>${campo}</arg>
<doc>Returns a value from the given ``dictionary`` based on the given ``key``.</doc>
<status status="PASS" start="2025-07-14T10:30:37.159192" elapsed="0.000130"/>
</kw>
<kw name="Get From Dictionary" owner="Collections">
<msg time="2025-07-14T10:30:37.159775" level="INFO">${recebida} = descricao não pode ficar em branco</msg>
<var>${recebida}</var>
<arg>${response.json()}</arg>
<arg>${campo}</arg>
<doc>Returns a value from the given ``dictionary`` based on the given ``key``.</doc>
<status status="PASS" start="2025-07-14T10:30:37.159392" elapsed="0.000411"/>
</kw>
<kw name="Should Be Equal As Strings" owner="BuiltIn">
<arg>${recebida}</arg>
<arg>${esperada}</arg>
<doc>Fails if objects are unequal after converting them to strings.</doc>
<status status="PASS" start="2025-07-14T10:30:37.159906" elapsed="0.000154"/>
</kw>
<var name="${campo}">descricao</var>
<status status="PASS" start="2025-07-14T10:30:37.159138" elapsed="0.000965"/>
</iter>
<iter>
<kw name="Get From Dictionary" owner="Collections">
<msg time="2025-07-14T10:30:37.160407" level="INFO">${esperada} = quantidade deve ser um número</msg>
<var>${esperada}</var>
<arg>${mensagens_esperadas}</arg>
<arg>${campo}</arg>
<doc>Returns a value from the given ``dictionary`` based on the given ``key``.</doc>
<status status="PASS" start="2025-07-14T10:30:37.160277" elapsed="0.000149"/>
</kw>
<kw name="Get From Dictionary" owner="Collections">
<msg time="2025-07-14T10:30:37.160873" level="INFO">${recebida} = quantidade deve ser um número</msg>
<var>${recebida}</var>
<arg>${response.json()}</arg>
<arg>${campo}</arg>
<doc>Returns a value from the given ``dictionary`` based on the given ``key``.</doc>
<status status="PASS" start="2025-07-14T10:30:37.160500" elapsed="0.000394"/>
</kw>
<kw name="Should Be Equal As Strings" owner="BuiltIn">
<arg>${recebida}</arg>
<arg>${esperada}</arg>
<doc>Fails if objects are unequal after converting them to strings.</doc>
<status status="PASS" start="2025-07-14T10:30:37.160971" elapsed="0.000112"/>
</kw>
<var name="${campo}">quantidade</var>
<status status="PASS" start="2025-07-14T10:30:37.160210" elapsed="0.000902"/>
</iter>
<var>${campo}</var>
<value>@{mensagens_esperadas.keys()}</value>
<status status="PASS" start="2025-07-14T10:30:37.156683" elapsed="0.004453"/>
</for>
<arg>${response}</arg>
<arg>400</arg>
<arg>nome=nome não pode ficar em branco</arg>
<arg>preco=preco deve ser um número</arg>
<arg>descricao=descricao não pode ficar em branco</arg>
<arg>quantidade=quantidade deve ser um número</arg>
<status status="PASS" start="2025-07-14T10:30:37.155831" elapsed="0.005373"/>
</kw>
<kw name="Deletar Produto" owner="produtos">
<kw name="Pega INFO em TempFiles" owner="api_session">
<kw name="Get File" owner="OperatingSystem">
<msg time="2025-07-14T10:30:37.161843" level="INFO" html="true">Getting file '&lt;a href="file://C:\Users\willi\Desktop\projeto_api_serverest\TempFiles\id_produto.txt"&gt;C:\Users\willi\Desktop\projeto_api_serverest\TempFiles\id_produto.txt&lt;/a&gt;'.</msg>
<msg time="2025-07-14T10:30:37.170347" level="INFO">${valor} = AhQp2zndPVYduUlD</msg>
<var>${valor}</var>
<arg>path=${EXECDIR}/TempFiles/${nome_do_arquivo}</arg>
<doc>Returns the contents of a specified file.</doc>
<status status="PASS" start="2025-07-14T10:30:37.161711" elapsed="0.008680"/>
</kw>
<return>
<value>${valor}</value>
<status status="PASS" start="2025-07-14T10:30:37.170456" elapsed="0.000039"/>
</return>
<msg time="2025-07-14T10:30:37.170616" level="INFO">${ID_PRODUTO} = AhQp2zndPVYduUlD</msg>
<var>${ID_PRODUTO}</var>
<arg>id_produto.txt</arg>
<status status="PASS" start="2025-07-14T10:30:37.161555" elapsed="0.009079"/>
</kw>
<kw name="Criar Header" owner="api_session">
<kw name="Create Dictionary" owner="BuiltIn">
<msg time="2025-07-14T10:30:37.172078" level="INFO">${header} = {'Content-Type': 'application/json'}</msg>
<var>${header}</var>
<arg>Content-Type=application/json</arg>
<doc>Creates and returns a dictionary based on the given ``items``.</doc>
<status status="PASS" start="2025-07-14T10:30:37.171054" elapsed="0.001056"/>
</kw>
<kw name="Run Keyword If" owner="BuiltIn">
<kw name="Set To Dictionary" owner="Collections">
<arg>${header}</arg>
<arg>Authorization=${token}</arg>
<doc>Adds the given ``key_value_pairs`` and/or ``items`` to the ``dictionary``.</doc>
<status status="PASS" start="2025-07-14T10:30:37.172410" elapsed="0.000135"/>
</kw>
<arg>'${token}' != 'None'</arg>
<arg>Set To Dictionary</arg>
<arg>${header}</arg>
<arg>Authorization=${token}</arg>
<doc>Runs the given keyword with the given arguments, if ``condition`` is true.</doc>
<status status="PASS" start="2025-07-14T10:30:37.172222" elapsed="0.000363"/>
</kw>
<kw name="Set Suite Variable" owner="BuiltIn">
<msg time="2025-07-14T10:30:37.172813" level="INFO">${header} = {'Content-Type': 'application/json', 'Authorization': 'Bearer eyJhbGciOiJIUzI1NiIsInR5cCI6IkpXVCJ9.eyJlbWFpbCI6IndpbGxpYW1AdGVzdGUuY29tLmJyIiwicGFzc3dvcmQiOiJ0ZXN0ZTEyMzQ1NiIsImlhdCI6MTc1MjQ5OTgzNiwiZ...</msg>
<arg>${header}</arg>
<doc>Makes a variable available everywhere within the scope of the current suite.</doc>
<status status="PASS" start="2025-07-14T10:30:37.172667" elapsed="0.000178"/>
</kw>
<return>
<value>${header}</value>
<status status="PASS" start="2025-07-14T10:30:37.172879" elapsed="0.000031"/>
</return>
<msg time="2025-07-14T10:30:37.172999" level="INFO">${header} = {'Content-Type': 'application/json', 'Authorization': 'Bearer eyJhbGciOiJIUzI1NiIsInR5cCI6IkpXVCJ9.eyJlbWFpbCI6IndpbGxpYW1AdGVzdGUuY29tLmJyIiwicGFzc3dvcmQiOiJ0ZXN0ZTEyMzQ1NiIsImlhdCI6MTc1MjQ5OTgzNiwiZ...</msg>
<var>${header}</var>
<arg>${TOKEN}</arg>
<status status="PASS" start="2025-07-14T10:30:37.170799" elapsed="0.002272"/>
</kw>
<kw name="Criar Response DELETE" owner="api_session">
<kw name="DELETE" owner="RequestsLibrary">
<msg time="2025-07-14T10:30:37.574706" level="INFO">DELETE Request : url=https://serverest.dev/produtos/AhQp2zndPVYduUlD 
 path_url=/produtos/AhQp2zndPVYduUlD 
 headers={'User-Agent': 'python-requests/2.32.4', 'Accept-Encoding': 'gzip, deflate', 'Accept': '*/*', 'Connection': 'keep-alive', 'Content-Type': 'application/json', 'Authorization': '*****', 'Content-Length': '0'} 
 body=None 
 </msg>
<msg time="2025-07-14T10:30:37.574798" level="INFO">DELETE Response : url=https://serverest.dev/produtos/AhQp2zndPVYduUlD 
 status=200, reason=OK 
 headers={'access-control-allow-origin': '*', 'x-dns-prefetch-control': 'off', 'x-frame-options': 'SAMEORIGIN', 'strict-transport-security': 'max-age=15552000; includeSubDomains', 'x-download-options': 'noopen', 'x-content-type-options': 'nosniff', 'x-xss-protection': '1; mode=block', 'content-type': 'application/json; charset=utf-8', 'x-cloud-trace-context': '71e7f8ef3d62a11a56cdc87730cfb39b', 'date': 'Mon, 14 Jul 2025 13:30:39 GMT', 'server': 'Google Frontend', 'Content-Length': '51'} 
 body={
    "message": "Registro excluído com sucesso"
} 
 </msg>
<msg time="2025-07-14T10:30:37.574928" level="INFO">${response} = &lt;Response [200]&gt;</msg>
<var>${response}</var>
<arg>url=${BASE_URL}${pagina}</arg>
<arg>headers=${header}</arg>
<arg>expected_status=${expected_status}</arg>
<doc>Sends a DELETE request.</doc>
<status status="PASS" start="2025-07-14T10:30:37.173447" elapsed="0.401507"/>
</kw>
<return>
<value>${response}</value>
<status status="PASS" start="2025-07-14T10:30:37.575026" elapsed="0.000041"/>
</return>
<msg time="2025-07-14T10:30:37.575235" level="INFO">${response} = &lt;Response [200]&gt;</msg>
<var>${response}</var>
<arg>/produtos/${ID_PRODUTO}</arg>
<arg>200</arg>
<arg>${header}</arg>
<status status="PASS" start="2025-07-14T10:30:37.173219" elapsed="0.402050"/>
</kw>
<kw name="Validar Resposta Completa Através da Mensagem" owner="api_session">
<kw name="Should Be Equal As Integers" owner="BuiltIn">
<msg time="2025-07-14T10:30:37.576058" level="INFO">Argument types are:
&lt;class 'int'&gt;
&lt;class 'str'&gt;</msg>
<arg>${response.status_code}</arg>
<arg>${codigo_esperado}</arg>
<doc>Fails if objects are unequal after converting them to integers.</doc>
<status status="PASS" start="2025-07-14T10:30:37.575710" elapsed="0.000392"/>
</kw>
<kw name="Should Be Equal As Strings" owner="BuiltIn">
<arg>${response.json()['message']}</arg>
<arg>${mensagem_esperada}</arg>
<doc>Fails if objects are unequal after converting them to strings.</doc>
<status status="PASS" start="2025-07-14T10:30:37.576183" elapsed="0.000314"/>
</kw>
<arg>${response}</arg>
<arg>200</arg>
<arg>Registro excluído com sucesso</arg>
<status status="PASS" start="2025-07-14T10:30:37.575452" elapsed="0.001088"/>
</kw>
<status status="PASS" start="2025-07-14T10:30:37.161350" elapsed="0.415226"/>
</kw>
<status status="PASS" start="2025-07-14T10:30:36.319253" elapsed="1.257351"/>
</kw>
<status status="PASS" start="2025-07-14T10:30:36.318918" elapsed="1.257931"/>
</test>
<test id="s1-s1-t7" name="Deve Retornar Erro 200 ao Deletar Produto Inexistente e Validar Resposta" line="30">
<kw name="Deletar Produto Inexistente" owner="produtos">
<kw name="Generate Random String" owner="String">
<msg time="2025-07-14T10:30:37.578156" level="INFO">${ID_PRODUTO} = HVg3bLZ9rNUWv5x4</msg>
<var>${ID_PRODUTO}</var>
<arg>16</arg>
<arg>[LETTERS][NUMBERS]</arg>
<doc>Generates a string with a desired ``length`` from the given ``chars``.</doc>
<status status="PASS" start="2025-07-14T10:30:37.577968" elapsed="0.000208"/>
</kw>
<kw name="Criar Header" owner="api_session">
<kw name="Create Dictionary" owner="BuiltIn">
<msg time="2025-07-14T10:30:37.578690" level="INFO">${header} = {'Content-Type': 'application/json'}</msg>
<var>${header}</var>
<arg>Content-Type=application/json</arg>
<doc>Creates and returns a dictionary based on the given ``items``.</doc>
<status status="PASS" start="2025-07-14T10:30:37.578519" elapsed="0.000192"/>
</kw>
<kw name="Run Keyword If" owner="BuiltIn">
<kw name="Set To Dictionary" owner="Collections">
<arg>${header}</arg>
<arg>Authorization=${token}</arg>
<doc>Adds the given ``key_value_pairs`` and/or ``items`` to the ``dictionary``.</doc>
<status status="PASS" start="2025-07-14T10:30:37.578965" elapsed="0.000119"/>
</kw>
<arg>'${token}' != 'None'</arg>
<arg>Set To Dictionary</arg>
<arg>${header}</arg>
<arg>Authorization=${token}</arg>
<doc>Runs the given keyword with the given arguments, if ``condition`` is true.</doc>
<status status="PASS" start="2025-07-14T10:30:37.578807" elapsed="0.000315"/>
</kw>
<kw name="Set Suite Variable" owner="BuiltIn">
<msg time="2025-07-14T10:30:37.579321" level="INFO">${header} = {'Content-Type': 'application/json', 'Authorization': 'Bearer eyJhbGciOiJIUzI1NiIsInR5cCI6IkpXVCJ9.eyJlbWFpbCI6IndpbGxpYW1AdGVzdGUuY29tLmJyIiwicGFzc3dvcmQiOiJ0ZXN0ZTEyMzQ1NiIsImlhdCI6MTc1MjQ5OTgzNiwiZ...</msg>
<arg>${header}</arg>
<doc>Makes a variable available everywhere within the scope of the current suite.</doc>
<status status="PASS" start="2025-07-14T10:30:37.579199" elapsed="0.000150"/>
</kw>
<return>
<value>${header}</value>
<status status="PASS" start="2025-07-14T10:30:37.579383" elapsed="0.000024"/>
</return>
<msg time="2025-07-14T10:30:37.579490" level="INFO">${header} = {'Content-Type': 'application/json', 'Authorization': 'Bearer eyJhbGciOiJIUzI1NiIsInR5cCI6IkpXVCJ9.eyJlbWFpbCI6IndpbGxpYW1AdGVzdGUuY29tLmJyIiwicGFzc3dvcmQiOiJ0ZXN0ZTEyMzQ1NiIsImlhdCI6MTc1MjQ5OTgzNiwiZ...</msg>
<var>${header}</var>
<arg>${TOKEN}</arg>
<status status="PASS" start="2025-07-14T10:30:37.578300" elapsed="0.001207"/>
</kw>
<kw name="Criar Response DELETE" owner="api_session">
<kw name="DELETE" owner="RequestsLibrary">
<msg time="2025-07-14T10:30:38.087337" level="INFO">DELETE Request : url=https://serverest.dev/produtos/HVg3bLZ9rNUWv5x4 
 path_url=/produtos/HVg3bLZ9rNUWv5x4 
 headers={'User-Agent': 'python-requests/2.32.4', 'Accept-Encoding': 'gzip, deflate', 'Accept': '*/*', 'Connection': 'keep-alive', 'Content-Type': 'application/json', 'Authorization': '*****', 'Content-Length': '0'} 
 body=None 
 </msg>
<msg time="2025-07-14T10:30:38.087426" level="INFO">DELETE Response : url=https://serverest.dev/produtos/HVg3bLZ9rNUWv5x4 
 status=200, reason=OK 
 headers={'access-control-allow-origin': '*', 'x-dns-prefetch-control': 'off', 'x-frame-options': 'SAMEORIGIN', 'strict-transport-security': 'max-age=15552000; includeSubDomains', 'x-download-options': 'noopen', 'x-content-type-options': 'nosniff', 'x-xss-protection': '1; mode=block', 'content-type': 'application/json; charset=utf-8', 'x-cloud-trace-context': '1231e0ca0d8125934ca269414f96c4e6', 'date': 'Mon, 14 Jul 2025 13:30:39 GMT', 'server': 'Google Frontend', 'Content-Length': '46'} 
 body={
    "message": "Nenhum registro excluído"
} 
 </msg>
<msg time="2025-07-14T10:30:38.087546" level="INFO">${response} = &lt;Response [200]&gt;</msg>
<var>${response}</var>
<arg>url=${BASE_URL}${pagina}</arg>
<arg>headers=${header}</arg>
<arg>expected_status=${expected_status}</arg>
<doc>Sends a DELETE request.</doc>
<status status="PASS" start="2025-07-14T10:30:37.579813" elapsed="0.507754"/>
</kw>
<return>
<value>${response}</value>
<status status="PASS" start="2025-07-14T10:30:38.087629" elapsed="0.000035"/>
</return>
<msg time="2025-07-14T10:30:38.087812" level="INFO">${response} = &lt;Response [200]&gt;</msg>
<var>${response}</var>
<arg>/produtos/${ID_PRODUTO}</arg>
<arg>200</arg>
<arg>${header}</arg>
<status status="PASS" start="2025-07-14T10:30:37.579604" elapsed="0.508241"/>
</kw>
<kw name="Validar Resposta Completa Através da Mensagem" owner="api_session">
<kw name="Should Be Equal As Integers" owner="BuiltIn">
<msg time="2025-07-14T10:30:38.088722" level="INFO">Argument types are:
&lt;class 'int'&gt;
&lt;class 'str'&gt;</msg>
<arg>${response.status_code}</arg>
<arg>${codigo_esperado}</arg>
<doc>Fails if objects are unequal after converting them to integers.</doc>
<status status="PASS" start="2025-07-14T10:30:38.088333" elapsed="0.000498"/>
</kw>
<kw name="Should Be Equal As Strings" owner="BuiltIn">
<arg>${response.json()['message']}</arg>
<arg>${mensagem_esperada}</arg>
<doc>Fails if objects are unequal after converting them to strings.</doc>
<status status="PASS" start="2025-07-14T10:30:38.088912" elapsed="0.000318"/>
</kw>
<arg>${response}</arg>
<arg>200</arg>
<arg>Nenhum registro excluído</arg>
<status status="PASS" start="2025-07-14T10:30:38.088025" elapsed="0.001248"/>
</kw>
<status status="PASS" start="2025-07-14T10:30:37.577812" elapsed="0.511500"/>
</kw>
<status status="PASS" start="2025-07-14T10:30:37.577441" elapsed="0.512063"/>
</test>
<kw name="Deletar Usuario" owner="api_session" type="TEARDOWN">
<kw name="Deletar Usuário Pelo ID em Arquivo" owner="usuario">
<kw name="Pega INFO em TempFiles" owner="api_session">
<kw name="Get File" owner="OperatingSystem">
<msg time="2025-07-14T10:30:38.090943" level="INFO" html="true">Getting file '&lt;a href="file://C:\Users\willi\Desktop\projeto_api_serverest\TempFiles\id_usuario.txt"&gt;C:\Users\willi\Desktop\projeto_api_serverest\TempFiles\id_usuario.txt&lt;/a&gt;'.</msg>
<msg time="2025-07-14T10:30:38.097879" level="INFO">${valor} = enQssdJf8Z2c28JT</msg>
<var>${valor}</var>
<arg>path=${EXECDIR}/TempFiles/${nome_do_arquivo}</arg>
<doc>Returns the contents of a specified file.</doc>
<status status="PASS" start="2025-07-14T10:30:38.090793" elapsed="0.007118"/>
</kw>
<return>
<value>${valor}</value>
<status status="PASS" start="2025-07-14T10:30:38.097968" elapsed="0.000036"/>
</return>
<msg time="2025-07-14T10:30:38.098107" level="INFO">${ID_USUARIO} = enQssdJf8Z2c28JT</msg>
<var>${ID_USUARIO}</var>
<arg>id_usuario.txt</arg>
<status status="PASS" start="2025-07-14T10:30:38.090642" elapsed="0.007482"/>
</kw>
<kw name="Criar Response DELETE" owner="api_session">
<kw name="DELETE" owner="RequestsLibrary">
<msg time="2025-07-14T10:30:38.858940" level="INFO">DELETE Request : url=https://serverest.dev/usuarios/enQssdJf8Z2c28JT 
 path_url=/usuarios/enQssdJf8Z2c28JT 
 headers={'User-Agent': 'python-requests/2.32.4', 'Accept-Encoding': 'gzip, deflate', 'Accept': '*/*', 'Connection': 'keep-alive', 'Content-Type': 'application/json', 'Authorization': '*****', 'Content-Length': '0'} 
 body=None 
 </msg>
<msg time="2025-07-14T10:30:38.859031" level="INFO">DELETE Response : url=https://serverest.dev/usuarios/enQssdJf8Z2c28JT 
 status=200, reason=OK 
 headers={'access-control-allow-origin': '*', 'x-dns-prefetch-control': 'off', 'x-frame-options': 'SAMEORIGIN', 'strict-transport-security': 'max-age=15552000; includeSubDomains', 'x-download-options': 'noopen', 'x-content-type-options': 'nosniff', 'x-xss-protection': '1; mode=block', 'content-type': 'application/json; charset=utf-8', 'x-cloud-trace-context': 'ec0b2480ce66806f3821638a53581b92', 'date': 'Mon, 14 Jul 2025 13:30:40 GMT', 'server': 'Google Frontend', 'Content-Length': '51'} 
 body={
    "message": "Registro excluído com sucesso"
} 
 </msg>
<msg time="2025-07-14T10:30:38.859151" level="INFO">${response} = &lt;Response [200]&gt;</msg>
<var>${response}</var>
<arg>url=${BASE_URL}${pagina}</arg>
<arg>headers=${header}</arg>
<arg>expected_status=${expected_status}</arg>
<doc>Sends a DELETE request.</doc>
<status status="PASS" start="2025-07-14T10:30:38.098481" elapsed="0.760692"/>
</kw>
<return>
<value>${response}</value>
<status status="PASS" start="2025-07-14T10:30:38.859240" elapsed="0.000037"/>
</return>
<msg time="2025-07-14T10:30:38.859421" level="INFO">${response} = &lt;Response [200]&gt;</msg>
<var>${response}</var>
<arg>/usuarios/${ID_USUARIO}</arg>
<arg>200</arg>
<arg>${header}</arg>
<status status="PASS" start="2025-07-14T10:30:38.098266" elapsed="0.761180"/>
</kw>
<kw name="Validar Resposta Completa Através da Mensagem" owner="api_session">
<kw name="Should Be Equal As Integers" owner="BuiltIn">
<msg time="2025-07-14T10:30:38.860219" level="INFO">Argument types are:
&lt;class 'int'&gt;
&lt;class 'str'&gt;</msg>
<arg>${response.status_code}</arg>
<arg>${codigo_esperado}</arg>
<doc>Fails if objects are unequal after converting them to integers.</doc>
<status status="PASS" start="2025-07-14T10:30:38.859853" elapsed="0.000411"/>
</kw>
<kw name="Should Be Equal As Strings" owner="BuiltIn">
<arg>${response.json()['message']}</arg>
<arg>${mensagem_esperada}</arg>
<doc>Fails if objects are unequal after converting them to strings.</doc>
<status status="PASS" start="2025-07-14T10:30:38.860366" elapsed="0.000364"/>
</kw>
<arg>${response}</arg>
<arg>200</arg>
<arg>Registro excluído com sucesso</arg>
<status status="PASS" start="2025-07-14T10:30:38.859618" elapsed="0.001162"/>
</kw>
<tag>positivo</tag>
<doc>Exclui um usuário através do ID obtivo pelo arquivo .txt e verifica se a exclusão
foi realizada com sucesso</doc>
<status status="PASS" start="2025-07-14T10:30:38.090514" elapsed="0.770307"/>
</kw>
<status status="PASS" start="2025-07-14T10:30:38.090333" elapsed="0.770531"/>
</kw>
<status status="PASS" start="2025-07-14T10:30:33.077380" elapsed="5.783505"/>
</suite>
<suite id="s1-s2" name="Test Produto Positivo" source="C:\Users\willi\Desktop\projeto_api_serverest\Tests\test_produto_positivo.robot">
<kw name="Cadastrar e Logar" owner="api_session" type="SETUP">
<kw name="Criar Header" owner="api_session">
<kw name="Create Dictionary" owner="BuiltIn">
<msg time="2025-07-14T10:30:38.874207" level="INFO">${header} = {'Content-Type': 'application/json'}</msg>
<var>${header}</var>
<arg>Content-Type=application/json</arg>
<doc>Creates and returns a dictionary based on the given ``items``.</doc>
<status status="PASS" start="2025-07-14T10:30:38.874010" elapsed="0.000234"/>
</kw>
<kw name="Run Keyword If" owner="BuiltIn">
<arg>'${token}' != 'None'</arg>
<arg>Set To Dictionary</arg>
<arg>${header}</arg>
<arg>Authorization=${token}</arg>
<doc>Runs the given keyword with the given arguments, if ``condition`` is true.</doc>
<status status="PASS" start="2025-07-14T10:30:38.874368" elapsed="0.000177"/>
</kw>
<kw name="Set Suite Variable" owner="BuiltIn">
<msg time="2025-07-14T10:30:38.874825" level="INFO">${header} = {'Content-Type': 'application/json'}</msg>
<arg>${header}</arg>
<doc>Makes a variable available everywhere within the scope of the current suite.</doc>
<status status="PASS" start="2025-07-14T10:30:38.874660" elapsed="0.000203"/>
</kw>
<return>
<value>${header}</value>
<status status="PASS" start="2025-07-14T10:30:38.874908" elapsed="0.000042"/>
</return>
<status status="PASS" start="2025-07-14T10:30:38.872892" elapsed="0.002153"/>
</kw>
<kw name="Cadastrar Usuário" owner="usuario">
<kw name="Criar Body" owner="api_session">
<kw name="Create Dictionary" owner="BuiltIn">
<msg time="2025-07-14T10:30:38.876080" level="INFO">${body} = {'nome': 'WilliamTeste', 'email': 'william@teste.com.br', 'password': 'teste123456', 'administrador': 'true'}</msg>
<var>${body}</var>
<arg>nome=${nome}</arg>
<arg>email=${email}</arg>
<arg>password=${password}</arg>
<arg>administrador=${administrador}</arg>
[...]
 body={
    "message": "Cadastro realizado com sucesso",
    "_id": "tKaywWyNG4dv4sfJ"
} 
 </msg>
<msg time="2025-07-14T10:31:08.774900" level="INFO">${response} = &lt;Response [201]&gt;</msg>
<var>${response}</var>
<arg>url=${BASE_URL}${pagina}</arg>
<arg>headers=${header}</arg>
<arg>json=${body}</arg>
<arg>expected_status=${expected_status}</arg>
<doc>Sends a POST request.</doc>
<status status="PASS" start="2025-07-14T10:31:08.376415" elapsed="0.398506"/>
</kw>
<return>
<value>${response}</value>
<status status="PASS" start="2025-07-14T10:31:08.774986" elapsed="0.000037"/>
</return>
<msg time="2025-07-14T10:31:08.775136" level="INFO">${response} = &lt;Response [201]&gt;</msg>
<var>${response}</var>
<arg>/carrinhos</arg>
<arg>201</arg>
<arg>${header}</arg>
<arg>${body}</arg>
<status status="PASS" start="2025-07-14T10:31:08.376212" elapsed="0.398942"/>
</kw>
<kw name="Validar Resposta Completa Através da Mensagem" owner="api_session">
<kw name="Should Be Equal As Integers" owner="BuiltIn">
<msg time="2025-07-14T10:31:08.775914" level="INFO">Argument types are:
&lt;class 'int'&gt;
&lt;class 'str'&gt;</msg>
<arg>${response.status_code}</arg>
<arg>${codigo_esperado}</arg>
<doc>Fails if objects are unequal after converting them to integers.</doc>
<status status="PASS" start="2025-07-14T10:31:08.775553" elapsed="0.000404"/>
</kw>
<kw name="Should Be Equal As Strings" owner="BuiltIn">
<arg>${response.json()['message']}</arg>
<arg>${mensagem_esperada}</arg>
<doc>Fails if objects are unequal after converting them to strings.</doc>
<status status="PASS" start="2025-07-14T10:31:08.776037" elapsed="0.000336"/>
</kw>
<arg>${response}</arg>
<arg>201</arg>
<arg>Cadastro realizado com sucesso</arg>
<status status="PASS" start="2025-07-14T10:31:08.775306" elapsed="0.001111"/>
</kw>
<kw name="Set Variable" owner="BuiltIn">
<msg time="2025-07-14T10:31:08.776783" level="INFO">${id} = tKaywWyNG4dv4sfJ</msg>
<var>${id}</var>
<arg>${response.json()['_id']}</arg>
<doc>Returns the given values which can then be assigned to a variables.</doc>
<status status="PASS" start="2025-07-14T10:31:08.776491" elapsed="0.000311"/>
</kw>
<kw name="Set Suite Variable" owner="BuiltIn">
<msg time="2025-07-14T10:31:08.777005" level="INFO">${ID_CARRINHO} = tKaywWyNG4dv4sfJ</msg>
<arg>${ID_CARRINHO}</arg>
<arg>${id}</arg>
<doc>Makes a variable available everywhere within the scope of the current suite.</doc>
<status status="PASS" start="2025-07-14T10:31:08.776883" elapsed="0.000155"/>
</kw>
<kw name="Create File" owner="OperatingSystem">
<msg time="2025-07-14T10:31:08.777718" level="INFO" html="true">Created file '&lt;a href="file://C:\Users\willi\Desktop\projeto_api_serverest\TempFiles\id_carrinho.txt"&gt;C:\Users\willi\Desktop\projeto_api_serverest\TempFiles\id_carrinho.txt&lt;/a&gt;'.</msg>
<arg>${EXECDIR}/TempFiles/id_carrinho.txt</arg>
<arg>${id}</arg>
<doc>Creates a file with the given content and encoding.</doc>
<status status="PASS" start="2025-07-14T10:31:08.777117" elapsed="0.000669"/>
</kw>
<status status="PASS" start="2025-07-14T10:31:08.373613" elapsed="0.404269"/>
</kw>
<kw name="Cancelar Compra Com Carrinho" owner="carrinho">
<kw name="Criar Header" owner="api_session">
<kw name="Create Dictionary" owner="BuiltIn">
<msg time="2025-07-14T10:31:08.778710" level="INFO">${header} = {'Content-Type': 'application/json'}</msg>
<var>${header}</var>
<arg>Content-Type=application/json</arg>
<doc>Creates and returns a dictionary based on the given ``items``.</doc>
<status status="PASS" start="2025-07-14T10:31:08.778594" elapsed="0.000135"/>
</kw>
<kw name="Run Keyword If" owner="BuiltIn">
<kw name="Set To Dictionary" owner="Collections">
<arg>${header}</arg>
<arg>Authorization=${token}</arg>
<doc>Adds the given ``key_value_pairs`` and/or ``items`` to the ``dictionary``.</doc>
<status status="PASS" start="2025-07-14T10:31:08.778953" elapsed="0.000147"/>
</kw>
<arg>'${token}' != 'None'</arg>
<arg>Set To Dictionary</arg>
<arg>${header}</arg>
<arg>Authorization=${token}</arg>
<doc>Runs the given keyword with the given arguments, if ``condition`` is true.</doc>
<status status="PASS" start="2025-07-14T10:31:08.778807" elapsed="0.000342"/>
</kw>
<kw name="Set Suite Variable" owner="BuiltIn">
<msg time="2025-07-14T10:31:08.779366" level="INFO">${header} = {'Content-Type': 'application/json', 'Authorization': 'Bearer eyJhbGciOiJIUzI1NiIsInR5cCI6IkpXVCJ9.eyJlbWFpbCI6IndpbGxpYW1AdGVzdGUuY29tLmJyIiwicGFzc3dvcmQiOiJ0ZXN0ZTEyMzQ1NiIsImlhdCI6MTc1MjQ5OTg2NiwiZ...</msg>
<arg>${header}</arg>
<doc>Makes a variable available everywhere within the scope of the current suite.</doc>
<status status="PASS" start="2025-07-14T10:31:08.779234" elapsed="0.000163"/>
</kw>
<return>
<value>${header}</value>
<status status="PASS" start="2025-07-14T10:31:08.779427" elapsed="0.000020"/>
</return>
<msg time="2025-07-14T10:31:08.779531" level="INFO">${header} = {'Content-Type': 'application/json', 'Authorization': 'Bearer eyJhbGciOiJIUzI1NiIsInR5cCI6IkpXVCJ9.eyJlbWFpbCI6IndpbGxpYW1AdGVzdGUuY29tLmJyIiwicGFzc3dvcmQiOiJ0ZXN0ZTEyMzQ1NiIsImlhdCI6MTc1MjQ5OTg2NiwiZ...</msg>
<var>${header}</var>
<arg>${TOKEN}</arg>
<status status="PASS" start="2025-07-14T10:31:08.778407" elapsed="0.001141"/>
</kw>
<kw name="Criar Response DELETE" owner="api_session">
<kw name="DELETE" owner="RequestsLibrary">
<msg time="2025-07-14T10:31:09.186479" level="INFO">DELETE Request : url=https://serverest.dev/carrinhos/cancelar-compra 
 path_url=/carrinhos/cancelar-compra 
 headers={'User-Agent': 'python-requests/2.32.4', 'Accept-Encoding': 'gzip, deflate', 'Accept': '*/*', 'Connection': 'keep-alive', 'Content-Type': 'application/json', 'Authorization': '*****', 'Content-Length': '0'} 
 body=None 
 </msg>
<msg time="2025-07-14T10:31:09.186571" level="INFO">DELETE Response : url=https://serverest.dev/carrinhos/cancelar-compra 
 status=200, reason=OK 
 headers={'access-control-allow-origin': '*', 'x-dns-prefetch-control': 'off', 'x-frame-options': 'SAMEORIGIN', 'strict-transport-security': 'max-age=15552000; includeSubDomains', 'x-download-options': 'noopen', 'x-content-type-options': 'nosniff', 'x-xss-protection': '1; mode=block', 'content-type': 'application/json; charset=utf-8', 'x-cloud-trace-context': '8113609248d394bf9a3f85fa4588b2d8', 'date': 'Mon, 14 Jul 2025 13:31:11 GMT', 'server': 'Google Frontend', 'Content-Length': '86'} 
 body={
    "message": "Registro excluído com sucesso. Estoque dos produtos reabastecido"
} 
 </msg>
<msg time="2025-07-14T10:31:09.186700" level="INFO">${response} = &lt;Response [200]&gt;</msg>
<var>${response}</var>
<arg>url=${BASE_URL}${pagina}</arg>
<arg>headers=${header}</arg>
<arg>expected_status=${expected_status}</arg>
<doc>Sends a DELETE request.</doc>
<status status="PASS" start="2025-07-14T10:31:08.779835" elapsed="0.406891"/>
</kw>
<return>
<value>${response}</value>
<status status="PASS" start="2025-07-14T10:31:09.186799" elapsed="0.000041"/>
</return>
<msg time="2025-07-14T10:31:09.186998" level="INFO">${response} = &lt;Response [200]&gt;</msg>
<var>${response}</var>
<arg>/carrinhos/cancelar-compra</arg>
<arg>200</arg>
<arg>${header}</arg>
<status status="PASS" start="2025-07-14T10:31:08.779643" elapsed="0.407381"/>
</kw>
<kw name="Validar Resposta Completa Através da Mensagem" owner="api_session">
<kw name="Should Be Equal As Integers" owner="BuiltIn">
<msg time="2025-07-14T10:31:09.187780" level="INFO">Argument types are:
&lt;class 'int'&gt;
&lt;class 'str'&gt;</msg>
<arg>${response.status_code}</arg>
<arg>${codigo_esperado}</arg>
<doc>Fails if objects are unequal after converting them to integers.</doc>
<status status="PASS" start="2025-07-14T10:31:09.187433" elapsed="0.000389"/>
</kw>
<kw name="Should Be Equal As Strings" owner="BuiltIn">
<arg>${response.json()['message']}</arg>
<arg>${mensagem_esperada}</arg>
<doc>Fails if objects are unequal after converting them to strings.</doc>
<status status="PASS" start="2025-07-14T10:31:09.187903" elapsed="0.000321"/>
</kw>
<arg>${response}</arg>
<arg>200</arg>
<arg>Registro excluído com sucesso. Estoque dos produtos reabastecido</arg>
<status status="PASS" start="2025-07-14T10:31:09.187178" elapsed="0.001088"/>
</kw>
<status status="PASS" start="2025-07-14T10:31:08.778187" elapsed="0.410167"/>
</kw>
<status status="PASS" start="2025-07-14T10:31:08.373212" elapsed="0.815350"/>
</test>
<kw name="Deletar Usuario e Produto" owner="api_session" type="TEARDOWN">
<kw name="Deletar Produto" owner="produtos">
<kw name="Pega INFO em TempFiles" owner="api_session">
<kw name="Get File" owner="OperatingSystem">
<msg time="2025-07-14T10:31:09.189749" level="INFO" html="true">Getting file '&lt;a href="file://C:\Users\willi\Desktop\projeto_api_serverest\TempFiles\id_produto.txt"&gt;C:\Users\willi\Desktop\projeto_api_serverest\TempFiles\id_produto.txt&lt;/a&gt;'.</msg>
<msg time="2025-07-14T10:31:09.189992" level="INFO">${valor} = jFrPedkwprJOHp5C</msg>
<var>${valor}</var>
<arg>path=${EXECDIR}/TempFiles/${nome_do_arquivo}</arg>
<doc>Returns the contents of a specified file.</doc>
<status status="PASS" start="2025-07-14T10:31:09.189617" elapsed="0.000397"/>
</kw>
<return>
<value>${valor}</value>
<status status="PASS" start="2025-07-14T10:31:09.190053" elapsed="0.000023"/>
</return>
<msg time="2025-07-14T10:31:09.190161" level="INFO">${ID_PRODUTO} = jFrPedkwprJOHp5C</msg>
<var>${ID_PRODUTO}</var>
<arg>id_produto.txt</arg>
<status status="PASS" start="2025-07-14T10:31:09.189490" elapsed="0.000689"/>
</kw>
<kw name="Criar Header" owner="api_session">
<kw name="Create Dictionary" owner="BuiltIn">
<msg time="2025-07-14T10:31:09.190569" level="INFO">${header} = {'Content-Type': 'application/json'}</msg>
<var>${header}</var>
<arg>Content-Type=application/json</arg>
<doc>Creates and returns a dictionary based on the given ``items``.</doc>
<status status="PASS" start="2025-07-14T10:31:09.190454" elapsed="0.000135"/>
</kw>
<kw name="Run Keyword If" owner="BuiltIn">
<kw name="Set To Dictionary" owner="Collections">
<arg>${header}</arg>
<arg>Authorization=${token}</arg>
<doc>Adds the given ``key_value_pairs`` and/or ``items`` to the ``dictionary``.</doc>
<status status="PASS" start="2025-07-14T10:31:09.190820" elapsed="0.000217"/>
</kw>
<arg>'${token}' != 'None'</arg>
<arg>Set To Dictionary</arg>
<arg>${header}</arg>
<arg>Authorization=${token}</arg>
<doc>Runs the given keyword with the given arguments, if ``condition`` is true.</doc>
<status status="PASS" start="2025-07-14T10:31:09.190671" elapsed="0.000423"/>
</kw>
<kw name="Set Suite Variable" owner="BuiltIn">
<msg time="2025-07-14T10:31:09.191327" level="INFO">${header} = {'Content-Type': 'application/json', 'Authorization': 'Bearer eyJhbGciOiJIUzI1NiIsInR5cCI6IkpXVCJ9.eyJlbWFpbCI6IndpbGxpYW1AdGVzdGUuY29tLmJyIiwicGFzc3dvcmQiOiJ0ZXN0ZTEyMzQ1NiIsImlhdCI6MTc1MjQ5OTg2NiwiZ...</msg>
<arg>${header}</arg>
<doc>Makes a variable available everywhere within the scope of the current suite.</doc>
<status status="PASS" start="2025-07-14T10:31:09.191174" elapsed="0.000207"/>
</kw>
<return>
<value>${header}</value>
<status status="PASS" start="2025-07-14T10:31:09.191435" elapsed="0.000041"/>
</return>
<msg time="2025-07-14T10:31:09.191599" level="INFO">${header} = {'Content-Type': 'application/json', 'Authorization': 'Bearer eyJhbGciOiJIUzI1NiIsInR5cCI6IkpXVCJ9.eyJlbWFpbCI6IndpbGxpYW1AdGVzdGUuY29tLmJyIiwicGFzc3dvcmQiOiJ0ZXN0ZTEyMzQ1NiIsImlhdCI6MTc1MjQ5OTg2NiwiZ...</msg>
<var>${header}</var>
<arg>${TOKEN}</arg>
<status status="PASS" start="2025-07-14T10:31:09.190282" elapsed="0.001339"/>
</kw>
<kw name="Criar Response DELETE" owner="api_session">
<kw name="DELETE" owner="RequestsLibrary">
<msg time="2025-07-14T10:31:09.610385" level="INFO">DELETE Request : url=https://serverest.dev/produtos/jFrPedkwprJOHp5C 
 path_url=/produtos/jFrPedkwprJOHp5C 
 headers={'User-Agent': 'python-requests/2.32.4', 'Accept-Encoding': 'gzip, deflate', 'Accept': '*/*', 'Connection': 'keep-alive', 'Content-Type': 'application/json', 'Authorization': '*****', 'Content-Length': '0'} 
 body=None 
 </msg>
<msg time="2025-07-14T10:31:09.610477" level="INFO">DELETE Response : url=https://serverest.dev/produtos/jFrPedkwprJOHp5C 
 status=200, reason=OK 
 headers={'access-control-allow-origin': '*', 'x-dns-prefetch-control': 'off', 'x-frame-options': 'SAMEORIGIN', 'strict-transport-security': 'max-age=15552000; includeSubDomains', 'x-download-options': 'noopen', 'x-content-type-options': 'nosniff', 'x-xss-protection': '1; mode=block', 'content-type': 'application/json; charset=utf-8', 'x-cloud-trace-context': '348c748638cf70b5834609623d3e7424', 'date': 'Mon, 14 Jul 2025 13:31:11 GMT', 'server': 'Google Frontend', 'Content-Length': '51'} 
 body={
    "message": "Registro excluído com sucesso"
} 
 </msg>
<msg time="2025-07-14T10:31:09.610601" level="INFO">${response} = &lt;Response [200]&gt;</msg>
<var>${response}</var>
<arg>url=${BASE_URL}${pagina}</arg>
<arg>headers=${header}</arg>
<arg>expected_status=${expected_status}</arg>
<doc>Sends a DELETE request.</doc>
<status status="PASS" start="2025-07-14T10:31:09.192140" elapsed="0.418483"/>
</kw>
<return>
<value>${response}</value>
<status status="PASS" start="2025-07-14T10:31:09.610689" elapsed="0.000041"/>
</return>
<msg time="2025-07-14T10:31:09.610850" level="INFO">${response} = &lt;Response [200]&gt;</msg>
<var>${response}</var>
<arg>/produtos/${ID_PRODUTO}</arg>
<arg>200</arg>
<arg>${header}</arg>
<status status="PASS" start="2025-07-14T10:31:09.191748" elapsed="0.419122"/>
</kw>
<kw name="Validar Resposta Completa Através da Mensagem" owner="api_session">
<kw name="Should Be Equal As Integers" owner="BuiltIn">
<msg time="2025-07-14T10:31:09.611645" level="INFO">Argument types are:
&lt;class 'int'&gt;
&lt;class 'str'&gt;</msg>
<arg>${response.status_code}</arg>
<arg>${codigo_esperado}</arg>
<doc>Fails if objects are unequal after converting them to integers.</doc>
<status status="PASS" start="2025-07-14T10:31:09.611261" elapsed="0.000431"/>
</kw>
<kw name="Should Be Equal As Strings" owner="BuiltIn">
<arg>${response.json()['message']}</arg>
<arg>${mensagem_esperada}</arg>
<doc>Fails if objects are unequal after converting them to strings.</doc>
<status status="PASS" start="2025-07-14T10:31:09.611778" elapsed="0.000335"/>
</kw>
<arg>${response}</arg>
<arg>200</arg>
<arg>Registro excluído com sucesso</arg>
<status status="PASS" start="2025-07-14T10:31:09.611031" elapsed="0.001126"/>
</kw>
<status status="PASS" start="2025-07-14T10:31:09.189362" elapsed="0.422833"/>
</kw>
<kw name="Deletar Usuário Pelo ID em Arquivo" owner="usuario">
<kw name="Pega INFO em TempFiles" owner="api_session">
<kw name="Get File" owner="OperatingSystem">
<msg time="2025-07-14T10:31:09.612760" level="INFO" html="true">Getting file '&lt;a href="file://C:\Users\willi\Desktop\projeto_api_serverest\TempFiles\id_usuario.txt"&gt;C:\Users\willi\Desktop\projeto_api_serverest\TempFiles\id_usuario.txt&lt;/a&gt;'.</msg>
<msg time="2025-07-14T10:31:09.619223" level="INFO">${valor} = qmyaHoknSpbfDOtW</msg>
<var>${valor}</var>
<arg>path=${EXECDIR}/TempFiles/${nome_do_arquivo}</arg>
<doc>Returns the contents of a specified file.</doc>
<status status="PASS" start="2025-07-14T10:31:09.612628" elapsed="0.006630"/>
</kw>
<return>
<value>${valor}</value>
<status status="PASS" start="2025-07-14T10:31:09.619319" elapsed="0.000036"/>
</return>
<msg time="2025-07-14T10:31:09.619493" level="INFO">${ID_USUARIO} = qmyaHoknSpbfDOtW</msg>
<var>${ID_USUARIO}</var>
<arg>id_usuario.txt</arg>
<status status="PASS" start="2025-07-14T10:31:09.612493" elapsed="0.007022"/>
</kw>
<kw name="Criar Response DELETE" owner="api_session">
<kw name="DELETE" owner="RequestsLibrary">
<msg time="2025-07-14T10:31:10.031469" level="INFO">DELETE Request : url=https://serverest.dev/usuarios/qmyaHoknSpbfDOtW 
 path_url=/usuarios/qmyaHoknSpbfDOtW 
 headers={'User-Agent': 'python-requests/2.32.4', 'Accept-Encoding': 'gzip, deflate', 'Accept': '*/*', 'Connection': 'keep-alive', 'Content-Type': 'application/json', 'Authorization': '*****', 'Content-Length': '0'} 
 body=None 
 </msg>
<msg time="2025-07-14T10:31:10.031557" level="INFO">DELETE Response : url=https://serverest.dev/usuarios/qmyaHoknSpbfDOtW 
 status=200, reason=OK 
 headers={'access-control-allow-origin': '*', 'x-dns-prefetch-control': 'off', 'x-frame-options': 'SAMEORIGIN', 'strict-transport-security': 'max-age=15552000; includeSubDomains', 'x-download-options': 'noopen', 'x-content-type-options': 'nosniff', 'x-xss-protection': '1; mode=block', 'content-type': 'application/json; charset=utf-8', 'x-cloud-trace-context': '060cbfecb94f401d47fa45253f7049de', 'date': 'Mon, 14 Jul 2025 13:31:11 GMT', 'server': 'Google Frontend', 'Content-Length': '51'} 
 body={
    "message": "Registro excluído com sucesso"
} 
 </msg>
<msg time="2025-07-14T10:31:10.031801" level="INFO">${response} = &lt;Response [200]&gt;</msg>
<var>${response}</var>
<arg>url=${BASE_URL}${pagina}</arg>
<arg>headers=${header}</arg>
<arg>expected_status=${expected_status}</arg>
<doc>Sends a DELETE request.</doc>
<status status="PASS" start="2025-07-14T10:31:09.619906" elapsed="0.411918"/>
</kw>
<return>
<value>${response}</value>
<status status="PASS" start="2025-07-14T10:31:10.031889" elapsed="0.000036"/>
</return>
<msg time="2025-07-14T10:31:10.032036" level="INFO">${response} = &lt;Response [200]&gt;</msg>
<var>${response}</var>
<arg>/usuarios/${ID_USUARIO}</arg>
<arg>200</arg>
<arg>${header}</arg>
<status status="PASS" start="2025-07-14T10:31:09.619659" elapsed="0.412395"/>
</kw>
<kw name="Validar Resposta Completa Através da Mensagem" owner="api_session">
<kw name="Should Be Equal As Integers" owner="BuiltIn">
<msg time="2025-07-14T10:31:10.032790" level="INFO">Argument types are:
&lt;class 'int'&gt;
&lt;class 'str'&gt;</msg>
<arg>${response.status_code}</arg>
<arg>${codigo_esperado}</arg>
<doc>Fails if objects are unequal after converting them to integers.</doc>
<status status="PASS" start="2025-07-14T10:31:10.032428" elapsed="0.000403"/>
</kw>
<kw name="Should Be Equal As Strings" owner="BuiltIn">
<arg>${response.json()['message']}</arg>
<arg>${mensagem_esperada}</arg>
<doc>Fails if objects are unequal after converting them to strings.</doc>
<status status="PASS" start="2025-07-14T10:31:10.032911" elapsed="0.000322"/>
</kw>
<arg>${response}</arg>
<arg>200</arg>
<arg>Registro excluído com sucesso</arg>
<status status="PASS" start="2025-07-14T10:31:10.032210" elapsed="0.001067"/>
</kw>
<tag>positivo</tag>
<doc>Exclui um usuário através do ID obtivo pelo arquivo .txt e verifica se a exclusão
foi realizada com sucesso</doc>
<status status="PASS" start="2025-07-14T10:31:09.612325" elapsed="0.420989"/>
</kw>
<status status="PASS" start="2025-07-14T10:31:09.189218" elapsed="0.844132"/>
</kw>
<status status="PASS" start="2025-07-14T10:31:03.230097" elapsed="6.803272"/>
</suite>
<status status="PASS" start="2025-07-14T10:30:33.054823" elapsed="36.979520"/>
</suite>
<statistics>
<total>
<stat pass="42" fail="0" skip="0">All Tests</stat>
</total>
<tag>
</tag>
<suite>
<stat name="Tests" id="s1" pass="42" fail="0" skip="0">Tests</stat>
<stat name="Test Produto Negativo" id="s1-s1" pass="7" fail="0" skip="0">Tests.Test Produto Negativo</stat>
<stat name="Test Produto Positivo" id="s1-s2" pass="5" fail="0" skip="0">Tests.Test Produto Positivo</stat>
<stat name="Test Usuario Negativo" id="s1-s3" pass="15" fail="0" skip="0">Tests.Test Usuario Negativo</stat>
<stat name="Test Usuario Positivo" id="s1-s4" pass="6" fail="0" skip="0">Tests.Test Usuario Positivo</stat>
<stat name="Teste Carrinho Negativo" id="s1-s5" pass="5" fail="0" skip="0">Tests.Teste Carrinho Negativo</stat>
<stat name="Teste Carrinho Positivo" id="s1-s6" pass="4" fail="0" skip="0">Tests.Teste Carrinho Positivo</stat>
</suite>
</statistics>
<errors>
</errors>
</robot>
