<?xml version="1.0" encoding="UTF-8"?>
<robot generator="Robot 7.3.2 (Python 3.13.5 on win32)" generated="2025-07-09T15:09:07.232068" rpa="false" schemaversion="5">
<suite id="s1" name="Tests" source="C:\Users\willi\Desktop\projeto_api_serverest\Tests">
<suite id="s1-s1" name="Test Produto Negativo" source="C:\Users\willi\Desktop\projeto_api_serverest\Tests\test_produto_negativo.robot">
<kw name="Criar Sessão e Cadastrar/Logar" owner="api_session" type="SETUP">
<kw name="Criar Sessão" owner="api_session">
<kw name="Create Session" owner="RequestsLibrary">
<msg time="2025-07-09T15:09:07.587206" level="INFO">Creating Session using : alias=ServeRest, url=https://serverest.dev, headers={},                     cookies={}, auth=None, timeout=None, proxies=None, verify=False,                     debug=0 </msg>
<arg>alias=ServeRest</arg>
<arg>url=https://serverest.dev</arg>
<doc>Create Session: create a HTTP session to a server</doc>
<status status="PASS" start="2025-07-09T15:09:07.587095" elapsed="0.000270"/>
</kw>
<status status="PASS" start="2025-07-09T15:09:07.586626" elapsed="0.000812"/>
</kw>
<kw name="Cadastrar Usuário" owner="usuario">
<kw name="Criar Body" owner="api_session">
<kw name="Create Dictionary" owner="BuiltIn">
<msg time="2025-07-09T15:09:07.588276" level="INFO">${body} = {'nome': 'WilliamTeste', 'email': 'william@teste.com.br', 'password': 'teste123456', 'administrador': 'true'}</msg>
<var>${body}</var>
<arg>nome=${nome}</arg>
<arg>email=${email}</arg>
<arg>password=${password}</arg>
<arg>administrador=${administrador}</arg>
<doc>Creates and returns a dictionary based on the given ``items``.</doc>
<status status="PASS" start="2025-07-09T15:09:07.587976" elapsed="0.000323"/>
</kw>
<return>
<value>${body}</value>
<status status="PASS" start="2025-07-09T15:09:07.588344" elapsed="0.000037"/>
</return>
<msg time="2025-07-09T15:09:07.588477" level="INFO">${body} = {'nome': 'WilliamTeste', 'email': 'william@teste.com.br', 'password': 'teste123456', 'administrador': 'true'}</msg>
<var>${body}</var>
<arg>${nome}</arg>
<arg>${email}</arg>
<arg>${senha}</arg>
<arg>${admin}</arg>
<status status="PASS" start="2025-07-09T15:09:07.587683" elapsed="0.000812"/>
</kw>
<kw name="Criar Header" owner="api_session">
<kw name="Create Dictionary" owner="BuiltIn">
<msg time="2025-07-09T15:09:07.588871" level="INFO">${header} = {'Content-Type': 'application/json', 'Authorization': ''}</msg>
<var>${header}</var>
<arg>Content-Type=application/json</arg>
<arg>Authorization=${token}</arg>
<doc>Creates and returns a dictionary based on the given ``items``.</doc>
<status status="PASS" start="2025-07-09T15:09:07.588732" elapsed="0.000158"/>
</kw>
<return>
<value>${header}</value>
<status status="PASS" start="2025-07-09T15:09:07.588926" elapsed="0.000022"/>
</return>
<msg time="2025-07-09T15:09:07.589037" level="INFO">${header} = {'Content-Type': 'application/json', 'Authorization': ''}</msg>
<var>${header}</var>
<status status="PASS" start="2025-07-09T15:09:07.588600" elapsed="0.000454"/>
</kw>
<kw name="Criar Response Post" owner="api_session">
<kw name="POST On Session" owner="RequestsLibrary">
<msg time="2025-07-09T15:09:08.008741" level="INFO">POST Request : url=https://serverest.dev/usuarios 
 path_url=/usuarios 
 headers={'User-Agent': 'python-requests/2.32.4', 'Accept-Encoding': 'gzip, deflate', 'Accept': '*/*', 'Connection': 'keep-alive', 'Content-Type': 'application/json', 'Authorization': '', 'Content-Length': '109'} 
 body=b'{"nome": "WilliamTeste", "email": "william@teste.com.br", "password": "teste123456", "administrador": "true"}' 
 </msg>
<msg time="2025-07-09T15:09:08.008855" level="INFO">POST Response : url=https://serverest.dev/usuarios 
 status=201, reason=Created 
 headers={'access-control-allow-origin': '*', 'x-dns-prefetch-control': 'off', 'x-frame-options': 'SAMEORIGIN', 'strict-transport-security': 'max-age=15552000; includeSubDomains', 'x-download-options': 'noopen', 'x-content-type-options': 'nosniff', 'x-xss-protection': '1; mode=block', 'content-type': 'application/json; charset=utf-8', 'x-cloud-trace-context': '2813a5ef30809988ec9ed63d73a3519a;o=1', 'date': 'Wed, 09 Jul 2025 18:09:08 GMT', 'server': 'Google Frontend', 'Content-Length': '82'} 
 body={
    "message": "Cadastro realizado com sucesso",
    "_id": "0P6OgAuRJlKaqz9T"
} 
 </msg>
<msg time="2025-07-09T15:09:08.008922" level="INFO">C:\Users\willi\Desktop\projeto_api_serverest\Venv\Lib\site-packages\urllib3\connectionpool.py:1097: InsecureRequestWarning: Unverified HTTPS request is being made to host 'serverest.dev'. Adding certificate verification is strongly advised. See: https://urllib3.readthedocs.io/en/latest/advanced-usage.html#tls-warnings
  warnings.warn(</msg>
<msg time="2025-07-09T15:09:08.009282" level="INFO">${response} = &lt;Response [201]&gt;</msg>
<var>${response}</var>
<arg>alias=ServeRest</arg>
<arg>url=${pagina}</arg>
<arg>headers=${header}</arg>
<arg>json=${body}</arg>
<arg>expected_status=${expected_status}</arg>
<doc>Sends a POST request on a previously created HTTP Session.</doc>
<status status="PASS" start="2025-07-09T15:09:07.589323" elapsed="0.419993"/>
</kw>
<return>
<value>${response}</value>
<status status="PASS" start="2025-07-09T15:09:08.009428" elapsed="0.000046"/>
</return>
<msg time="2025-07-09T15:09:08.009606" level="INFO">${response} = &lt;Response [201]&gt;</msg>
<var>${response}</var>
<arg>/usuarios</arg>
<arg>201</arg>
<arg>${header}</arg>
<arg>${body}</arg>
<status status="PASS" start="2025-07-09T15:09:07.589143" elapsed="0.420487"/>
</kw>
<kw name="Set Variable" owner="BuiltIn">
<msg time="2025-07-09T15:09:08.010171" level="INFO">${id} = 0P6OgAuRJlKaqz9T</msg>
<var>${id}</var>
<arg>${response.json()['_id']}</arg>
<doc>Returns the given values which can then be assigned to a variables.</doc>
<status status="PASS" start="2025-07-09T15:09:08.009766" elapsed="0.000425"/>
</kw>
<kw name="Create File" owner="OperatingSystem">
<msg time="2025-07-09T15:09:08.010924" level="INFO" html="true">Created file '&lt;a href="file://C:\Users\willi\Desktop\projeto_api_serverest\TempFiles\id_usuario.txt"&gt;C:\Users\willi\Desktop\projeto_api_serverest\TempFiles\id_usuario.txt&lt;/a&gt;'.</msg>
<arg>${EXECDIR}/TempFiles/id_usuario.txt</arg>
<arg>${id}</arg>
<doc>Creates a file with the given content and encoding.</doc>
<status status="PASS" start="2025-07-09T15:09:08.010271" elapsed="0.000738"/>
</kw>
<kw name="Set Global Variable" owner="BuiltIn">
<msg time="2025-07-09T15:09:08.011745" level="INFO">${ID_USUARIO} = 0P6OgAuRJlKaqz9T</msg>
<arg>${ID_USUARIO}</arg>
<arg>${id}</arg>
<doc>Makes a variable available globally in all tests and suites.</doc>
<status status="PASS" start="2025-07-09T15:09:08.011149" elapsed="0.000637"/>
</kw>
<kw name="Dictionary Should Contain Value" owner="Collections">
<arg>${response.json()}</arg>
<arg>Cadastro realizado com sucesso</arg>
<doc>Fails if ``value`` is not found from ``dictionary``.</doc>
<status status="PASS" start="2025-07-09T15:09:08.011875" elapsed="0.000310"/>
</kw>
<status status="PASS" start="2025-07-09T15:09:07.587544" elapsed="0.424687"/>
</kw>
<kw name="Logar Usuário" owner="usuario">
<kw name="Create Dictionary" owner="BuiltIn">
<msg time="2025-07-09T15:09:08.012648" level="INFO">${body} = {'email': 'william@teste.com.br', 'password': 'teste123456'}</msg>
<var>${body}</var>
<arg>email=${email}</arg>
<arg>password=${senha}</arg>
<doc>Creates and returns a dictionary based on the given ``items``.</doc>
<status status="PASS" start="2025-07-09T15:09:08.012478" elapsed="0.000190"/>
</kw>
<kw name="Criar Header" owner="api_session">
<kw name="Create Dictionary" owner="BuiltIn">
<msg time="2025-07-09T15:09:08.013039" level="INFO">${header} = {'Content-Type': 'application/json', 'Authorization': ''}</msg>
<var>${header}</var>
<arg>Content-Type=application/json</arg>
<arg>Authorization=${token}</arg>
<doc>Creates and returns a dictionary based on the given ``items``.</doc>
<status status="PASS" start="2025-07-09T15:09:08.012900" elapsed="0.000158"/>
</kw>
<return>
<value>${header}</value>
<status status="PASS" start="2025-07-09T15:09:08.013096" elapsed="0.000019"/>
</return>
<msg time="2025-07-09T15:09:08.013289" level="INFO">${header} = {'Content-Type': 'application/json', 'Authorization': ''}</msg>
<var>${header}</var>
<status status="PASS" start="2025-07-09T15:09:08.012771" elapsed="0.000537"/>
</kw>
<kw name="Criar Response Post" owner="api_session">
<kw name="POST On Session" owner="RequestsLibrary">
<msg time="2025-07-09T15:09:08.214703" level="INFO">POST Request : url=https://serverest.dev/login 
 path_url=/login 
 headers={'User-Agent': 'python-requests/2.32.4', 'Accept-Encoding': 'gzip, deflate', 'Accept': '*/*', 'Connection': 'keep-alive', 'Content-Type': 'application/json', 'Authorization': '', 'Content-Length': '60'} 
 body=b'{"email": "william@teste.com.br", "password": "teste123456"}' 
 </msg>
<msg time="2025-07-09T15:09:08.214795" level="INFO">POST Response : url=https://serverest.dev/login 
 status=200, reason=OK 
 headers={'access-control-allow-origin': '*', 'x-dns-prefetch-control': 'off', 'x-frame-options': 'SAMEORIGIN', 'strict-transport-security': 'max-age=15552000; includeSubDomains', 'x-download-options': 'noopen', 'x-content-type-options': 'nosniff', 'x-xss-protection': '1; mode=block', 'content-type': 'application/json; charset=utf-8', 'x-cloud-trace-context': '5f89ac4ecc912d15ec9ed63d73a35331', 'date': 'Wed, 09 Jul 2025 18:09:08 GMT', 'server': 'Google Frontend', 'Content-Length': '283'} 
 body={
    "message": "Login realizado com sucesso",
    "authorization": "Bearer eyJhbGciOiJIUzI1NiIsInR5cCI6IkpXVCJ9.eyJlbWFpbCI6IndpbGxpYW1AdGVzdGUuY29tLmJyIiwicGFzc3dvcmQiOiJ0ZXN0ZTEyMzQ1NiIsImlhdCI6MTc1MjA4NDU0OCwiZXhwIjoxNzUyMDg1MTQ4fQ.lRNGtLkhtgX7iHJeC1Dje1hP13uDM2t0upISbd3XbL4"
} 
 </msg>
<msg time="2025-07-09T15:09:08.214866" level="INFO">C:\Users\willi\Desktop\projeto_api_serverest\Venv\Lib\site-packages\urllib3\connectionpool.py:1097: InsecureRequestWarning: Unverified HTTPS request is being made to host 'serverest.dev'. Adding certificate verification is strongly advised. See: https://urllib3.readthedocs.io/en/latest/advanced-usage.html#tls-warnings
  warnings.warn(</msg>
<msg time="2025-07-09T15:09:08.215662" level="INFO">${response} = &lt;Response [200]&gt;</msg>
<var>${response}</var>
<arg>alias=ServeRest</arg>
<arg>url=${pagina}</arg>
<arg>headers=${header}</arg>
<arg>json=${body}</arg>
<arg>expected_status=${expected_status}</arg>
<doc>Sends a POST request on a previously created HTTP Session.</doc>
<status status="PASS" start="2025-07-09T15:09:08.013582" elapsed="0.202133"/>
</kw>
<return>
<value>${response}</value>
<status status="PASS" start="2025-07-09T15:09:08.215811" elapsed="0.000048"/>
</return>
<msg time="2025-07-09T15:09:08.215991" level="INFO">${response} = &lt;Response [200]&gt;</msg>
<var>${response}</var>
<arg>/login</arg>
<arg>200</arg>
<arg>${header}</arg>
<arg>${body}</arg>
<status status="PASS" start="2025-07-09T15:09:08.013402" elapsed="0.202612"/>
</kw>
<kw name="Set Variable" owner="BuiltIn">
<msg time="2025-07-09T15:09:08.216520" level="INFO">${authorization} = Bearer eyJhbGciOiJIUzI1NiIsInR5cCI6IkpXVCJ9.eyJlbWFpbCI6IndpbGxpYW1AdGVzdGUuY29tLmJyIiwicGFzc3dvcmQiOiJ0ZXN0ZTEyMzQ1NiIsImlhdCI6MTc1MjA4NDU0OCwiZXhwIjoxNzUyMDg1MTQ4fQ.lRNGtLkhtgX7iHJeC1Dje1hP13uDM2t0u...</msg>
<var>${authorization}</var>
<arg>${response.json()['authorization']}</arg>
<doc>Returns the given values which can then be assigned to a variables.</doc>
<status status="PASS" start="2025-07-09T15:09:08.216149" elapsed="0.000391"/>
</kw>
<kw name="Create File" owner="OperatingSystem">
<msg time="2025-07-09T15:09:08.217272" level="INFO" html="true">Created file '&lt;a href="file://C:\Users\willi\Desktop\projeto_api_serverest\TempFiles\token.txt"&gt;C:\Users\willi\Desktop\projeto_api_serverest\TempFiles\token.txt&lt;/a&gt;'.</msg>
<arg>${EXECDIR}/TempFiles/token.txt</arg>
<arg>${authorization}</arg>
<doc>Creates a file with the given content and encoding.</doc>
<status status="PASS" start="2025-07-09T15:09:08.216616" elapsed="0.000741"/>
</kw>
<kw name="Set Global Variable" owner="BuiltIn">
<msg time="2025-07-09T15:09:08.218144" level="INFO">${TOKEN} = Bearer eyJhbGciOiJIUzI1NiIsInR5cCI6IkpXVCJ9.eyJlbWFpbCI6IndpbGxpYW1AdGVzdGUuY29tLmJyIiwicGFzc3dvcmQiOiJ0ZXN0ZTEyMzQ1NiIsImlhdCI6MTc1MjA4NDU0OCwiZXhwIjoxNzUyMDg1MTQ4fQ.lRNGtLkhtgX7iHJeC1Dje1hP13uDM2t0u...</msg>
<arg>${TOKEN}</arg>
<arg>${authorization}</arg>
<doc>Makes a variable available globally in all tests and suites.</doc>
<status status="PASS" start="2025-07-09T15:09:08.217490" elapsed="0.000695"/>
</kw>
<kw name="Dictionary Should Contain Value" owner="Collections">
<arg>${response.json()}</arg>
<arg>Login realizado com sucesso</arg>
<doc>Fails if ``value`` is not found from ``dictionary``.</doc>
<status status="PASS" start="2025-07-09T15:09:08.218272" elapsed="0.000291"/>
</kw>
<status status="PASS" start="2025-07-09T15:09:08.012349" elapsed="0.206260"/>
</kw>
<status status="PASS" start="2025-07-09T15:09:07.586390" elapsed="0.632250"/>
</kw>
<test id="s1-s1-t1" name="Cadastro Sem Nome Deve Retornar Erro 400" line="12">
<kw name="Cadastrar Produto Sem Nome" owner="produtos">
<kw name="Criar Body Produto" owner="produtos">
<kw name="Create Dictionary" owner="BuiltIn">
<msg time="2025-07-09T15:09:08.220147" level="INFO">${body} = {'nome': '', 'preco': '402', 'descricao': 'Mouse', 'quantidade': '12'}</msg>
<var>${body}</var>
<arg>nome=${nome}</arg>
<arg>preco=${preco}</arg>
<arg>descricao=${descricao}</arg>
<arg>quantidade=${quantidade}</arg>
<doc>Creates and returns a dictionary based on the given ``items``.</doc>
<status status="PASS" start="2025-07-09T15:09:08.219937" elapsed="0.000230"/>
</kw>
<return>
<value>${body}</value>
<status status="PASS" start="2025-07-09T15:09:08.220207" elapsed="0.000020"/>
</return>
<msg time="2025-07-09T15:09:08.220307" level="INFO">${body} = {'nome': '', 'preco': '402', 'descricao': 'Mouse', 'quantidade': '12'}</msg>
<var>${body}</var>
<arg>preco=${preco}</arg>
<arg>descricao=${descricao}</arg>
<arg>quantidade=${quantidade}</arg>
<status status="PASS" start="2025-07-09T15:09:08.219634" elapsed="0.000690"/>
</kw>
<kw name="Criar Header" owner="api_session">
<kw name="Create Dictionary" owner="BuiltIn">
<msg time="2025-07-09T15:09:08.220729" level="INFO">${header} = {'Content-Type': 'application/json', 'Authorization': 'Bearer eyJhbGciOiJIUzI1NiIsInR5cCI6IkpXVCJ9.eyJlbWFpbCI6IndpbGxpYW1AdGVzdGUuY29tLmJyIiwicGFzc3dvcmQiOiJ0ZXN0ZTEyMzQ1NiIsImlhdCI6MTc1MjA4NDU0OCwiZ...</msg>
<var>${header}</var>
<arg>Content-Type=application/json</arg>
<arg>Authorization=${token}</arg>
<doc>Creates and returns a dictionary based on the given ``items``.</doc>
<status status="PASS" start="2025-07-09T15:09:08.220598" elapsed="0.000152"/>
</kw>
<return>
<value>${header}</value>
<status status="PASS" start="2025-07-09T15:09:08.220790" elapsed="0.000018"/>
</return>
<msg time="2025-07-09T15:09:08.220887" level="INFO">${header} = {'Content-Type': 'application/json', 'Authorization': 'Bearer eyJhbGciOiJIUzI1NiIsInR5cCI6IkpXVCJ9.eyJlbWFpbCI6IndpbGxpYW1AdGVzdGUuY29tLmJyIiwicGFzc3dvcmQiOiJ0ZXN0ZTEyMzQ1NiIsImlhdCI6MTc1MjA4NDU0OCwiZ...</msg>
<var>${header}</var>
<arg>${TOKEN}</arg>
<status status="PASS" start="2025-07-09T15:09:08.220420" elapsed="0.000484"/>
</kw>
<kw name="Criar Response Post" owner="api_session">
<kw name="POST On Session" owner="RequestsLibrary">
<msg time="2025-07-09T15:09:08.415418" level="INFO">POST Request : url=https://serverest.dev/produtos 
 path_url=/produtos 
 headers={'User-Agent': 'python-requests/2.32.4', 'Accept-Encoding': 'gzip, deflate', 'Accept': '*/*', 'Connection': 'keep-alive', 'Content-Type': 'application/json', 'Authorization': 'Bearer eyJhbGciOiJIUzI1NiIsInR5cCI6IkpXVCJ9.eyJlbWFpbCI6IndpbGxpYW1AdGVzdGUuY29tLmJyIiwicGFzc3dvcmQiOiJ0ZXN0ZTEyMzQ1NiIsImlhdCI6MTc1MjA4NDU0OCwiZXhwIjoxNzUyMDg1MTQ4fQ.lRNGtLkhtgX7iHJeC1Dje1hP13uDM2t0upISbd3XbL4', 'Content-Length': '70'} 
 body=b'{"nome": "", "preco": "402", "descricao": "Mouse", "quantidade": "12"}' 
 </msg>
<msg time="2025-07-09T15:09:08.415502" level="INFO">POST Response : url=https://serverest.dev/produtos 
 status=400, reason=Bad Request 
 headers={'access-control-allow-origin': '*', 'x-dns-prefetch-control': 'off', 'x-frame-options': 'SAMEORIGIN', 'strict-transport-security': 'max-age=15552000; includeSubDomains', 'x-download-options': 'noopen', 'x-content-type-options': 'nosniff', 'x-xss-protection': '1; mode=block', 'content-type': 'application/json; charset=utf-8', 'x-cloud-trace-context': '011bbbf6d0bd8b39ec9ed63d73a35ce4', 'date': 'Wed, 09 Jul 2025 18:09:08 GMT', 'server': 'Google Frontend', 'Content-Length': '48'} 
 body={
    "nome": "nome não pode ficar em branco"
} 
 </msg>
<msg time="2025-07-09T15:09:08.415697" level="INFO">C:\Users\willi\Desktop\projeto_api_serverest\Venv\Lib\site-packages\urllib3\connectionpool.py:1097: InsecureRequestWarning: Unverified HTTPS request is being made to host 'serverest.dev'. Adding certificate verification is strongly advised. See: https://urllib3.readthedocs.io/en/latest/advanced-usage.html#tls-warnings
  warnings.warn(</msg>
<msg time="2025-07-09T15:09:08.416044" level="INFO">${response} = &lt;Response [400]&gt;</msg>
<var>${response}</var>
<arg>alias=ServeRest</arg>
<arg>url=${pagina}</arg>
<arg>headers=${header}</arg>
<arg>json=${body}</arg>
<arg>expected_status=${expected_status}</arg>
<doc>Sends a POST request on a previously created HTTP Session.</doc>
<status status="PASS" start="2025-07-09T15:09:08.221191" elapsed="0.194896"/>
</kw>
<return>
<value>${response}</value>
<status status="PASS" start="2025-07-09T15:09:08.416185" elapsed="0.000043"/>
</return>
<msg time="2025-07-09T15:09:08.416358" level="INFO">${response} = &lt;Response [400]&gt;</msg>
<var>${response}</var>
<arg>/produtos</arg>
<arg>400</arg>
<arg>${header}</arg>
<arg>${body}</arg>
<status status="PASS" start="2025-07-09T15:09:08.220992" elapsed="0.195389"/>
</kw>
<kw name="Should Be Equal As Strings" owner="BuiltIn">
<arg>${response.json()['nome']}</arg>
<arg>nome não pode ficar em branco</arg>
<doc>Fails if objects are unequal after converting them to strings.</doc>
<status status="PASS" start="2025-07-09T15:09:08.416517" elapsed="0.000408"/>
</kw>
<status status="PASS" start="2025-07-09T15:09:08.219082" elapsed="0.197889"/>
</kw>
<status status="PASS" start="2025-07-09T15:09:08.218688" elapsed="0.198484"/>
</test>
<test id="s1-s1-t2" name="Cadastro Sem Preço Deve Retornar Erro 400" line="15">
<kw name="Cadastrar Produto Sem Preço" owner="produtos">
<kw name="Criar Body Produto" owner="produtos">
<kw name="Create Dictionary" owner="BuiltIn">
<msg time="2025-07-09T15:09:08.418941" level="INFO">${body} = {'nome': 'WilliamTeste', 'preco': '', 'descricao': 'Mouse', 'quantidade': '12'}</msg>
<var>${body}</var>
<arg>nome=${nome}</arg>
<arg>preco=${preco}</arg>
<arg>descricao=${descricao}</arg>
<arg>quantidade=${quantidade}</arg>
<doc>Creates and returns a dictionary based on the given ``items``.</doc>
<status status="PASS" start="2025-07-09T15:09:08.418724" elapsed="0.000238"/>
</kw>
<return>
<value>${body}</value>
<status status="PASS" start="2025-07-09T15:09:08.419002" elapsed="0.000021"/>
</return>
<msg time="2025-07-09T15:09:08.419102" level="INFO">${body} = {'nome': 'WilliamTeste', 'preco': '', 'descricao': 'Mouse', 'quantidade': '12'}</msg>
<var>${body}</var>
<arg>nome=${nome}</arg>
<arg>descricao=${descricao}</arg>
<arg>quantidade=${quantidade}</arg>
<status status="PASS" start="2025-07-09T15:09:08.418422" elapsed="0.000696"/>
</kw>
<kw name="Criar Header" owner="api_session">
<kw name="Create Dictionary" owner="BuiltIn">
<msg time="2025-07-09T15:09:08.419524" level="INFO">${header} = {'Content-Type': 'application/json', 'Authorization': 'Bearer eyJhbGciOiJIUzI1NiIsInR5cCI6IkpXVCJ9.eyJlbWFpbCI6IndpbGxpYW1AdGVzdGUuY29tLmJyIiwicGFzc3dvcmQiOiJ0ZXN0ZTEyMzQ1NiIsImlhdCI6MTc1MjA4NDU0OCwiZ...</msg>
<var>${header}</var>
<arg>Content-Type=application/json</arg>
<arg>Authorization=${token}</arg>
<doc>Creates and returns a dictionary based on the given ``items``.</doc>
<status status="PASS" start="2025-07-09T15:09:08.419394" elapsed="0.000149"/>
</kw>
<return>
<value>${header}</value>
<status status="PASS" start="2025-07-09T15:09:08.419578" elapsed="0.000017"/>
</return>
<msg time="2025-07-09T15:09:08.419670" level="INFO">${header} = {'Content-Type': 'application/json', 'Authorization': 'Bearer eyJhbGciOiJIUzI1NiIsInR5cCI6IkpXVCJ9.eyJlbWFpbCI6IndpbGxpYW1AdGVzdGUuY29tLmJyIiwicGFzc3dvcmQiOiJ0ZXN0ZTEyMzQ1NiIsImlhdCI6MTc1MjA4NDU0OCwiZ...</msg>
<var>${header}</var>
<arg>${TOKEN}</arg>
<status status="PASS" start="2025-07-09T15:09:08.419216" elapsed="0.000471"/>
</kw>
<kw name="Criar Response Post" owner="api_session">
<kw name="POST On Session" owner="RequestsLibrary">
<msg time="2025-07-09T15:09:08.625539" level="INFO">POST Request : url=https://serverest.dev/produtos 
 path_url=/produtos 
 headers={'User-Agent': 'python-requests/2.32.4', 'Accept-Encoding': 'gzip, deflate', 'Accept': '*/*', 'Connection': 'keep-alive', 'Content-Type': 'application/json', 'Authorization': 'Bearer eyJhbGciOiJIUzI1NiIsInR5cCI6IkpXVCJ9.eyJlbWFpbCI6IndpbGxpYW1AdGVzdGUuY29tLmJyIiwicGFzc3dvcmQiOiJ0ZXN0ZTEyMzQ1NiIsImlhdCI6MTc1MjA4NDU0OCwiZXhwIjoxNzUyMDg1MTQ4fQ.lRNGtLkhtgX7iHJeC1Dje1hP13uDM2t0upISbd3XbL4', 'Content-Length': '79'} 
 body=b'{"nome": "WilliamTeste", "preco": "", "descricao": "Mouse", "quantidade": "12"}' 
 </msg>
<msg time="2025-07-09T15:09:08.625624" level="INFO">POST Response : url=https://serverest.dev/produtos 
 status=400, reason=Bad Request 
 headers={'access-control-allow-origin': '*', 'x-dns-prefetch-control': 'off', 'x-frame-options': 'SAMEORIGIN', 'strict-transport-security': 'max-age=15552000; includeSubDomains', 'x-download-options': 'noopen', 'x-content-type-options': 'nosniff', 'x-xss-protection': '1; mode=block', 'content-type': 'application/json; charset=utf-8', 'x-cloud-trace-context': '41d1dd5b3b6c269cec9ed63d73a35886', 'date': 'Wed, 09 Jul 2025 18:09:08 GMT', 'server': 'Google Frontend', 'Content-Length': '44'} 
 body={
    "preco": "preco deve ser um número"
} 
 </msg>
<msg time="2025-07-09T15:09:08.625687" level="INFO">C:\Users\willi\Desktop\projeto_api_serverest\Venv\Lib\site-packages\urllib3\connectionpool.py:1097: InsecureRequestWarning: Unverified HTTPS request is being made to host 'serverest.dev'. Adding certificate verification is strongly advised. See: https://urllib3.readthedocs.io/en/latest/advanced-usage.html#tls-warnings
  warnings.warn(</msg>
<msg time="2025-07-09T15:09:08.626059" level="INFO">${response} = &lt;Response [400]&gt;</msg>
<var>${response}</var>
<arg>alias=ServeRest</arg>
<arg>url=${pagina}</arg>
<arg>headers=${header}</arg>
<arg>json=${body}</arg>
<arg>expected_status=${expected_status}</arg>
<doc>Sends a POST request on a previously created HTTP Session.</doc>
<status status="PASS" start="2025-07-09T15:09:08.419976" elapsed="0.206115"/>
</kw>
<return>
<value>${response}</value>
<status status="PASS" start="2025-07-09T15:09:08.626204" elapsed="0.000042"/>
</return>
<msg time="2025-07-09T15:09:08.626373" level="INFO">${response} = &lt;Response [400]&gt;</msg>
<var>${response}</var>
<arg>/produtos</arg>
<arg>400</arg>
<arg>${header}</arg>
<arg>${body}</arg>
<status status="PASS" start="2025-07-09T15:09:08.419776" elapsed="0.206620"/>
</kw>
<kw name="Should Be Equal As Strings" owner="BuiltIn">
<arg>${response.json()['preco']}</arg>
<arg>preco deve ser um número</arg>
<doc>Fails if objects are unequal after converting them to strings.</doc>
<status status="PASS" start="2025-07-09T15:09:08.626533" elapsed="0.000458"/>
</kw>
<status status="PASS" start="2025-07-09T15:09:08.418189" elapsed="0.208857"/>
</kw>
<status status="PASS" start="2025-07-09T15:09:08.417811" elapsed="0.209426"/>
</test>
<test id="s1-s1-t3" name="Cadastro Sem Quantidade Deve Retornar Erro 400" line="18">
<kw name="Cadastrar Produto Sem Quantidade" owner="produtos">
<kw name="Criar Body Produto" owner="produtos">
<kw name="Create Dictionary" owner="BuiltIn">
<msg time="2025-07-09T15:09:08.628861" level="INFO">${body} = {'nome': 'WilliamTeste', 'preco': '402', 'descricao': 'Mouse', 'quantidade': ''}</msg>
<var>${body}</var>
<arg>nome=${nome}</arg>
<arg>preco=${preco}</arg>
<arg>descricao=${descricao}</arg>
<arg>quantidade=${quantidade}</arg>
<doc>Creates and returns a dictionary based on the given ``items``.</doc>
<status status="PASS" start="2025-07-09T15:09:08.628644" elapsed="0.000343"/>
</kw>
<return>
<value>${body}</value>
<status status="PASS" start="2025-07-09T15:09:08.629033" elapsed="0.000021"/>
</return>
<msg time="2025-07-09T15:09:08.629142" level="INFO">${body} = {'nome': 'WilliamTeste', 'preco': '402', 'descricao': 'Mouse', 'quantidade': ''}</msg>
<var>${body}</var>
<arg>nome=${nome}</arg>
<arg>preco=${preco}</arg>
<arg>descricao=${descricao}</arg>
<status status="PASS" start="2025-07-09T15:09:08.628350" elapsed="0.000810"/>
</kw>
<kw name="Criar Header" owner="api_session">
<kw name="Create Dictionary" owner="BuiltIn">
<msg time="2025-07-09T15:09:08.629579" level="INFO">${header} = {'Content-Type': 'application/json', 'Authorization': 'Bearer eyJhbGciOiJIUzI1NiIsInR5cCI6IkpXVCJ9.eyJlbWFpbCI6IndpbGxpYW1AdGVzdGUuY29tLmJyIiwicGFzc3dvcmQiOiJ0ZXN0ZTEyMzQ1NiIsImlhdCI6MTc1MjA4NDU0OCwiZ...</msg>
<var>${header}</var>
<arg>Content-Type=application/json</arg>
<arg>Authorization=${token}</arg>
<doc>Creates and returns a dictionary based on the given ``items``.</doc>
<status status="PASS" start="2025-07-09T15:09:08.629441" elapsed="0.000158"/>
</kw>
<return>
<value>${header}</value>
<status status="PASS" start="2025-07-09T15:09:08.629633" elapsed="0.000018"/>
</return>
<msg time="2025-07-09T15:09:08.629729" level="INFO">${header} = {'Content-Type': 'application/json', 'Authorization': 'Bearer eyJhbGciOiJIUzI1NiIsInR5cCI6IkpXVCJ9.eyJlbWFpbCI6IndpbGxpYW1AdGVzdGUuY29tLmJyIiwicGFzc3dvcmQiOiJ0ZXN0ZTEyMzQ1NiIsImlhdCI6MTc1MjA4NDU0OCwiZ...</msg>
<var>${header}</var>
<arg>${TOKEN}</arg>
<status status="PASS" start="2025-07-09T15:09:08.629259" elapsed="0.000486"/>
</kw>
<kw name="Criar Response Post" owner="api_session">
<kw name="POST On Session" owner="RequestsLibrary">
<msg time="2025-07-09T15:09:08.820847" level="INFO">POST Request : url=https://serverest.dev/produtos 
 path_url=/produtos 
 headers={'User-Agent': 'python-requests/2.32.4', 'Accept-Encoding': 'gzip, deflate', 'Accept': '*/*', 'Connection': 'keep-alive', 'Content-Type': 'application/json', 'Authorization': 'Bearer eyJhbGciOiJIUzI1NiIsInR5cCI6IkpXVCJ9.eyJlbWFpbCI6IndpbGxpYW1AdGVzdGUuY29tLmJyIiwicGFzc3dvcmQiOiJ0ZXN0ZTEyMzQ1NiIsImlhdCI6MTc1MjA4NDU0OCwiZXhwIjoxNzUyMDg1MTQ4fQ.lRNGtLkhtgX7iHJeC1Dje1hP13uDM2t0upISbd3XbL4', 'Content-Length': '80'} 
 body=b'{"nome": "WilliamTeste", "preco": "402", "descricao": "Mouse", "quantidade": ""}' 
 </msg>
<msg time="2025-07-09T15:09:08.820934" level="INFO">POST Response : url=https://serverest.dev/produtos 
 status=400, reason=Bad Request 
 headers={'access-control-allow-origin': '*', 'x-dns-prefetch-control': 'off', 'x-frame-options': 'SAMEORIGIN', 'strict-transport-security': 'max-age=15552000; includeSubDomains', 'x-download-options': 'noopen', 'x-content-type-options': 'nosniff', 'x-xss-protection': '1; mode=block', 'content-type': 'application/json; charset=utf-8', 'x-cloud-trace-context': '650dd09b1903423aec9ed63d73a35430', 'date': 'Wed, 09 Jul 2025 18:09:09 GMT', 'server': 'Google Frontend', 'Content-Length': '54'} 
 body={
    "quantidade": "quantidade deve ser um número"
} 
 </msg>
<msg time="2025-07-09T15:09:08.820999" level="INFO">C:\Users\willi\Desktop\projeto_api_serverest\Venv\Lib\site-packages\urllib3\connectionpool.py:1097: InsecureRequestWarning: Unverified HTTPS request is being made to host 'serverest.dev'. Adding certificate verification is strongly advised. See: https://urllib3.readthedocs.io/en/latest/advanced-usage.html#tls-warnings
  warnings.warn(</msg>
<msg time="2025-07-09T15:09:08.821353" level="INFO">${response} = &lt;Response [400]&gt;</msg>
<var>${response}</var>
<arg>alias=ServeRest</arg>
<arg>url=${pagina}</arg>
<arg>headers=${header}</arg>
<arg>json=${body}</arg>
<arg>expected_status=${expected_status}</arg>
<doc>Sends a POST request on a previously created HTTP Session.</doc>
<status status="PASS" start="2025-07-09T15:09:08.630044" elapsed="0.191341"/>
</kw>
<return>
<value>${response}</value>
<status status="PASS" start="2025-07-09T15:09:08.821476" elapsed="0.000060"/>
</return>
<msg time="2025-07-09T15:09:08.821665" level="INFO">${response} = &lt;Response [400]&gt;</msg>
<var>${response}</var>
<arg>/produtos</arg>
<arg>400</arg>
<arg>${header}</arg>
<arg>${body}</arg>
<status status="PASS" start="2025-07-09T15:09:08.629835" elapsed="0.191853"/>
</kw>
<kw name="Log" owner="BuiltIn">
<msg time="2025-07-09T15:09:08.822244" level="INFO">{'quantidade': 'quantidade deve ser um número'}</msg>
<arg>${response.json()}</arg>
<doc>Logs the given message with the given level.</doc>
<status status="PASS" start="2025-07-09T15:09:08.821821" elapsed="0.000464"/>
</kw>
<kw name="Should Be Equal As Strings" owner="BuiltIn">
<arg>${response.json()['quantidade']}</arg>
<arg>quantidade deve ser um número</arg>
<doc>Fails if objects are unequal after converting them to strings.</doc>
<status status="PASS" start="2025-07-09T15:09:08.822378" elapsed="0.000293"/>
</kw>
<status status="PASS" start="2025-07-09T15:09:08.628161" elapsed="0.194556"/>
</kw>
<status status="PASS" start="2025-07-09T15:09:08.627828" elapsed="0.195069"/>
</test>
<test id="s1-s1-t4" name="Buscar Produto Com ID Inexistente Deve Retornar Erro 400" line="21">
<kw name="Buscar Produto Com ID Inexistente" owner="produtos">
<kw name="Set Variable" owner="BuiltIn">
<msg time="2025-07-09T15:09:08.824154" level="INFO">${ID_PRODUTO} = BeeJh5lz3k6kSXXX</msg>
<var>${ID_PRODUTO}</var>
<arg>BeeJh5lz3k6kSXXX</arg>
<doc>Returns the given values which can then be assigned to a variables.</doc>
<status status="PASS" start="2025-07-09T15:09:08.824049" elapsed="0.000130"/>
</kw>
<kw name="Criar Header" owner="api_session">
<kw name="Create Dictionary" owner="BuiltIn">
<msg time="2025-07-09T15:09:08.824639" level="INFO">${header} = {'Content-Type': 'application/json', 'Authorization': ''}</msg>
<var>${header}</var>
<arg>Content-Type=application/json</arg>
<arg>Authorization=${token}</arg>
<doc>Creates and returns a dictionary based on the given ``items``.</doc>
<status status="PASS" start="2025-07-09T15:09:08.824487" elapsed="0.000171"/>
</kw>
<return>
<value>${header}</value>
<status status="PASS" start="2025-07-09T15:09:08.824695" elapsed="0.000020"/>
</return>
<msg time="2025-07-09T15:09:08.824796" level="INFO">${header} = {'Content-Type': 'application/json', 'Authorization': ''}</msg>
<var>${header}</var>
<status status="PASS" start="2025-07-09T15:09:08.824306" elapsed="0.000506"/>
</kw>
<kw name="Criar Response Get" owner="api_session">
<kw name="GET On Session" owner="RequestsLibrary">
<msg time="2025-07-09T15:09:09.014314" level="INFO">GET Request : url=https://serverest.dev/produtos/BeeJh5lz3k6kSXXX 
 path_url=/produtos/BeeJh5lz3k6kSXXX 
 headers={'User-Agent': 'python-requests/2.32.4', 'Accept-Encoding': 'gzip, deflate', 'Accept': '*/*', 'Connection': 'keep-alive', 'Content-Type': 'application/json', 'Authorization': ''} 
 body=None 
 </msg>
<msg time="2025-07-09T15:09:09.014399" level="INFO">GET Response : url=https://serverest.dev/produtos/BeeJh5lz3k6kSXXX 
 status=400, reason=Bad Request 
 headers={'access-control-allow-origin': '*', 'x-dns-prefetch-control': 'off', 'x-frame-options': 'SAMEORIGIN', 'strict-transport-security': 'max-age=15552000; includeSubDomains', 'x-download-options': 'noopen', 'x-content-type-options': 'nosniff', 'x-xss-protection': '1; mode=block', 'content-type': 'application/json; charset=utf-8', 'x-cloud-trace-context': '7feb28f43e13e4bcec9ed63d73a353e8', 'date': 'Wed, 09 Jul 2025 18:09:09 GMT', 'server': 'Google Frontend', 'Content-Length': '44'} 
 body={
    "message": "Produto não encontrado"
} 
 </msg>
<msg time="2025-07-09T15:09:09.014463" level="INFO">C:\Users\willi\Desktop\projeto_api_serverest\Venv\Lib\site-packages\urllib3\connectionpool.py:1097: InsecureRequestWarning: Unverified HTTPS request is being made to host 'serverest.dev'. Adding certificate verification is strongly advised. See: https://urllib3.readthedocs.io/en/latest/advanced-usage.html#tls-warnings
  warnings.warn(</msg>
<msg time="2025-07-09T15:09:09.014903" level="INFO">${response} = &lt;Response [400]&gt;</msg>
<var>${response}</var>
<arg>alias=ServeRest</arg>
<arg>url=${pagina}</arg>
<arg>headers=${header}</arg>
<arg>expected_status=${expected_status}</arg>
<doc>Sends a GET request on a previously created HTTP Session.</doc>
<status status="PASS" start="2025-07-09T15:09:08.825101" elapsed="0.189844"/>
</kw>
<return>
<value>${response}</value>
<status status="PASS" start="2025-07-09T15:09:09.015035" elapsed="0.000042"/>
</return>
<msg time="2025-07-09T15:09:09.015211" level="INFO">${response} = &lt;Response [400]&gt;</msg>
<var>${response}</var>
<arg>/produtos/${ID_PRODUTO}</arg>
<arg>400</arg>
<arg>${header}</arg>
<status status="PASS" start="2025-07-09T15:09:08.824900" elapsed="0.190333"/>
</kw>
<kw name="Log" owner="BuiltIn">
<msg time="2025-07-09T15:09:09.015795" level="INFO">{'message': 'Produto não encontrado'}</msg>
<arg>${response.json()}</arg>
<doc>Logs the given message with the given level.</doc>
<status status="PASS" start="2025-07-09T15:09:09.015370" elapsed="0.000459"/>
</kw>
<kw name="Should Be Equal As Strings" owner="BuiltIn">
<arg>${response.json()['message']}</arg>
<arg>Produto não encontrado</arg>
<doc>Fails if objects are unequal after converting them to strings.</doc>
<status status="PASS" start="2025-07-09T15:09:09.015963" elapsed="0.000322"/>
</kw>
<status status="PASS" start="2025-07-09T15:09:08.823844" elapsed="0.192492"/>
</kw>
<status status="PASS" start="2025-07-09T15:09:08.823408" elapsed="0.193116"/>
</test>
<test id="s1-s1-t5" name="Buscar Produto Com ID Malformado Deve Retornar Erro 400" line="24">
<kw name="Buscar Produto Com ID Malformado" owner="produtos">
<kw name="Set Variable" owner="BuiltIn">
<msg time="2025-07-09T15:09:09.017735" level="INFO">${ID_PRODUTO} = BeeJh5lz3k6kSIzBxx</msg>
<var>${ID_PRODUTO}</var>
<arg>BeeJh5lz3k6kSIzBxx</arg>
<doc>Returns the given values which can then be assigned to a variables.</doc>
<status status="PASS" start="2025-07-09T15:09:09.017649" elapsed="0.000106"/>
</kw>
<kw name="Criar Header" owner="api_session">
<kw name="Create Dictionary" owner="BuiltIn">
<msg time="2025-07-09T15:09:09.018179" level="INFO">${header} = {'Content-Type': 'application/json', 'Authorization': ''}</msg>
<var>${header}</var>
<arg>Content-Type=application/json</arg>
<arg>Authorization=${token}</arg>
<doc>Creates and returns a dictionary based on the given ``items``.</doc>
<status status="PASS" start="2025-07-09T15:09:09.018027" elapsed="0.000171"/>
</kw>
<return>
<value>${header}</value>
<status status="PASS" start="2025-07-09T15:09:09.018234" elapsed="0.000018"/>
</return>
<msg time="2025-07-09T15:09:09.018335" level="INFO">${header} = {'Content-Type': 'application/json', 'Authorization': ''}</msg>
<var>${header}</var>
<status status="PASS" start="2025-07-09T15:09:09.017860" elapsed="0.000491"/>
</kw>
<kw name="Criar Response Get" owner="api_session">
<kw name="GET On Session" owner="RequestsLibrary">
<msg time="2025-07-09T15:09:09.210580" level="INFO">GET Request : url=https://serverest.dev/produtos/BeeJh5lz3k6kSIzBxx 
 path_url=/produtos/BeeJh5lz3k6kSIzBxx 
 headers={'User-Agent': 'python-requests/2.32.4', 'Accept-Encoding': 'gzip, deflate', 'Accept': '*/*', 'Connection': 'keep-alive', 'Content-Type': 'application/json', 'Authorization': ''} 
 body=None 
 </msg>
<msg time="2025-07-09T15:09:09.210685" level="INFO">GET Response : url=https://serverest.dev/produtos/BeeJh5lz3k6kSIzBxx 
 status=400, reason=Bad Request 
 headers={'access-control-allow-origin': '*', 'x-dns-prefetch-control': 'off', 'x-frame-options': 'SAMEORIGIN', 'strict-transport-security': 'max-age=15552000; includeSubDomains', 'x-download-options': 'noopen', 'x-content-type-options': 'nosniff', 'x-xss-protection': '1; mode=block', 'content-type': 'application/json; charset=utf-8', 'x-cloud-trace-context': 'a841e978de293680ec9ed63d73a35597', 'date': 'Wed, 09 Jul 2025 18:09:09 GMT', 'server': 'Google Frontend', 'Content-Length': '67'} 
 body={
    "id": "id deve ter exatamente 16 caracteres alfanuméricos"
} 
 </msg>
<msg time="2025-07-09T15:09:09.210764" level="INFO">C:\Users\willi\Desktop\projeto_api_serverest\Venv\Lib\site-packages\urllib3\connectionpool.py:1097: InsecureRequestWarning: Unverified HTTPS request is being made to host 'serverest.dev'. Adding certificate verification is strongly advised. See: https://urllib3.readthedocs.io/en/latest/advanced-usage.html#tls-warnings
  warnings.warn(</msg>
<msg time="2025-07-09T15:09:09.211112" level="INFO">${response} = &lt;Response [400]&gt;</msg>
<var>${response}</var>
<arg>alias=ServeRest</arg>
<arg>url=${pagina}</arg>
<arg>headers=${header}</arg>
<arg>expected_status=${expected_status}</arg>
<doc>Sends a GET request on a previously created HTTP Session.</doc>
<status status="PASS" start="2025-07-09T15:09:09.018645" elapsed="0.192503"/>
</kw>
<return>
<value>${response}</value>
<status status="PASS" start="2025-07-09T15:09:09.211245" elapsed="0.000041"/>
</return>
<msg time="2025-07-09T15:09:09.211422" level="INFO">${response} = &lt;Response [400]&gt;</msg>
<var>${response}</var>
<arg>/produtos/${ID_PRODUTO}</arg>
<arg>400</arg>
<arg>${header}</arg>
<status status="PASS" start="2025-07-09T15:09:09.018439" elapsed="0.193006"/>
</kw>
<kw name="Log" owner="BuiltIn">
<msg time="2025-07-09T15:09:09.212014" level="INFO">{'id': 'id deve ter exatamente 16 caracteres alfanuméricos'}</msg>
<arg>${response.json()}</arg>
<doc>Logs the given message with the given level.</doc>
<status status="PASS" start="2025-07-09T15:09:09.211591" elapsed="0.000466"/>
</kw>
<kw name="Should Be Equal As Strings" owner="BuiltIn">
<arg>${response.json()['id']}</arg>
<arg>id deve ter exatamente 16 caracteres alfanuméricos</arg>
<doc>Fails if objects are unequal after converting them to strings.</doc>
<status status="PASS" start="2025-07-09T15:09:09.212149" elapsed="0.000296"/>
</kw>
<status status="PASS" start="2025-07-09T15:09:09.017486" elapsed="0.195004"/>
</kw>
<status status="PASS" start="2025-07-09T15:09:09.017109" elapsed="0.195533"/>
</test>
<test id="s1-s1-t6" name="Editar Produto Sem Dados Deve Retornar Erro 400" line="27">
<kw name="Editar Produto Sem Dados" owner="produtos">
<kw name="Cadastrar Produto" owner="produtos">
<kw name="Criar Body Produto" owner="produtos">
<kw name="Create Dictionary" owner="BuiltIn">
<msg time="2025-07-09T15:09:09.214267" level="INFO">${body} = {'nome': 'Logitech G402 Hero', 'preco': '402', 'descricao': 'Mouse', 'quantidade': '12'}</msg>
<var>${body}</var>
<arg>nome=${nome}</arg>
<arg>preco=${preco}</arg>
<arg>descricao=${descricao}</arg>
<arg>quantidade=${quantidade}</arg>
<doc>Creates and returns a dictionary based on the given ``items``.</doc>
<status status="PASS" start="2025-07-09T15:09:09.214047" elapsed="0.000241"/>
</kw>
<return>
<value>${body}</value>
<status status="PASS" start="2025-07-09T15:09:09.214327" elapsed="0.000020"/>
</return>
<msg time="2025-07-09T15:09:09.214428" level="INFO">${body} = {'nome': 'Logitech G402 Hero', 'preco': '402', 'descricao': 'Mouse', 'quantidade': '12'}</msg>
<var>${body}</var>
<arg>${nome_produto}</arg>
<arg>${preco}</arg>
<arg>${descricao}</arg>
<arg>${quantidade}</arg>
<status status="PASS" start="2025-07-09T15:09:09.213766" elapsed="0.000679"/>
</kw>
<kw name="Criar Header" owner="api_session">
<kw name="Create Dictionary" owner="BuiltIn">
<msg time="2025-07-09T15:09:09.214854" level="INFO">${header} = {'Content-Type': 'application/json', 'Authorization': 'Bearer eyJhbGciOiJIUzI1NiIsInR5cCI6IkpXVCJ9.eyJlbWFpbCI6IndpbGxpYW1AdGVzdGUuY29tLmJyIiwicGFzc3dvcmQiOiJ0ZXN0ZTEyMzQ1NiIsImlhdCI6MTc1MjA4NDU0OCwiZ...</msg>
<var>${header}</var>
<arg>Content-Type=application/json</arg>
<arg>Authorization=${token}</arg>
<doc>Creates and returns a dictionary based on the given ``items``.</doc>
<status status="PASS" start="2025-07-09T15:09:09.214724" elapsed="0.000150"/>
</kw>
<return>
<value>${header}</value>
<status status="PASS" start="2025-07-09T15:09:09.214907" elapsed="0.000017"/>
</return>
<msg time="2025-07-09T15:09:09.215052" level="INFO">${header} = {'Content-Type': 'application/json', 'Authorization': 'Bearer eyJhbGciOiJIUzI1NiIsInR5cCI6IkpXVCJ9.eyJlbWFpbCI6IndpbGxpYW1AdGVzdGUuY29tLmJyIiwicGFzc3dvcmQiOiJ0ZXN0ZTEyMzQ1NiIsImlhdCI6MTc1MjA4NDU0OCwiZ...</msg>
<var>${header}</var>
<arg>${TOKEN}</arg>
<status status="PASS" start="2025-07-09T15:09:09.214545" elapsed="0.000525"/>
</kw>
<kw name="Criar Response Post" owner="api_session">
<kw name="POST On Session" owner="RequestsLibrary">
<msg time="2025-07-09T15:09:09.410407" level="INFO">POST Request : url=https://serverest.dev/produtos 
 path_url=/produtos 
 headers={'User-Agent': 'python-requests/2.32.4', 'Accept-Encoding': 'gzip, deflate', 'Accept': '*/*', 'Connection': 'keep-alive', 'Content-Type': 'application/json', 'Authorization': 'Bearer eyJhbGciOiJIUzI1NiIsInR5cCI6IkpXVCJ9.eyJlbWFpbCI6IndpbGxpYW1AdGVzdGUuY29tLmJyIiwicGFzc3dvcmQiOiJ0ZXN0ZTEyMzQ1NiIsImlhdCI6MTc1MjA4NDU0OCwiZXhwIjoxNzUyMDg1MTQ4fQ.lRNGtLkhtgX7iHJeC1Dje1hP13uDM2t0upISbd3XbL4', 'Content-Length': '88'} 
 body=b'{"nome": "Logitech G402 Hero", "preco": "402", "descricao": "Mouse", "quantidade": "12"}' 
 </msg>
<msg time="2025-07-09T15:09:09.410492" level="INFO">POST Response : url=https://serverest.dev/produtos 
 status=201, reason=Created 
 headers={'access-control-allow-origin': '*', 'x-dns-prefetch-control': 'off', 'x-frame-options': 'SAMEORIGIN', 'strict-transport-security': 'max-age=15552000; includeSubDomains', 'x-download-options': 'noopen', 'x-content-type-options': 'nosniff', 'x-xss-protection': '1; mode=block', 'content-type': 'application/json; charset=utf-8', 'x-cloud-trace-context': 'b076361553a96ad9ec9ed63d73a3592d', 'date': 'Wed, 09 Jul 2025 18:09:09 GMT', 'server': 'Google Frontend', 'Content-Length': '82'} 
 body={
    "message": "Cadastro realizado com sucesso",
    "_id": "op69El7xuyoSBqbi"
} 
 </msg>
<msg time="2025-07-09T15:09:09.410565" level="INFO">C:\Users\willi\Desktop\projeto_api_serverest\Venv\Lib\site-packages\urllib3\connectionpool.py:1097: InsecureRequestWarning: Unverified HTTPS request is being made to host 'serverest.dev'. Adding certificate verification is strongly advised. See: https://urllib3.readthedocs.io/en/latest/advanced-usage.html#tls-warnings
  warnings.warn(</msg>
<msg time="2025-07-09T15:09:09.410956" level="INFO">${response} = &lt;Response [201]&gt;</msg>
<var>${response}</var>
<arg>alias=ServeRest</arg>
<arg>url=${pagina}</arg>
<arg>headers=${header}</arg>
<arg>json=${body}</arg>
<arg>expected_status=${expected_status}</arg>
<doc>Sends a POST request on a previously created HTTP Session.</doc>
<status status="PASS" start="2025-07-09T15:09:09.215795" elapsed="0.195199"/>
</kw>
<return>
<value>${response}</value>
<status status="PASS" start="2025-07-09T15:09:09.411094" elapsed="0.000043"/>
</return>
<msg time="2025-07-09T15:09:09.411268" level="INFO">${response} = &lt;Response [201]&gt;</msg>
<var>${response}</var>
<arg>/produtos</arg>
<arg>201</arg>
<arg>${header}</arg>
<arg>${body}</arg>
<status status="PASS" start="2025-07-09T15:09:09.215160" elapsed="0.196131"/>
</kw>
<kw name="Set Variable" owner="BuiltIn">
<msg time="2025-07-09T15:09:09.411810" level="INFO">${id} = op69El7xuyoSBqbi</msg>
<var>${id}</var>
<arg>${response.json()['_id']}</arg>
<doc>Returns the given values which can then be assigned to a variables.</doc>
<status status="PASS" start="2025-07-09T15:09:09.411426" elapsed="0.000403"/>
</kw>
<kw name="Create File" owner="OperatingSystem">
<msg time="2025-07-09T15:09:09.412560" level="INFO" html="true">Created file '&lt;a href="file://C:\Users\willi\Desktop\projeto_api_serverest\TempFiles\id_produto.txt"&gt;C:\Users\willi\Desktop\projeto_api_serverest\TempFiles\id_produto.txt&lt;/a&gt;'.</msg>
<arg>${EXECDIR}/TempFiles/id_produto.txt</arg>
<arg>${id}</arg>
<doc>Creates a file with the given content and encoding.</doc>
<status status="PASS" start="2025-07-09T15:09:09.411905" elapsed="0.000715"/>
</kw>
<kw name="Set Suite Variable" owner="BuiltIn">
<msg time="2025-07-09T15:09:09.413439" level="INFO">${ID_PRODUTO} = op69El7xuyoSBqbi</msg>
<arg>${ID_PRODUTO}</arg>
<arg>${id}</arg>
<doc>Makes a variable available everywhere within the scope of the current suite.</doc>
<status status="PASS" start="2025-07-09T15:09:09.412781" elapsed="0.000699"/>
</kw>
<status status="PASS" start="2025-07-09T15:09:09.213605" elapsed="0.199929"/>
</kw>
<kw name="Criar Body Produto" owner="produtos">
<kw name="Create Dictionary" owner="BuiltIn">
<msg time="2025-07-09T15:09:09.414057" level="INFO">${body} = {'nome': '', 'preco': '', 'descricao': '', 'quantidade': ''}</msg>
<var>${body}</var>
<arg>nome=${nome}</arg>
<arg>preco=${preco}</arg>
<arg>descricao=${descricao}</arg>
<arg>quantidade=${quantidade}</arg>
<doc>Creates and returns a dictionary based on the given ``items``.</doc>
<status status="PASS" start="2025-07-09T15:09:09.413843" elapsed="0.000233"/>
</kw>
<return>
<value>${body}</value>
<status status="PASS" start="2025-07-09T15:09:09.414114" elapsed="0.000019"/>
</return>
<msg time="2025-07-09T15:09:09.414211" level="INFO">${body} = {'nome': '', 'preco': '', 'descricao': '', 'quantidade': ''}</msg>
<var>${body}</var>
<status status="PASS" start="2025-07-09T15:09:09.413642" elapsed="0.000586"/>
</kw>
<kw name="Criar Header" owner="api_session">
<kw name="Create Dictionary" owner="BuiltIn">
<msg time="2025-07-09T15:09:09.414625" level="INFO">${header} = {'Content-Type': 'application/json', 'Authorization': 'Bearer eyJhbGciOiJIUzI1NiIsInR5cCI6IkpXVCJ9.eyJlbWFpbCI6IndpbGxpYW1AdGVzdGUuY29tLmJyIiwicGFzc3dvcmQiOiJ0ZXN0ZTEyMzQ1NiIsImlhdCI6MTc1MjA4NDU0OCwiZ...</msg>
<var>${header}</var>
<arg>Content-Type=application/json</arg>
<arg>Authorization=${token}</arg>
<doc>Creates and returns a dictionary based on the given ``items``.</doc>
<status status="PASS" start="2025-07-09T15:09:09.414497" elapsed="0.000147"/>
</kw>
<return>
<value>${header}</value>
<status status="PASS" start="2025-07-09T15:09:09.414677" elapsed="0.000017"/>
</return>
<msg time="2025-07-09T15:09:09.414770" level="INFO">${header} = {'Content-Type': 'application/json', 'Authorization': 'Bearer eyJhbGciOiJIUzI1NiIsInR5cCI6IkpXVCJ9.eyJlbWFpbCI6IndpbGxpYW1AdGVzdGUuY29tLmJyIiwicGFzc3dvcmQiOiJ0ZXN0ZTEyMzQ1NiIsImlhdCI6MTc1MjA4NDU0OCwiZ...</msg>
<var>${header}</var>
<arg>${TOKEN}</arg>
<status status="PASS" start="2025-07-09T15:09:09.414318" elapsed="0.000469"/>
</kw>
<kw name="Criar Response Put" owner="api_session">
<kw name="PUT On Session" owner="RequestsLibrary">
<msg time="2025-07-09T15:09:09.603426" level="INFO">PUT Request : url=https://serverest.dev/produtos/op69El7xuyoSBqbi 
 path_url=/produtos/op69El7xuyoSBqbi 
 headers={'User-Agent': 'python-requests/2.32.4', 'Accept-Encoding': 'gzip, deflate', 'Accept': '*/*', 'Connection': 'keep-alive', 'Content-Type': 'application/json', 'Authorization': 'Bearer eyJhbGciOiJIUzI1NiIsInR5cCI6IkpXVCJ9.eyJlbWFpbCI6IndpbGxpYW1AdGVzdGUuY29tLmJyIiwicGFzc3dvcmQiOiJ0ZXN0ZTEyMzQ1NiIsImlhdCI6MTc1MjA4NDU0OCwiZXhwIjoxNzUyMDg1MTQ4fQ.lRNGtLkhtgX7iHJeC1Dje1hP13uDM2t0upISbd3XbL4', 'Content-Length': '60'} 
 body=b'{"nome": "", "preco": "", "descricao": "", "quantidade": ""}' 
 </msg>
<msg time="2025-07-09T15:09:09.603515" level="INFO">PUT Response : url=https://serverest.dev/produtos/op69El7xuyoSBqbi 
 status=400, reason=Bad Request 
 headers={'access-control-allow-origin': '*', 'x-dns-prefetch-control': 'off', 'x-frame-options': 'SAMEORIGIN', 'strict-transport-security': 'max-age=15552000; includeSubDomains', 'x-download-options': 'noopen', 'x-content-type-options': 'nosniff', 'x-xss-protection': '1; mode=block', 'content-type': 'application/json; charset=utf-8', 'x-cloud-trace-context': '16f58f05c69043f7ec9ed63d73a358d5', 'date': 'Wed, 09 Jul 2025 18:09:09 GMT', 'server': 'Google Frontend', 'Content-Length': '198'} 
 body={
    "nome": "nome não pode ficar em branco",
    "preco": "preco deve ser um número",
    "descricao": "descricao não pode ficar em branco",
    "quantidade": "quantidade deve ser um número"
} 
 </msg>
<msg time="2025-07-09T15:09:09.603578" level="INFO">C:\Users\willi\Desktop\projeto_api_serverest\Venv\Lib\site-packages\urllib3\connectionpool.py:1097: InsecureRequestWarning: Unverified HTTPS request is being made to host 'serverest.dev'. Adding certificate verification is strongly advised. See: https://urllib3.readthedocs.io/en/latest/advanced-usage.html#tls-warnings
  warnings.warn(</msg>
<msg time="2025-07-09T15:09:09.604047" level="INFO">${response} = &lt;Response [400]&gt;</msg>
<var>${response}</var>
<arg>alias=ServeRest</arg>
<arg>url=${pagina}</arg>
<arg>headers=${header}</arg>
<arg>json=${body}</arg>
<arg>expected_status=${expected_status}</arg>
<doc>Sends a PUT request on a previously created HTTP Session.</doc>
<status status="PASS" start="2025-07-09T15:09:09.415088" elapsed="0.188998"/>
</kw>
<return>
<value>${response}</value>
<status status="PASS" start="2025-07-09T15:09:09.604178" elapsed="0.000042"/>
</return>
<msg time="2025-07-09T15:09:09.604347" level="INFO">${response} = &lt;Response [400]&gt;</msg>
<var>${response}</var>
<arg>/produtos/${ID_PRODUTO}</arg>
<arg>400</arg>
<arg>${header}</arg>
<arg>${body}</arg>
<status status="PASS" start="2025-07-09T15:09:09.414872" elapsed="0.189499"/>
</kw>
<kw name="Should Be Equal As Strings" owner="BuiltIn">
<arg>${response.json()['nome']}</arg>
<arg>nome não pode ficar em branco</arg>
<doc>Fails if objects are unequal after converting them to strings.</doc>
<status status="PASS" start="2025-07-09T15:09:09.604507" elapsed="0.000446"/>
</kw>
<kw name="Should Be Equal As Strings" owner="BuiltIn">
<arg>${response.json()['preco']}</arg>
<arg>preco deve ser um número</arg>
<doc>Fails if objects are unequal after converting them to strings.</doc>
<status status="PASS" start="2025-07-09T15:09:09.605031" elapsed="0.000292"/>
</kw>
<kw name="Should Be Equal As Strings" owner="BuiltIn">
<arg>${response.json()['descricao']}</arg>
<arg>descricao não pode ficar em branco</arg>
<doc>Fails if objects are unequal after converting them to strings.</doc>
<status status="PASS" start="2025-07-09T15:09:09.605399" elapsed="0.000274"/>
</kw>
<kw name="Should Be Equal As Strings" owner="BuiltIn">
<arg>${response.json()['quantidade']}</arg>
<arg>quantidade deve ser um número</arg>
<doc>Fails if objects are unequal after converting them to strings.</doc>
<status status="PASS" start="2025-07-09T15:09:09.605749" elapsed="0.000271"/>
</kw>
<kw name="Deletar Produto" owner="produtos">
<kw name="Buscar Info em Temp Files" owner="api_session">
<kw name="Get File" owner="OperatingSystem">
<msg time="2025-07-09T15:09:09.606586" level="INFO" html="true">Getting file '&lt;a href="file://C:\Users\willi\Desktop\projeto_api_serverest\TempFiles\id_produto.txt"&gt;C:\Users\willi\Desktop\projeto_api_serverest\TempFiles\id_produto.txt&lt;/a&gt;'.</msg>
<msg time="2025-07-09T15:09:09.613672" level="INFO">${valor} = op69El7xuyoSBqbi</msg>
<var>${valor}</var>
<arg>path=${EXECDIR}/TempFiles/${nome_do_arquivo}</arg>
<doc>Returns the contents of a specified file.</doc>
<status status="PASS" start="2025-07-09T15:09:09.606462" elapsed="0.007260"/>
</kw>
<return>
<value>${valor}</value>
<status status="PASS" start="2025-07-09T15:09:09.613800" elapsed="0.000041"/>
</return>
<msg time="2025-07-09T15:09:09.613963" level="INFO">${ID_PRODUTO} = op69El7xuyoSBqbi</msg>
<var>${ID_PRODUTO}</var>
<arg>id_produto.txt</arg>
<status status="PASS" start="2025-07-09T15:09:09.606317" elapsed="0.007665"/>
</kw>
<kw name="Criar Header" owner="api_session">
<kw name="Create Dictionary" owner="BuiltIn">
<msg time="2025-07-09T15:09:09.614556" level="INFO">${header} = {'Content-Type': 'application/json', 'Authorization': 'Bearer eyJhbGciOiJIUzI1NiIsInR5cCI6IkpXVCJ9.eyJlbWFpbCI6IndpbGxpYW1AdGVzdGUuY29tLmJyIiwicGFzc3dvcmQiOiJ0ZXN0ZTEyMzQ1NiIsImlhdCI6MTc1MjA4NDU0OCwiZ...</msg>
<var>${header}</var>
<arg>Content-Type=application/json</arg>
<arg>Authorization=${token}</arg>
<doc>Creates and returns a dictionary based on the given ``items``.</doc>
<status status="PASS" start="2025-07-09T15:09:09.614393" elapsed="0.000183"/>
</kw>
<return>
<value>${header}</value>
<status status="PASS" start="2025-07-09T15:09:09.614612" elapsed="0.000022"/>
</return>
<msg time="2025-07-09T15:09:09.614715" level="INFO">${header} = {'Content-Type': 'application/json', 'Authorization': 'Bearer eyJhbGciOiJIUzI1NiIsInR5cCI6IkpXVCJ9.eyJlbWFpbCI6IndpbGxpYW1AdGVzdGUuY29tLmJyIiwicGFzc3dvcmQiOiJ0ZXN0ZTEyMzQ1NiIsImlhdCI6MTc1MjA4NDU0OCwiZ...</msg>
<var>${header}</var>
<arg>${TOKEN}</arg>
<status status="PASS" start="2025-07-09T15:09:09.614136" elapsed="0.000596"/>
</kw>
<kw name="Criar Response DELETE" owner="api_session">
<kw name="DELETE On Session" owner="RequestsLibrary">
<msg time="2025-07-09T15:09:09.810456" level="INFO">DELETE Request : url=https://serverest.dev/produtos/op69El7xuyoSBqbi 
 path_url=/produtos/op69El7xuyoSBqbi 
 headers={'User-Agent': 'python-requests/2.32.4', 'Accept-Encoding': 'gzip, deflate', 'Accept': '*/*', 'Connection': 'keep-alive', 'Content-Type': 'application/json', 'Authorization': 'Bearer eyJhbGciOiJIUzI1NiIsInR5cCI6IkpXVCJ9.eyJlbWFpbCI6IndpbGxpYW1AdGVzdGUuY29tLmJyIiwicGFzc3dvcmQiOiJ0ZXN0ZTEyMzQ1NiIsImlhdCI6MTc1MjA4NDU0OCwiZXhwIjoxNzUyMDg1MTQ4fQ.lRNGtLkhtgX7iHJeC1Dje1hP13uDM2t0upISbd3XbL4', 'Content-Length': '0'} 
 body=None 
 </msg>
<msg time="2025-07-09T15:09:09.810546" level="INFO">DELETE Response : url=https://serverest.dev/produtos/op69El7xuyoSBqbi 
 status=200, reason=OK 
 headers={'access-control-allow-origin': '*', 'x-dns-prefetch-control': 'off', 'x-frame-options': 'SAMEORIGIN', 'strict-transport-security': 'max-age=15552000; includeSubDomains', 'x-download-options': 'noopen', 'x-content-type-options': 'nosniff', 'x-xss-protection': '1; mode=block', 'content-type': 'application/json; charset=utf-8', 'x-cloud-trace-context': '509b105db45e68e7ec9ed63d73a35280', 'date': 'Wed, 09 Jul 2025 18:09:10 GMT', 'server': 'Google Frontend', 'Content-Length': '51'} 
 body={
    "message": "Registro excluído com sucesso"
} 
 </msg>
<msg time="2025-07-09T15:09:09.810612" level="INFO">C:\Users\willi\Desktop\projeto_api_serverest\Venv\Lib\site-packages\urllib3\connectionpool.py:1097: InsecureRequestWarning: Unverified HTTPS request is being made to host 'serverest.dev'. Adding certificate verification is strongly advised. See: https://urllib3.readthedocs.io/en/latest/advanced-usage.html#tls-warnings
  warnings.warn(</msg>
<msg time="2025-07-09T15:09:09.810979" level="INFO">${response} = &lt;Response [200]&gt;</msg>
<var>${response}</var>
<arg>alias=ServeRest</arg>
<arg>url=${pagina}</arg>
<arg>headers=${header}</arg>
<arg>expected_status=${expected_status}</arg>
<doc>Sends a DELETE request on a previously created HTTP Session.</doc>
<status status="PASS" start="2025-07-09T15:09:09.615034" elapsed="0.195979"/>
</kw>
<return>
<value>${response}</value>
<status status="PASS" start="2025-07-09T15:09:09.811115" elapsed="0.000046"/>
</return>
<msg time="2025-07-09T15:09:09.811291" level="INFO">${response} = &lt;Response [200]&gt;</msg>
<var>${response}</var>
<arg>/produtos/${ID_PRODUTO}</arg>
<arg>200</arg>
<arg>${header}</arg>
<status status="PASS" start="2025-07-09T15:09:09.614825" elapsed="0.196489"/>
</kw>
<kw name="Log" owner="BuiltIn">
<msg time="2025-07-09T15:09:09.811862" level="INFO">{'message': 'Registro excluído com sucesso'}</msg>
<arg>${response.json()}</arg>
<doc>Logs the given message with the given level.</doc>
<status status="PASS" start="2025-07-09T15:09:09.811448" elapsed="0.000456"/>
</kw>
<kw name="Should Be Equal As Strings" owner="BuiltIn">
<arg>${response.json()['message']}</arg>
<arg>Registro excluído com sucesso</arg>
<doc>Fails if objects are unequal after converting them to strings.</doc>
<status status="PASS" start="2025-07-09T15:09:09.811997" elapsed="0.000337"/>
</kw>
<status status="PASS" start="2025-07-09T15:09:09.606139" elapsed="0.206242"/>
</kw>
<status status="PASS" start="2025-07-09T15:09:09.213414" elapsed="0.598998"/>
</kw>
<status status="PASS" start="2025-07-09T15:09:09.213071" elapsed="0.599584"/>
</test>
<test id="s1-s1-t7" name="Deletar Produto Inexistente Deve Retornar Erro 200" line="30">
<kw name="Deletar Produto Inexistente" owner="produtos">
<kw name="Set Variable" owner="BuiltIn">
<msg time="2025-07-09T15:09:09.814080" level="INFO">${ID_PRODUTO} = 1234566778123452</msg>
<var>${ID_PRODUTO}</var>
<arg>1234566778123452</arg>
<doc>Returns the given values which can then be assigned to a variables.</doc>
<status status="PASS" start="2025-07-09T15:09:09.813977" elapsed="0.000127"/>
</kw>
<kw name="Criar Header" owner="api_session">
<kw name="Create Dictionary" owner="BuiltIn">
<msg time="2025-07-09T15:09:09.814578" level="INFO">${header} = {'Content-Type': 'application/json', 'Authorization': 'Bearer eyJhbGciOiJIUzI1NiIsInR5cCI6IkpXVCJ9.eyJlbWFpbCI6IndpbGxpYW1AdGVzdGUuY29tLmJyIiwicGFzc3dvcmQiOiJ0ZXN0ZTEyMzQ1NiIsImlhdCI6MTc1MjA4NDU0OCwiZ...</msg>
<var>${header}</var>
<arg>Content-Type=application/json</arg>
<arg>Authorization=${token}</arg>
<doc>Creates and returns a dictionary based on the given ``items``.</doc>
<status status="PASS" start="2025-07-09T15:09:09.814433" elapsed="0.000165"/>
</kw>
<return>
<value>${header}</value>
<status status="PASS" start="2025-07-09T15:09:09.814632" elapsed="0.000019"/>
</return>
<msg time="2025-07-09T15:09:09.814731" level="INFO">${header} = {'Content-Type': 'application/json', 'Authorization': 'Bearer eyJhbGciOiJIUzI1NiIsInR5cCI6IkpXVCJ9.eyJlbWFpbCI6IndpbGxpYW1AdGVzdGUuY29tLmJyIiwicGFzc3dvcmQiOiJ0ZXN0ZTEyMzQ1NiIsImlhdCI6MTc1MjA4NDU0OCwiZ...</msg>
<var>${header}</var>
<arg>${TOKEN}</arg>
<status status="PASS" start="2025-07-09T15:09:09.814229" elapsed="0.000520"/>
</kw>
<kw name="Criar Response DELETE" owner="api_session">
<kw name="DELETE On Session" owner="RequestsLibrary">
<msg time="2025-07-09T15:09:10.037138" level="INFO">DELETE Request : url=https://serverest.dev/produtos/1234566778123452 
 path_url=/produtos/1234566778123452 
 headers={'User-Agent': 'python-requests/2.32.4', 'Accept-Encoding': 'gzip, deflate', 'Accept': '*/*', 'Connection': 'keep-alive', 'Content-Type': 'application/json', 'Authorization': 'Bearer eyJhbGciOiJIUzI1NiIsInR5cCI6IkpXVCJ9.eyJlbWFpbCI6IndpbGxpYW1AdGVzdGUuY29tLmJyIiwicGFzc3dvcmQiOiJ0ZXN0ZTEyMzQ1NiIsImlhdCI6MTc1MjA4NDU0OCwiZXhwIjoxNzUyMDg1MTQ4fQ.lRNGtLkhtgX7iHJeC1Dje1hP13uDM2t0upISbd3XbL4', 'Content-Length': '0'} 
 body=None 
 </msg>
<msg time="2025-07-09T15:09:10.037217" level="INFO">DELETE Response : url=https://serverest.dev/produtos/1234566778123452 
 status=200, reason=OK 
 headers={'access-control-allow-origin': '*', 'x-dns-prefetch-control': 'off', 'x-frame-options': 'SAMEORIGIN', 'strict-transport-security': 'max-age=15552000; includeSubDomains', 'x-download-options': 'noopen', 'x-content-type-options': 'nosniff', 'x-xss-protection': '1; mode=block', 'content-type': 'application/json; charset=utf-8', 'x-cloud-trace-context': 'fdc5a9295c1483c2ec9ed63d73a35825', 'date': 'Wed, 09 Jul 2025 18:09:10 GMT', 'server': 'Google Frontend', 'Content-Length': '46'} 
 body={
    "message": "Nenhum registro excluído"
} 
 </msg>
<msg time="2025-07-09T15:09:10.037274" level="INFO">C:\Users\willi\Desktop\projeto_api_serverest\Venv\Lib\site-packages\urllib3\connectionpool.py:1097: InsecureRequestWarning: Unverified HTTPS request is being made to host 'serverest.dev'. Adding certificate verification is strongly advised. See: https://urllib3.readthedocs.io/en/latest/advanced-usage.html#tls-warnings
  warnings.warn(</msg>
<msg time="2025-07-09T15:09:10.037642" level="INFO">${response} = &lt;Response [200]&gt;</msg>
<var>${response}</var>
<arg>alias=ServeRest</arg>
<arg>url=${pagina}</arg>
<arg>headers=${header}</arg>
<arg>expected_status=${expected_status}</arg>
<doc>Sends a DELETE request on a previously created HTTP Session.</doc>
<status status="PASS" start="2025-07-09T15:09:09.815042" elapsed="0.222633"/>
</kw>
<return>
<value>${response}</value>
<status status="PASS" start="2025-07-09T15:09:10.037752" elapsed="0.000041"/>
</return>
<msg time="2025-07-09T15:09:10.037924" level="INFO">${response} = &lt;Response [200]&gt;</msg>
<var>${response}</var>
<arg>/produtos/${ID_PRODUTO}</arg>
<arg>200</arg>
<arg>${header}</arg>
<status status="PASS" start="2025-07-09T15:09:09.814841" elapsed="0.223106"/>
</kw>
<kw name="Log" owner="BuiltIn">
<msg time="2025-07-09T15:09:10.038506" level="INFO">{'message': 'Nenhum registro excluído'}</msg>
<arg>${response.json()}</arg>
<doc>Logs the given message with the given level.</doc>
<status status="PASS" start="2025-07-09T15:09:10.038086" elapsed="0.000463"/>
</kw>
<kw name="Should Be Equal As Strings" owner="BuiltIn">
<arg>${response.json()['message']}</arg>
<arg>Nenhum registro excluído</arg>
<doc>Fails if objects are unequal after converting them to strings.</doc>
<status status="PASS" start="2025-07-09T15:09:10.038646" elapsed="0.000303"/>
</kw>
<status status="PASS" start="2025-07-09T15:09:09.813776" elapsed="0.225218"/>
</kw>
<status status="PASS" start="2025-07-09T15:09:09.813322" elapsed="0.225826"/>
</test>
<kw name="Encerrar Sessão e Deletar Usuario" owner="api_session" type="TEARDOWN">
<kw name="Deletar Usuário" owner="usuario">
<kw name="Buscar Info em Temp Files" owner="api_session">
<kw name="Get File" owner="OperatingSystem">
<msg time="2025-07-09T15:09:10.040563" level="INFO" html="true">Getting file '&lt;a href="file://C:\Users\willi\Desktop\projeto_api_serverest\TempFiles\id_usuario.txt"&gt;C:\Users\willi\Desktop\projeto_api_serverest\TempFiles\id_usuario.txt&lt;/a&gt;'.</msg>
<msg time="2025-07-09T15:09:10.046947" level="INFO">${valor} = 0P6OgAuRJlKaqz9T</msg>
<var>${valor}</var>
<arg>path=${EXECDIR}/TempFiles/${nome_do_arquivo}</arg>
<doc>Returns the contents of a specified file.</doc>
<status status="PASS" start="2025-07-09T15:09:10.040407" elapsed="0.006570"/>
</kw>
<return>
<value>${valor}</value>
<status status="PASS" start="2025-07-09T15:09:10.047026" elapsed="0.000033"/>
</return>
<msg time="2025-07-09T15:09:10.047178" level="INFO">${ID_USUARIO} = 0P6OgAuRJlKaqz9T</msg>
<var>${ID_USUARIO}</var>
<arg>id_usuario.txt</arg>
<status status="PASS" start="2025-07-09T15:09:10.040259" elapsed="0.006940"/>
</kw>
<kw name="Criar Header" owner="api_session">
<kw name="Create Dictionary" owner="BuiltIn">
<msg time="2025-07-09T15:09:10.047681" level="INFO">${header} = {'Content-Type': 'application/json', 'Authorization': ''}</msg>
<var>${header}</var>
<arg>Content-Type=application/json</arg>
<arg>Authorization=${token}</arg>
<doc>Creates and returns a dictionary based on the given ``items``.</doc>
<status status="PASS" start="2025-07-09T15:09:10.047496" elapsed="0.000210"/>
</kw>
<return>
<value>${header}</value>
<status status="PASS" start="2025-07-09T15:09:10.047746" elapsed="0.000018"/>
</return>
<msg time="2025-07-09T15:09:10.047843" level="INFO">${header} = {'Content-Type': 'application/json', 'Authorization': ''}</msg>
<var>${header}</var>
<status status="PASS" start="2025-07-09T15:09:10.047324" elapsed="0.000535"/>
</kw>
<kw name="Criar Response DELETE" owner="api_session">
<kw name="DELETE On Session" owner="RequestsLibrary">
<msg time="2025-07-09T15:09:10.239384" level="INFO">DELETE Request : url=https://serverest.dev/usuarios/0P6OgAuRJlKaqz9T 
 path_url=/usuarios/0P6OgAuRJlKaqz9T 
 headers={'User-Agent': 'python-requests/2.32.4', 'Accept-Encoding': 'gzip, deflate', 'Accept': '*/*', 'Connection': 'keep-alive', 'Content-Type': 'application/json', 'Authorization': '', 'Content-Length': '0'} 
 body=None 
 </msg>
<msg time="2025-07-09T15:09:10.239471" level="INFO">DELETE Response : url=https://serverest.dev/usuarios/0P6OgAuRJlKaqz9T 
 status=200, reason=OK 
 headers={'access-control-allow-origin': '*', 'x-dns-prefetch-control': 'off', 'x-frame-options': 'SAMEORIGIN', 'strict-transport-security': 'max-age=15552000; includeSubDomains', 'x-download-options': 'noopen', 'x-content-type-options': 'nosniff', 'x-xss-protection': '1; mode=block', 'content-type': 'application/json; charset=utf-8', 'x-cloud-trace-context': 'fce7eecf548e3b73ec9ed63d73a35fc9', 'date': 'Wed, 09 Jul 2025 18:09:10 GMT', 'server': 'Google Frontend', 'Content-Length': '51'} 
 body={
    "message": "Registro excluído com sucesso"
} 
 </msg>
<msg time="2025-07-09T15:09:10.239653" level="INFO">C:\Users\willi\Desktop\projeto_api_serverest\Venv\Lib\site-packages\urllib3\connectionpool.py:1097: InsecureRequestWarning: Unverified HTTPS request is being made to host 'serverest.dev'. Adding certificate verification is strongly advised. See: https://urllib3.readthedocs.io/en/latest/advanced-usage.html#tls-warnings
  warnings.warn(</msg>
<msg time="2025-07-09T15:09:10.240019" level="INFO">${response} = &lt;Response [200]&gt;</msg>
<var>${response}</var>
<arg>alias=ServeRest</arg>
<arg>url=${pagina}</arg>
<arg>headers=${header}</arg>
<arg>expected_status=${expected_status}</arg>
<doc>Sends a DELETE request on a previously created HTTP Session.</doc>
<status status="PASS" start="2025-07-09T15:09:10.048126" elapsed="0.191925"/>
</kw>
<return>
<value>${response}</value>
<status status="PASS" start="2025-07-09T15:09:10.240150" elapsed="0.000051"/>
</return>
<msg time="2025-07-09T15:09:10.240332" level="INFO">${response} = &lt;Response [200]&gt;</msg>
<var>${response}</var>
<arg>/usuarios/${ID_USUARIO}</arg>
<arg>200</arg>
<arg>${header}</arg>
<status status="PASS" start="2025-07-09T15:09:10.047948" elapsed="0.192408"/>
</kw>
<kw name="Dictionary Should Contain Value" owner="Collections">
<arg>${response.json()}</arg>
<arg>Registro excluído com sucesso</arg>
<doc>Fails if ``value`` is not found from ``dictionary``.</doc>
<status status="PASS" start="2025-07-09T15:09:10.240491" elapsed="0.000443"/>
</kw>
<status status="PASS" start="2025-07-09T15:09:10.040098" elapsed="0.200893"/>
</kw>
<kw name="Encerrar Sessão" owner="api_session">
<kw name="Delete All Sessions" owner="RequestsLibrary">
<msg time="2025-07-09T15:09:10.241279" level="INFO">Deleting All Sessions</msg>
<doc>Removes all the session objects</doc>
<status status="PASS" start="2025-07-09T15:09:10.241234" elapsed="0.000100"/>
</kw>
<status status="PASS" start="2025-07-09T15:09:10.241111" elapsed="0.000259"/>
</kw>
<status status="PASS" start="2025-07-09T15:09:10.039917" elapsed="0.201482"/>
</kw>
<status status="PASS" start="2025-07-09T15:09:07.255470" elapsed="2.985951"/>
</suite>
<suite id="s1-s2" name="Test Produto Positivo" source="C:\Users\willi\Desktop\projeto_api_serverest\Tests\test_produto_positivo.robot">
<kw name="Criar Sessão e Cadastrar/Logar" owner="api_session" type="SETUP">
<kw name="Criar Sessão" owner="api_session">
<kw name="Create Session" owner="RequestsLibrary">
<msg time="2025-07-09T15:09:10.251399" level="INFO">Creating Session using : alias=ServeRest, url=https://serverest.dev, headers={},                     cookies={}, auth=None, timeout=None, proxies=None, verify=False,                     debug=0 </msg>
<arg>alias=ServeRest</arg>
<arg>url=https://serverest.dev</arg>
<doc>Create Session: create a HTTP session to a server</doc>
<status status="PASS" start="2025-07-09T15:09:10.251306" elapsed="0.000229"/>
</kw>
<status status="PASS" start="2025-07-09T15:09:10.251180" elapsed="0.000413"/>
</kw>
<kw name="Cadastrar Usuário" owner="usuario">
<kw name="Criar Body" owner="api_session">
<kw name="Create Dictionary" owner="BuiltIn">
<msg time="2025-07-09T15:09:10.252497" level="INFO">${body} = {'nome': 'WilliamTeste', 'email': 'william@teste.com.br', 'password': 'teste123456', 'administrador': 'true'}</msg>
<var>${body}</var>
<arg>nome=${nome}</arg>
<arg>email=${email}</arg>
<arg>password=${password}</arg>
<arg>administrador=${administrador}</arg>
<doc>Creates and returns a dictionary based on the given ``items``.</doc>
<status status="PASS" start="2025-07-09T15:09:10.252221" elapsed="0.000302"/>
</kw>
<return>
<value>${body}</value>
<status status="PASS" start="2025-07-09T15:09:10.252573" elapsed="0.000025"/>
</return>
<msg time="2025-07-09T15:09:10.252699" level="INFO">${body} = {'nome': 'WilliamTeste', 'email': 'william@teste.com.br', 'password': 'teste123456', 'administrador': 'true'}</msg>
<var>${body}</var>
<arg>${nome}</arg>
<arg>${email}</arg>
<arg>${senha}</arg>
<arg>${admin}</arg>
<status status="PASS" start="2025-07-09T15:09:10.251869" elapsed="0.000852"/>
</kw>
<kw name="Criar Header" owner="api_session">
<kw name="Create Dictionary" owner="BuiltIn">
<msg time="2025-07-09T15:09:10.253224" level="INFO">${header} = {'Content-Type': 'application/json', 'Authorization': ''}</msg>
<var>${header}</var>
<arg>Content-Type=application/json</arg>
<arg>Authorization=${token}</arg>
<doc>Creates and returns a dictionary based on the given ``items``.</doc>
<status status="PASS" start="2025-07-09T15:09:10.252995" elapsed="0.000272"/>
</kw>
<return>
<value>${header}</value>
<status status="PASS" start="2025-07-09T15:09:10.253324" elapsed="0.000041"/>
</return>
<msg time="2025-07-09T15:09:10.253482" level="INFO">${header} = {'Content-Type': 'application/json', 'Authorization': ''}</msg>
<var>${header}</var>
<status status="PASS" start="2025-07-09T15:09:10.252841" elapsed="0.000673"/>
</kw>
<kw name="Criar Response Post" owner="api_session">
<kw name="POST On Session" owner="RequestsLibrary">
<msg time="2025-07-09T15:09:10.662786" level="INFO">POST Request : url=https://serverest.dev/usuarios 
 path_url=/usuarios 
 headers={'User-Agent': 'python-requests/2.32.4', 'Accept-Encoding': 'gzip, deflate', 'Accept': '*/*', 'Connection': 'keep-alive', 'Content-Type': 'application/json', 'Authorization': '', 'Content-Length': '109'} 
 body=b'{"nome": "WilliamTeste", "email": "william@teste.com.br", "password": "teste123456", "administrador": "true"}' 
 </msg>
<msg time="2025-07-09T15:09:10.662873" level="INFO">POST Response : url=https://serverest.dev/usuarios 
 status=201, reason=Created 
 headers={'access-control-allow-origin': '*', 'x-dns-prefetch-control': 'off', 'x-frame-options': 'SAMEORIGIN', 'strict-transport-security': 'max-age=15552000; includeSubDomains', 'x-download-options': 'noopen', 'x-content-type-options': 'nosniff', 'x-xss-protection': '1; mode=block', 'content-type': 'application/json; charset=utf-8', 'x-cloud-trace-context': '8979cc2c70c3e87a8fc4243f7e9c2b40', 'date': 'Wed, 09 Jul 2025 18:09:10 GMT', 'server': 'Google Frontend', 'Content-Length': '82'} 
 body={
    "message": "Cadastro realizado com sucesso",
    "_id": "PgIkCiACDoEzMtjt"
} 
 </msg>
<msg time="2025-07-09T15:09:10.662948" level="INFO">C:\Users\willi\Desktop\projeto_api_serverest\Venv\Lib\site-packages\urllib3\connectionpool.py:1097: InsecureRequestWarning: Unverified HTTPS request is being made to host 'serverest.dev'. Adding certificate verification is strongly advised. See: https://urllib3.readthedocs.io/en/latest/advanced-usage.html#tls-warnings
  warnings.warn(</msg>
<msg time="2025-07-09T15:09:10.663343" level="INFO">${response} = &lt;Response [201]&gt;</msg>
<var>${response}</var>
<arg>alias=ServeRest</arg>
<arg>url=${pagina}</arg>
<arg>headers=${header}</arg>
<arg>json=${body}</arg>
<arg>expected_status=${expected_status}</arg>
<doc>Sends a POST request on a previously created HTTP Session.</doc>
<status status="PASS" start="2025-07-09T15:09:10.253863" elapsed="0.409519"/>
</kw>
<return>
<value>${response}</value>
<status status="PASS" start="2025-07-09T15:09:10.663468" elapsed="0.000055"/>
</return>
<msg time="2025-07-09T15:09:10.663653" level="INFO">${response} = &lt;Response [201]&gt;</msg>
<var>${response}</var>
<arg>/usuarios</arg>
<arg>201</arg>
<arg>${header}</arg>
<arg>${body}</arg>
<status status="PASS" start="2025-07-09T15:09:10.253648" elapsed="0.410028"/>
</kw>
<kw name="Set Variable" owner="BuiltIn">
<msg time="2025-07-09T15:09:10.664207" level="INFO">${id} = PgIkCiACDoEzMtjt</msg>
<var>${id}</var>
<arg>${response.json()['_id']}</arg>
<doc>Returns the given values which can then be assigned to a variables.</doc>
<status status="PASS" start="2025-07-09T15:09:10.663823" elapsed="0.000404"/>
</kw>
<kw name="Create File" owner="OperatingSystem">
<msg time="2025-07-09T15:09:10.664983" level="INFO" html="true">Created file '&lt;a href="file://C:\Users\willi\Desktop\projeto_api_serverest\TempFiles\id_usuario.txt"&gt;C:\Users\willi\Desktop\projeto_api_serverest\TempFiles\id_usuario.txt&lt;/a&gt;'.</msg>
<arg>${EXECDIR}/TempFiles/id_usuario.txt</arg>
<arg>${id}</arg>
<doc>Creates a file with the given content and encoding.</doc>
<status status="PASS" start="2025-07-09T15:09:10.664303" elapsed="0.000840"/>
</kw>
<kw name="Set Global Variable" owner="BuiltIn">
<msg time="2025-07-09T15:09:10.665451" level="INFO">${ID_USUARIO} = PgIkCiACDoEzMtjt</msg>
<arg>${ID_USUARIO}</arg>
<arg>${id}</arg>
<doc>Makes a variable available globally in all tests and suites.</doc>
<status status="PASS" start="2025-07-09T15:09:10.665269" elapsed="0.000219"/>
</kw>
<kw name="Dictionary Should Contain Value" owner="Collections">
<arg>${response.json()}</arg>
<arg>Cadastro realizado com sucesso</arg>
<doc>Fails if ``value`` is not found from ``dictionary``.</doc>
<status status="PASS" start="2025-07-09T15:09:10.665587" elapsed="0.000381"/>
</kw>
<status status="PASS" start="2025-07-09T15:09:10.251715" elapsed="0.414299"/>
</kw>
<kw name="Logar Usuário" owner="usuario">
<kw name="Create Dictionary" owner="BuiltIn">
<msg time="2025-07-09T15:09:10.666433" level="INFO">${body} = {'email': 'william@teste.com.br', 'password': 'teste123456'}</msg>
<var>${body}</var>
<arg>email=${email}</arg>
<arg>password=${senha}</arg>
<doc>Creates and returns a dictionary based on the given ``items``.</doc>
<status status="PASS" start="2025-07-09T15:09:10.666263" elapsed="0.000189"/>
</kw>
<kw name="Criar Header" owner="api_session">
<kw name="Create Dictionary" owner="BuiltIn">
<msg time="2025-07-09T15:09:10.666804" level="INFO">${header} = {'Content-Type': 'application/json', 'Authorization': ''}</msg>
<var>${header}</var>
<arg>Content-Type=application/json</arg>
<arg>Authorization=${token}</arg>
<doc>Creates and returns a dictionary based on the given ``items``.</doc>
<status status="PASS" start="2025-07-09T15:09:10.666674" elapsed="0.000149"/>
</kw>
<return>
<value>${header}</value>
<status status="PASS" start="2025-07-09T15:09:10.666859" elapsed="0.000019"/>
</return>
<msg time="2025-07-09T15:09:10.666956" level="INFO">${header} = {'Content-Type': 'application/json', 'Authorization': ''}</msg>
<var>${header}</var>
<status status="PASS" start="2025-07-09T15:09:10.666552" elapsed="0.000422"/>
</kw>
<kw name="Criar Response Post" owner="api_session">
<kw name="POST On Session" owner="RequestsLibrary">
<msg time="2025-07-09T15:09:10.852532" level="INFO">POST Request : url=https://serverest.dev/login 
 path_url=/login 
 headers={'User-Agent': 'python-requests/2.32.4', 'Accept-Encoding': 'gzip, deflate', 'Accept': '*/*', 'Connection': 'keep-alive', 'Content-Type': 'application/json', 'Authorization': '', 'Content-Length': '60'} 
 body=b'{"email": "william@teste.com.br", "password": "teste123456"}' 
 </msg>
<msg time="2025-07-09T15:09:10.852610" level="INFO">POST Response : url=https://serverest.dev/login 
 status=200, reason=OK 
 headers={'access-control-allow-origin': '*', 'x-dns-prefetch-control': 'off', 'x-frame-options': 'SAMEORIGIN', 'strict-transport-security': 'max-age=15552000; includeSubDomains', 'x-download-options': 'noopen', 'x-content-type-options': 'nosniff', 'x-xss-protection': '1; mode=block', 'content-type': 'application/json; charset=utf-8', 'x-cloud-trace-context': '56bba7b0461e53328fc4243f7e9c2f95', 'date': 'Wed, 09 Jul 2025 18:09:11 GMT', 'server': 'Google Frontend', 'Content-Length': '283'} 
 body={
    "message": "Login realizado com sucesso",
    "authorization": "Bearer eyJhbGciOiJIUzI1NiIsInR5cCI6IkpXVCJ9.eyJlbWFpbCI6IndpbGxpYW1AdGVzdGUuY29tLmJyIiwicGFzc3dvcmQiOiJ0ZXN0ZTEyMzQ1NiIsImlhdCI6MTc1MjA4NDU1MSwiZXhwIjoxNzUyMDg1MTUxfQ.yigVvwspY9MvaJEiLjFR-6C0Wingt9qqZ2dK1ntTiyo"
} 
 </msg>
<msg time="2025-07-09T15:09:10.852668" level="INFO">C:\Users\willi\Desktop\projeto_api_serverest\Venv\Lib\site-packages\urllib3\connectionpool.py:1097: InsecureRequestWarning: Unverified HTTPS request is being made to host 'serverest.dev'. Adding certificate verification is strongly advised. See: https://urllib3.readthedocs.io/en/latest/advanced-usage.html#tls-warnings
  warnings.warn(</msg>
<msg time="2025-07-09T15:09:10.853060" level="INFO">${response} = &lt;Response [200]&gt;</msg>
<var>${response}</var>
<arg>alias=ServeRest</arg>
<arg>url=${pagina}</arg>
<arg>headers=${header}</arg>
<arg>json=${body}</arg>
<arg>expected_status=${expected_status}</arg>
<doc>Sends a POST request on a previously created HTTP Session.</doc>
<status status="PASS" start="2025-07-09T15:09:10.667245" elapsed="0.185857"/>
</kw>
<return>
<value>${response}</value>
<status status="PASS" start="2025-07-09T15:09:10.853190" elapsed="0.000056"/>
</return>
<msg time="2025-07-09T15:09:10.853378" level="INFO">${response} = &lt;Response [200]&gt;</msg>
<var>${response}</var>
<arg>/login</arg>
<arg>200</arg>
<arg>${header}</arg>
<arg>${body}</arg>
<status status="PASS" start="2025-07-09T15:09:10.667059" elapsed="0.186343"/>
</kw>
<kw name="Set Variable" owner="BuiltIn">
<msg time="2025-07-09T15:09:10.853973" level="INFO">${authorization} = Bearer eyJhbGciOiJIUzI1NiIsInR5cCI6IkpXVCJ9.eyJlbWFpbCI6IndpbGxpYW1AdGVzdGUuY29tLmJyIiwicGFzc3dvcmQiOiJ0ZXN0ZTEyMzQ1NiIsImlhdCI6MTc1MjA4NDU1MSwiZXhwIjoxNzUyMDg1MTUxfQ.yigVvwspY9MvaJEiLjFR-6C0Wingt9qqZ...</msg>
<var>${authorization}</var>
<arg>${response.json()['authorization']}</arg>
<doc>Returns the given values which can then be assigned to a variables.</doc>
<status status="PASS" start="2025-07-09T15:09:10.853540" elapsed="0.000459"/>
</kw>
<kw name="Create File" owner="OperatingSystem">
<msg time="2025-07-09T15:09:10.854783" level="INFO" html="true">Created file '&lt;a href="file://C:\Users\willi\Desktop\projeto_api_serverest\TempFiles\token.txt"&gt;C:\Users\willi\Desktop\projeto_api_serverest\TempFiles\token.txt&lt;/a&gt;'.</msg>
<arg>${EXECDIR}/TempFiles/token.txt</arg>
<arg>${authorization}</arg>
<doc>Creates a file with the given content and encoding.</doc>
<status status="PASS" start="2025-07-09T15:09:10.854092" elapsed="0.000756"/>
</kw>
<kw name="Set Global Variable" owner="BuiltIn">
<msg time="2025-07-09T15:09:10.855154" level="INFO">${TOKEN} = Bearer eyJhbGciOiJIUzI1NiIsInR5cCI6IkpXVCJ9.eyJlbWFpbCI6IndpbGxpYW1AdGVzdGUuY29tLmJyIiwicGFzc3dvcmQiOiJ0ZXN0ZTEyMzQ1NiIsImlhdCI6MTc1MjA4NDU1MSwiZXhwIjoxNzUyMDg1MTUxfQ.yigVvwspY9MvaJEiLjFR-6C0Wingt9qqZ...</msg>
<arg>${TOKEN}</arg>
<arg>${authorization}</arg>
<doc>Makes a variable available globally in all tests and suites.</doc>
<status status="PASS" start="2025-07-09T15:09:10.854976" elapsed="0.000220"/>
</kw>
<kw name="Dictionary Should Contain Value" owner="Collections">
<arg>${response.json()}</arg>
<arg>Login realizado com sucesso</arg>
<doc>Fails if ``value`` is not found from ``dictionary``.</doc>
<status status="PASS" start="2025-07-09T15:09:10.855294" elapsed="0.000303"/>
</kw>
<status status="PASS" start="2025-07-09T15:09:10.666131" elapsed="0.189514"/>
</kw>
<status status="PASS" start="2025-07-09T15:09:10.251005" elapsed="0.604671"/>
</kw>
<test id="s1-s2-t1" name="Cadastrar Produto Com Dados Válidos" line="12">
<kw name="Cadastrar Produto" owner="produtos">
<kw name="Criar Body Produto" owner="produtos">
<kw name="Create Dictionary" owner="BuiltIn">
[...]
 </msg>
<msg time="2025-07-09T15:09:23.419379" level="INFO">POST Response : url=https://serverest.dev/carrinhos 
 status=201, reason=Created 
 headers={'access-control-allow-origin': '*', 'x-dns-prefetch-control': 'off', 'x-frame-options': 'SAMEORIGIN', 'strict-transport-security': 'max-age=15552000; includeSubDomains', 'x-download-options': 'noopen', 'x-content-type-options': 'nosniff', 'x-xss-protection': '1; mode=block', 'content-type': 'application/json; charset=utf-8', 'x-cloud-trace-context': '8729e926861e09b53b172cc399394c5b', 'date': 'Wed, 09 Jul 2025 18:09:23 GMT', 'server': 'Google Frontend', 'Content-Length': '82'} 
 body={
    "message": "Cadastro realizado com sucesso",
    "_id": "StIxOpR1KcrTQD6u"
} 
 </msg>
<msg time="2025-07-09T15:09:23.419438" level="INFO">C:\Users\willi\Desktop\projeto_api_serverest\Venv\Lib\site-packages\urllib3\connectionpool.py:1097: InsecureRequestWarning: Unverified HTTPS request is being made to host 'serverest.dev'. Adding certificate verification is strongly advised. See: https://urllib3.readthedocs.io/en/latest/advanced-usage.html#tls-warnings
  warnings.warn(</msg>
<msg time="2025-07-09T15:09:23.420031" level="INFO">${response} = &lt;Response [201]&gt;</msg>
<var>${response}</var>
<arg>alias=ServeRest</arg>
<arg>url=${pagina}</arg>
<arg>headers=${header}</arg>
<arg>json=${body}</arg>
<arg>expected_status=${expected_status}</arg>
<doc>Sends a POST request on a previously created HTTP Session.</doc>
<status status="PASS" start="2025-07-09T15:09:23.231496" elapsed="0.188591"/>
</kw>
<return>
<value>${response}</value>
<status status="PASS" start="2025-07-09T15:09:23.420188" elapsed="0.000042"/>
</return>
<msg time="2025-07-09T15:09:23.420363" level="INFO">${response} = &lt;Response [201]&gt;</msg>
<var>${response}</var>
<arg>/carrinhos</arg>
<arg>201</arg>
<arg>${header}</arg>
<arg>${body}</arg>
<status status="PASS" start="2025-07-09T15:09:23.231294" elapsed="0.189092"/>
</kw>
<kw name="Set Variable" owner="BuiltIn">
<msg time="2025-07-09T15:09:23.420966" level="INFO">${id} = StIxOpR1KcrTQD6u</msg>
<var>${id}</var>
<arg>${response.json()['_id']}</arg>
<doc>Returns the given values which can then be assigned to a variables.</doc>
<status status="PASS" start="2025-07-09T15:09:23.420524" elapsed="0.000467"/>
</kw>
<kw name="Set Suite Variable" owner="BuiltIn">
<msg time="2025-07-09T15:09:23.421249" level="INFO">${ID_CARRINHO} = StIxOpR1KcrTQD6u</msg>
<arg>${ID_CARRINHO}</arg>
<arg>${id}</arg>
<doc>Makes a variable available everywhere within the scope of the current suite.</doc>
<status status="PASS" start="2025-07-09T15:09:23.421095" elapsed="0.000188"/>
</kw>
<kw name="Create File" owner="OperatingSystem">
<msg time="2025-07-09T15:09:23.421967" level="INFO" html="true">Created file '&lt;a href="file://C:\Users\willi\Desktop\projeto_api_serverest\TempFiles\id_carrinho.txt"&gt;C:\Users\willi\Desktop\projeto_api_serverest\TempFiles\id_carrinho.txt&lt;/a&gt;'.</msg>
<arg>${EXECDIR}/TempFiles/id_carrinho.txt</arg>
<arg>${id}</arg>
<doc>Creates a file with the given content and encoding.</doc>
<status status="PASS" start="2025-07-09T15:09:23.421369" elapsed="0.000644"/>
</kw>
<kw name="Dictionary Should Contain Value" owner="Collections">
<arg>${response.json()}</arg>
<arg>Cadastro realizado com sucesso</arg>
<doc>Fails if ``value`` is not found from ``dictionary``.</doc>
<status status="PASS" start="2025-07-09T15:09:23.422115" elapsed="0.000345"/>
</kw>
<status status="PASS" start="2025-07-09T15:09:23.229412" elapsed="0.193093"/>
</kw>
<kw name="Cancelar Compra Com Carrinho" owner="carrinho">
<kw name="Criar Header" owner="api_session">
<kw name="Create Dictionary" owner="BuiltIn">
<msg time="2025-07-09T15:09:23.423386" level="INFO">${header} = {'Content-Type': 'application/json', 'Authorization': 'Bearer eyJhbGciOiJIUzI1NiIsInR5cCI6IkpXVCJ9.eyJlbWFpbCI6IndpbGxpYW1AdGVzdGUuY29tLmJyIiwicGFzc3dvcmQiOiJ0ZXN0ZTEyMzQ1NiIsImlhdCI6MTc1MjA4NDU2MSwiZ...</msg>
<var>${header}</var>
<arg>Content-Type=application/json</arg>
<arg>Authorization=${token}</arg>
<doc>Creates and returns a dictionary based on the given ``items``.</doc>
<status status="PASS" start="2025-07-09T15:09:23.423211" elapsed="0.000195"/>
</kw>
<return>
<value>${header}</value>
<status status="PASS" start="2025-07-09T15:09:23.423441" elapsed="0.000019"/>
</return>
<msg time="2025-07-09T15:09:23.423539" level="INFO">${header} = {'Content-Type': 'application/json', 'Authorization': 'Bearer eyJhbGciOiJIUzI1NiIsInR5cCI6IkpXVCJ9.eyJlbWFpbCI6IndpbGxpYW1AdGVzdGUuY29tLmJyIiwicGFzc3dvcmQiOiJ0ZXN0ZTEyMzQ1NiIsImlhdCI6MTc1MjA4NDU2MSwiZ...</msg>
<var>${header}</var>
<arg>${TOKEN}</arg>
<status status="PASS" start="2025-07-09T15:09:23.422984" elapsed="0.000572"/>
</kw>
<kw name="Criar Response DELETE" owner="api_session">
<kw name="DELETE On Session" owner="RequestsLibrary">
<msg time="2025-07-09T15:09:23.610149" level="INFO">DELETE Request : url=https://serverest.dev/carrinhos/cancelar-compra 
 path_url=/carrinhos/cancelar-compra 
 headers={'User-Agent': 'python-requests/2.32.4', 'Accept-Encoding': 'gzip, deflate', 'Accept': '*/*', 'Connection': 'keep-alive', 'Content-Type': 'application/json', 'Authorization': 'Bearer eyJhbGciOiJIUzI1NiIsInR5cCI6IkpXVCJ9.eyJlbWFpbCI6IndpbGxpYW1AdGVzdGUuY29tLmJyIiwicGFzc3dvcmQiOiJ0ZXN0ZTEyMzQ1NiIsImlhdCI6MTc1MjA4NDU2MSwiZXhwIjoxNzUyMDg1MTYxfQ.6Xl7d6kylC0V1D4Y9JLnitKIqGsYf41tWWZBXb57g9g', 'Content-Length': '0'} 
 body=None 
 </msg>
<msg time="2025-07-09T15:09:23.610245" level="INFO">DELETE Response : url=https://serverest.dev/carrinhos/cancelar-compra 
 status=200, reason=OK 
 headers={'access-control-allow-origin': '*', 'x-dns-prefetch-control': 'off', 'x-frame-options': 'SAMEORIGIN', 'strict-transport-security': 'max-age=15552000; includeSubDomains', 'x-download-options': 'noopen', 'x-content-type-options': 'nosniff', 'x-xss-protection': '1; mode=block', 'content-type': 'application/json; charset=utf-8', 'x-cloud-trace-context': '679d06025401e03d3b172cc399394e19', 'date': 'Wed, 09 Jul 2025 18:09:23 GMT', 'server': 'Google Frontend', 'Content-Length': '86'} 
 body={
    "message": "Registro excluído com sucesso. Estoque dos produtos reabastecido"
} 
 </msg>
<msg time="2025-07-09T15:09:23.610309" level="INFO">C:\Users\willi\Desktop\projeto_api_serverest\Venv\Lib\site-packages\urllib3\connectionpool.py:1097: InsecureRequestWarning: Unverified HTTPS request is being made to host 'serverest.dev'. Adding certificate verification is strongly advised. See: https://urllib3.readthedocs.io/en/latest/advanced-usage.html#tls-warnings
  warnings.warn(</msg>
<msg time="2025-07-09T15:09:23.610694" level="INFO">${response} = &lt;Response [200]&gt;</msg>
<var>${response}</var>
<arg>alias=ServeRest</arg>
<arg>url=${pagina}</arg>
<arg>headers=${header}</arg>
<arg>expected_status=${expected_status}</arg>
<doc>Sends a DELETE request on a previously created HTTP Session.</doc>
<status status="PASS" start="2025-07-09T15:09:23.423831" elapsed="0.186909"/>
</kw>
<return>
<value>${response}</value>
<status status="PASS" start="2025-07-09T15:09:23.610863" elapsed="0.000038"/>
</return>
<msg time="2025-07-09T15:09:23.611021" level="INFO">${response} = &lt;Response [200]&gt;</msg>
<var>${response}</var>
<arg>/carrinhos/cancelar-compra</arg>
<arg>200</arg>
<arg>${header}</arg>
<status status="PASS" start="2025-07-09T15:09:23.423648" elapsed="0.187392"/>
</kw>
<kw name="Log" owner="BuiltIn">
<msg time="2025-07-09T15:09:23.612038" level="INFO">{'message': 'Registro excluído com sucesso. Estoque dos produtos reabastecido'}</msg>
<arg>${response.json()}</arg>
<doc>Logs the given message with the given level.</doc>
<status status="PASS" start="2025-07-09T15:09:23.611152" elapsed="0.000922"/>
</kw>
<kw name="Should Be Equal As Strings" owner="BuiltIn">
<arg>${response.json()['message']}</arg>
<arg>Registro excluído com sucesso. Estoque dos produtos reabastecido</arg>
<doc>Fails if objects are unequal after converting them to strings.</doc>
<status status="PASS" start="2025-07-09T15:09:23.612150" elapsed="0.000292"/>
</kw>
<status status="PASS" start="2025-07-09T15:09:23.422750" elapsed="0.189739"/>
</kw>
<status status="PASS" start="2025-07-09T15:09:23.229067" elapsed="0.383591"/>
</test>
<kw name="Encerrar Sessão e Deletar Usuario e Produto" owner="api_session" type="TEARDOWN">
<kw name="Deletar Produto" owner="produtos">
<kw name="Buscar Info em Temp Files" owner="api_session">
<kw name="Get File" owner="OperatingSystem">
<msg time="2025-07-09T15:09:23.613831" level="INFO" html="true">Getting file '&lt;a href="file://C:\Users\willi\Desktop\projeto_api_serverest\TempFiles\id_produto.txt"&gt;C:\Users\willi\Desktop\projeto_api_serverest\TempFiles\id_produto.txt&lt;/a&gt;'.</msg>
<msg time="2025-07-09T15:09:23.620175" level="INFO">${valor} = BaN9SkTu3kcWhA5K</msg>
<var>${valor}</var>
<arg>path=${EXECDIR}/TempFiles/${nome_do_arquivo}</arg>
<doc>Returns the contents of a specified file.</doc>
<status status="PASS" start="2025-07-09T15:09:23.613702" elapsed="0.006505"/>
</kw>
<return>
<value>${valor}</value>
<status status="PASS" start="2025-07-09T15:09:23.620261" elapsed="0.000032"/>
</return>
<msg time="2025-07-09T15:09:23.620416" level="INFO">${ID_PRODUTO} = BaN9SkTu3kcWhA5K</msg>
<var>${ID_PRODUTO}</var>
<arg>id_produto.txt</arg>
<status status="PASS" start="2025-07-09T15:09:23.613581" elapsed="0.006857"/>
</kw>
<kw name="Criar Header" owner="api_session">
<kw name="Create Dictionary" owner="BuiltIn">
<msg time="2025-07-09T15:09:23.620934" level="INFO">${header} = {'Content-Type': 'application/json', 'Authorization': 'Bearer eyJhbGciOiJIUzI1NiIsInR5cCI6IkpXVCJ9.eyJlbWFpbCI6IndpbGxpYW1AdGVzdGUuY29tLmJyIiwicGFzc3dvcmQiOiJ0ZXN0ZTEyMzQ1NiIsImlhdCI6MTc1MjA4NDU2MSwiZ...</msg>
<var>${header}</var>
<arg>Content-Type=application/json</arg>
<arg>Authorization=${token}</arg>
<doc>Creates and returns a dictionary based on the given ``items``.</doc>
<status status="PASS" start="2025-07-09T15:09:23.620782" elapsed="0.000173"/>
</kw>
<return>
<value>${header}</value>
<status status="PASS" start="2025-07-09T15:09:23.620992" elapsed="0.000019"/>
</return>
<msg time="2025-07-09T15:09:23.621091" level="INFO">${header} = {'Content-Type': 'application/json', 'Authorization': 'Bearer eyJhbGciOiJIUzI1NiIsInR5cCI6IkpXVCJ9.eyJlbWFpbCI6IndpbGxpYW1AdGVzdGUuY29tLmJyIiwicGFzc3dvcmQiOiJ0ZXN0ZTEyMzQ1NiIsImlhdCI6MTc1MjA4NDU2MSwiZ...</msg>
<var>${header}</var>
<arg>${TOKEN}</arg>
<status status="PASS" start="2025-07-09T15:09:23.620571" elapsed="0.000537"/>
</kw>
<kw name="Criar Response DELETE" owner="api_session">
<kw name="DELETE On Session" owner="RequestsLibrary">
<msg time="2025-07-09T15:09:23.827544" level="INFO">DELETE Request : url=https://serverest.dev/produtos/BaN9SkTu3kcWhA5K 
 path_url=/produtos/BaN9SkTu3kcWhA5K 
 headers={'User-Agent': 'python-requests/2.32.4', 'Accept-Encoding': 'gzip, deflate', 'Accept': '*/*', 'Connection': 'keep-alive', 'Content-Type': 'application/json', 'Authorization': 'Bearer eyJhbGciOiJIUzI1NiIsInR5cCI6IkpXVCJ9.eyJlbWFpbCI6IndpbGxpYW1AdGVzdGUuY29tLmJyIiwicGFzc3dvcmQiOiJ0ZXN0ZTEyMzQ1NiIsImlhdCI6MTc1MjA4NDU2MSwiZXhwIjoxNzUyMDg1MTYxfQ.6Xl7d6kylC0V1D4Y9JLnitKIqGsYf41tWWZBXb57g9g', 'Content-Length': '0'} 
 body=None 
 </msg>
<msg time="2025-07-09T15:09:23.827635" level="INFO">DELETE Response : url=https://serverest.dev/produtos/BaN9SkTu3kcWhA5K 
 status=200, reason=OK 
 headers={'access-control-allow-origin': '*', 'x-dns-prefetch-control': 'off', 'x-frame-options': 'SAMEORIGIN', 'strict-transport-security': 'max-age=15552000; includeSubDomains', 'x-download-options': 'noopen', 'x-content-type-options': 'nosniff', 'x-xss-protection': '1; mode=block', 'content-type': 'application/json; charset=utf-8', 'x-cloud-trace-context': '9c044fbd3a3f05cf3b172cc399394894', 'date': 'Wed, 09 Jul 2025 18:09:24 GMT', 'server': 'Google Frontend', 'Content-Length': '51'} 
 body={
    "message": "Registro excluído com sucesso"
} 
 </msg>
<msg time="2025-07-09T15:09:23.827699" level="INFO">C:\Users\willi\Desktop\projeto_api_serverest\Venv\Lib\site-packages\urllib3\connectionpool.py:1097: InsecureRequestWarning: Unverified HTTPS request is being made to host 'serverest.dev'. Adding certificate verification is strongly advised. See: https://urllib3.readthedocs.io/en/latest/advanced-usage.html#tls-warnings
  warnings.warn(</msg>
<msg time="2025-07-09T15:09:23.828095" level="INFO">${response} = &lt;Response [200]&gt;</msg>
<var>${response}</var>
<arg>alias=ServeRest</arg>
<arg>url=${pagina}</arg>
<arg>headers=${header}</arg>
<arg>expected_status=${expected_status}</arg>
<doc>Sends a DELETE request on a previously created HTTP Session.</doc>
<status status="PASS" start="2025-07-09T15:09:23.621375" elapsed="0.206770"/>
</kw>
<return>
<value>${response}</value>
<status status="PASS" start="2025-07-09T15:09:23.828240" elapsed="0.000044"/>
</return>
<msg time="2025-07-09T15:09:23.828413" level="INFO">${response} = &lt;Response [200]&gt;</msg>
<var>${response}</var>
<arg>/produtos/${ID_PRODUTO}</arg>
<arg>200</arg>
<arg>${header}</arg>
<status status="PASS" start="2025-07-09T15:09:23.621200" elapsed="0.207237"/>
</kw>
<kw name="Log" owner="BuiltIn">
<msg time="2025-07-09T15:09:23.828989" level="INFO">{'message': 'Registro excluído com sucesso'}</msg>
<arg>${response.json()}</arg>
<doc>Logs the given message with the given level.</doc>
<status status="PASS" start="2025-07-09T15:09:23.828574" elapsed="0.000458"/>
</kw>
<kw name="Should Be Equal As Strings" owner="BuiltIn">
<arg>${response.json()['message']}</arg>
<arg>Registro excluído com sucesso</arg>
<doc>Fails if objects are unequal after converting them to strings.</doc>
<status status="PASS" start="2025-07-09T15:09:23.829127" elapsed="0.000293"/>
</kw>
<status status="PASS" start="2025-07-09T15:09:23.613455" elapsed="0.216011"/>
</kw>
<kw name="Deletar Usuário" owner="usuario">
<kw name="Buscar Info em Temp Files" owner="api_session">
<kw name="Get File" owner="OperatingSystem">
<msg time="2025-07-09T15:09:23.829969" level="INFO" html="true">Getting file '&lt;a href="file://C:\Users\willi\Desktop\projeto_api_serverest\TempFiles\id_usuario.txt"&gt;C:\Users\willi\Desktop\projeto_api_serverest\TempFiles\id_usuario.txt&lt;/a&gt;'.</msg>
<msg time="2025-07-09T15:09:23.836389" level="INFO">${valor} = kEp9SF43y0ABaPln</msg>
<var>${valor}</var>
<arg>path=${EXECDIR}/TempFiles/${nome_do_arquivo}</arg>
<doc>Returns the contents of a specified file.</doc>
<status status="PASS" start="2025-07-09T15:09:23.829844" elapsed="0.006585"/>
</kw>
<return>
<value>${valor}</value>
<status status="PASS" start="2025-07-09T15:09:23.836478" elapsed="0.000039"/>
</return>
<msg time="2025-07-09T15:09:23.836631" level="INFO">${ID_USUARIO} = kEp9SF43y0ABaPln</msg>
<var>${ID_USUARIO}</var>
<arg>id_usuario.txt</arg>
<status status="PASS" start="2025-07-09T15:09:23.829721" elapsed="0.006932"/>
</kw>
<kw name="Criar Header" owner="api_session">
<kw name="Create Dictionary" owner="BuiltIn">
<msg time="2025-07-09T15:09:23.837209" level="INFO">${header} = {'Content-Type': 'application/json', 'Authorization': ''}</msg>
<var>${header}</var>
<arg>Content-Type=application/json</arg>
<arg>Authorization=${token}</arg>
<doc>Creates and returns a dictionary based on the given ``items``.</doc>
<status status="PASS" start="2025-07-09T15:09:23.837000" elapsed="0.000268"/>
</kw>
<return>
<value>${header}</value>
<status status="PASS" start="2025-07-09T15:09:23.837307" elapsed="0.000021"/>
</return>
<msg time="2025-07-09T15:09:23.837410" level="INFO">${header} = {'Content-Type': 'application/json', 'Authorization': ''}</msg>
<var>${header}</var>
<status status="PASS" start="2025-07-09T15:09:23.836786" elapsed="0.000642"/>
</kw>
<kw name="Criar Response DELETE" owner="api_session">
<kw name="DELETE On Session" owner="RequestsLibrary">
<msg time="2025-07-09T15:09:24.045512" level="INFO">DELETE Request : url=https://serverest.dev/usuarios/kEp9SF43y0ABaPln 
 path_url=/usuarios/kEp9SF43y0ABaPln 
 headers={'User-Agent': 'python-requests/2.32.4', 'Accept-Encoding': 'gzip, deflate', 'Accept': '*/*', 'Connection': 'keep-alive', 'Content-Type': 'application/json', 'Authorization': '', 'Content-Length': '0'} 
 body=None 
 </msg>
<msg time="2025-07-09T15:09:24.045600" level="INFO">DELETE Response : url=https://serverest.dev/usuarios/kEp9SF43y0ABaPln 
 status=200, reason=OK 
 headers={'access-control-allow-origin': '*', 'x-dns-prefetch-control': 'off', 'x-frame-options': 'SAMEORIGIN', 'strict-transport-security': 'max-age=15552000; includeSubDomains', 'x-download-options': 'noopen', 'x-content-type-options': 'nosniff', 'x-xss-protection': '1; mode=block', 'content-type': 'application/json; charset=utf-8', 'x-cloud-trace-context': '43c5949b9e8671263b172cc399394d65', 'date': 'Wed, 09 Jul 2025 18:09:24 GMT', 'server': 'Google Frontend', 'Content-Length': '51'} 
 body={
    "message": "Registro excluído com sucesso"
} 
 </msg>
<msg time="2025-07-09T15:09:24.045657" level="INFO">C:\Users\willi\Desktop\projeto_api_serverest\Venv\Lib\site-packages\urllib3\connectionpool.py:1097: InsecureRequestWarning: Unverified HTTPS request is being made to host 'serverest.dev'. Adding certificate verification is strongly advised. See: https://urllib3.readthedocs.io/en/latest/advanced-usage.html#tls-warnings
  warnings.warn(</msg>
<msg time="2025-07-09T15:09:24.046020" level="INFO">${response} = &lt;Response [200]&gt;</msg>
<var>${response}</var>
<arg>alias=ServeRest</arg>
<arg>url=${pagina}</arg>
<arg>headers=${header}</arg>
<arg>expected_status=${expected_status}</arg>
<doc>Sends a DELETE request on a previously created HTTP Session.</doc>
<status status="PASS" start="2025-07-09T15:09:23.837708" elapsed="0.208351"/>
</kw>
<return>
<value>${response}</value>
<status status="PASS" start="2025-07-09T15:09:24.046145" elapsed="0.000050"/>
</return>
<msg time="2025-07-09T15:09:24.046323" level="INFO">${response} = &lt;Response [200]&gt;</msg>
<var>${response}</var>
<arg>/usuarios/${ID_USUARIO}</arg>
<arg>200</arg>
<arg>${header}</arg>
<status status="PASS" start="2025-07-09T15:09:23.837523" elapsed="0.208824"/>
</kw>
<kw name="Dictionary Should Contain Value" owner="Collections">
<arg>${response.json()}</arg>
<arg>Registro excluído com sucesso</arg>
<doc>Fails if ``value`` is not found from ``dictionary``.</doc>
<status status="PASS" start="2025-07-09T15:09:24.046484" elapsed="0.000389"/>
</kw>
<status status="PASS" start="2025-07-09T15:09:23.829575" elapsed="0.217347"/>
</kw>
<kw name="Encerrar Sessão" owner="api_session">
<kw name="Delete All Sessions" owner="RequestsLibrary">
<msg time="2025-07-09T15:09:24.047186" level="INFO">Deleting All Sessions</msg>
<doc>Removes all the session objects</doc>
<status status="PASS" start="2025-07-09T15:09:24.047144" elapsed="0.000090"/>
</kw>
<status status="PASS" start="2025-07-09T15:09:24.047023" elapsed="0.000247"/>
</kw>
<status status="PASS" start="2025-07-09T15:09:23.613304" elapsed="0.433996"/>
</kw>
<status status="PASS" start="2025-07-09T15:09:20.624992" elapsed="3.422330"/>
</suite>
<status status="PASS" start="2025-07-09T15:09:07.233294" elapsed="16.814974"/>
</suite>
<statistics>
<total>
<stat pass="42" fail="0" skip="0">All Tests</stat>
</total>
<tag>
</tag>
<suite>
<stat name="Tests" id="s1" pass="42" fail="0" skip="0">Tests</stat>
<stat name="Test Produto Negativo" id="s1-s1" pass="7" fail="0" skip="0">Tests.Test Produto Negativo</stat>
<stat name="Test Produto Positivo" id="s1-s2" pass="5" fail="0" skip="0">Tests.Test Produto Positivo</stat>
<stat name="Test Usuario Negativo" id="s1-s3" pass="15" fail="0" skip="0">Tests.Test Usuario Negativo</stat>
<stat name="Test Usuario Positivo" id="s1-s4" pass="6" fail="0" skip="0">Tests.Test Usuario Positivo</stat>
<stat name="Teste Carrinho Negativo" id="s1-s5" pass="5" fail="0" skip="0">Tests.Teste Carrinho Negativo</stat>
<stat name="Teste Carrinho Positivo" id="s1-s6" pass="4" fail="0" skip="0">Tests.Teste Carrinho Positivo</stat>
</suite>
</statistics>
<errors>
</errors>
</robot>
